2021-08-25 14:34:01.621 [main] INFO  com.zmj.demo.DemoApplication - Starting DemoApplication using Java 1.8.0_241 on LAPTOP-T7NFK67M with PID 20904 (C:\work\git\515\demo\target\classes started by Administrator in C:\work\git\515\demo)
2021-08-25 14:34:01.624 [main] INFO  com.zmj.demo.DemoApplication - No active profile set, falling back to default profiles: default
2021-08-25 14:34:02.209 [main] INFO  o.s.d.r.config.RepositoryConfigurationDelegate - Multiple Spring Data modules found, entering strict repository configuration mode!
2021-08-25 14:34:02.211 [main] INFO  o.s.d.r.config.RepositoryConfigurationDelegate - Bootstrapping Spring Data Redis repositories in DEFAULT mode.
2021-08-25 14:34:02.245 [main] INFO  o.s.d.r.config.RepositoryConfigurationDelegate - Finished Spring Data repository scanning in 24 ms. Found 0 Redis repository interfaces.
2021-08-25 14:34:02.612 [main] INFO  o.s.boot.web.embedded.tomcat.TomcatWebServer - Tomcat initialized with port(s): 10090 (http)
2021-08-25 14:34:02.619 [main] INFO  org.apache.coyote.http11.Http11NioProtocol - Initializing ProtocolHandler ["http-nio-10090"]
2021-08-25 14:34:02.619 [main] INFO  org.apache.catalina.core.StandardService - Starting service [Tomcat]
2021-08-25 14:34:02.620 [main] INFO  org.apache.catalina.core.StandardEngine - Starting Servlet engine: [Apache Tomcat/9.0.46]
2021-08-25 14:34:02.737 [main] INFO  o.a.c.core.ContainerBase.[Tomcat].[localhost].[/] - Initializing Spring embedded WebApplicationContext
2021-08-25 14:34:02.737 [main] INFO  o.s.b.w.s.c.ServletWebServerApplicationContext - Root WebApplicationContext: initialization completed in 1081 ms
2021-08-25 14:34:03.802 [main] INFO  o.s.b.a.web.servlet.WelcomePageHandlerMapping - Adding welcome page: class path resource [static/index.html]
2021-08-25 14:34:04.136 [main] INFO  org.apache.kafka.clients.consumer.ConsumerConfig - ConsumerConfig values: 
	allow.auto.create.topics = true
	auto.commit.interval.ms = 1000
	auto.offset.reset = latest
	bootstrap.servers = [10.70.0.163:9092]
	check.crcs = true
	client.dns.lookup = use_all_dns_ips
	client.id = consumer-consumer_group1-1
	client.rack = 
	connections.max.idle.ms = 540000
	default.api.timeout.ms = 60000
	enable.auto.commit = true
	exclude.internal.topics = true
	fetch.max.bytes = 52428800
	fetch.max.wait.ms = 500
	fetch.min.bytes = 1
	group.id = consumer_group1
	group.instance.id = null
	heartbeat.interval.ms = 3000
	interceptor.classes = []
	internal.leave.group.on.close = true
	internal.throw.on.fetch.stable.offset.unsupported = false
	isolation.level = read_uncommitted
	key.deserializer = class org.apache.kafka.common.serialization.StringDeserializer
	max.partition.fetch.bytes = 1048576
	max.poll.interval.ms = 300000
	max.poll.records = 500
	metadata.max.age.ms = 300000
	metric.reporters = []
	metrics.num.samples = 2
	metrics.recording.level = INFO
	metrics.sample.window.ms = 30000
	partition.assignment.strategy = [class org.apache.kafka.clients.consumer.RangeAssignor]
	receive.buffer.bytes = 65536
	reconnect.backoff.max.ms = 1000
	reconnect.backoff.ms = 50
	request.timeout.ms = 30000
	retry.backoff.ms = 100
	sasl.client.callback.handler.class = null
	sasl.jaas.config = null
	sasl.kerberos.kinit.cmd = /usr/bin/kinit
	sasl.kerberos.min.time.before.relogin = 60000
	sasl.kerberos.service.name = null
	sasl.kerberos.ticket.renew.jitter = 0.05
	sasl.kerberos.ticket.renew.window.factor = 0.8
	sasl.login.callback.handler.class = null
	sasl.login.class = null
	sasl.login.refresh.buffer.seconds = 300
	sasl.login.refresh.min.period.seconds = 60
	sasl.login.refresh.window.factor = 0.8
	sasl.login.refresh.window.jitter = 0.05
	sasl.mechanism = GSSAPI
	security.protocol = PLAINTEXT
	security.providers = null
	send.buffer.bytes = 131072
	session.timeout.ms = 10000
	socket.connection.setup.timeout.max.ms = 127000
	socket.connection.setup.timeout.ms = 10000
	ssl.cipher.suites = null
	ssl.enabled.protocols = [TLSv1.2]
	ssl.endpoint.identification.algorithm = https
	ssl.engine.factory.class = null
	ssl.key.password = null
	ssl.keymanager.algorithm = SunX509
	ssl.keystore.certificate.chain = null
	ssl.keystore.key = null
	ssl.keystore.location = null
	ssl.keystore.password = null
	ssl.keystore.type = JKS
	ssl.protocol = TLSv1.2
	ssl.provider = null
	ssl.secure.random.implementation = null
	ssl.trustmanager.algorithm = PKIX
	ssl.truststore.certificates = null
	ssl.truststore.location = null
	ssl.truststore.password = null
	ssl.truststore.type = JKS
	value.deserializer = class org.apache.kafka.common.serialization.StringDeserializer

2021-08-25 14:34:04.213 [main] INFO  org.apache.kafka.common.utils.AppInfoParser - Kafka version: 2.7.1
2021-08-25 14:34:04.214 [main] INFO  org.apache.kafka.common.utils.AppInfoParser - Kafka commitId: 61dbce85d0d41457
2021-08-25 14:34:04.214 [main] INFO  org.apache.kafka.common.utils.AppInfoParser - Kafka startTimeMs: 1629873244212
2021-08-25 14:34:04.216 [main] INFO  org.apache.kafka.clients.consumer.KafkaConsumer - [Consumer clientId=consumer-consumer_group1-1, groupId=consumer_group1] Subscribed to topic(s): demo
2021-08-25 14:34:04.222 [main] INFO  org.apache.coyote.http11.Http11NioProtocol - Starting ProtocolHandler ["http-nio-10090"]
2021-08-25 14:34:04.256 [main] INFO  o.s.boot.web.embedded.tomcat.TomcatWebServer - Tomcat started on port(s): 10090 (http) with context path ''
2021-08-25 14:34:04.263 [main] INFO  com.zmj.demo.DemoApplication - Started DemoApplication in 3.166 seconds (JVM running for 4.428)
2021-08-25 14:34:04.500 [org.springframework.kafka.KafkaListenerEndpointContainer#0-0-C-1] INFO  org.apache.kafka.clients.Metadata - [Consumer clientId=consumer-consumer_group1-1, groupId=consumer_group1] Cluster ID: 1oN-OvpESU-x_TdCzum0wQ
2021-08-25 14:34:04.502 [org.springframework.kafka.KafkaListenerEndpointContainer#0-0-C-1] INFO  o.a.k.c.consumer.internals.AbstractCoordinator - [Consumer clientId=consumer-consumer_group1-1, groupId=consumer_group1] Discovered group coordinator datalake-test-kafka-03:9092 (id: 2147483644 rack: null)
2021-08-25 14:34:04.505 [org.springframework.kafka.KafkaListenerEndpointContainer#0-0-C-1] INFO  o.a.k.c.consumer.internals.AbstractCoordinator - [Consumer clientId=consumer-consumer_group1-1, groupId=consumer_group1] (Re-)joining group
2021-08-25 14:34:04.529 [org.springframework.kafka.KafkaListenerEndpointContainer#0-0-C-1] INFO  o.a.k.c.consumer.internals.AbstractCoordinator - [Consumer clientId=consumer-consumer_group1-1, groupId=consumer_group1] (Re-)joining group
2021-08-25 14:34:04.543 [org.springframework.kafka.KafkaListenerEndpointContainer#0-0-C-1] INFO  o.a.k.c.consumer.internals.AbstractCoordinator - [Consumer clientId=consumer-consumer_group1-1, groupId=consumer_group1] Successfully joined group with generation Generation{generationId=57, memberId='consumer-consumer_group1-1-00869332-a84d-4af1-9e21-40925e9ab7b2', protocol='range'}
2021-08-25 14:34:04.548 [org.springframework.kafka.KafkaListenerEndpointContainer#0-0-C-1] INFO  o.a.k.c.consumer.internals.ConsumerCoordinator - [Consumer clientId=consumer-consumer_group1-1, groupId=consumer_group1] Finished assignment for group at generation 57: {consumer-consumer_group1-1-00869332-a84d-4af1-9e21-40925e9ab7b2=Assignment(partitions=[demo-0, demo-1, demo-2, demo-3])}
2021-08-25 14:34:04.559 [org.springframework.kafka.KafkaListenerEndpointContainer#0-0-C-1] INFO  o.a.k.c.consumer.internals.AbstractCoordinator - [Consumer clientId=consumer-consumer_group1-1, groupId=consumer_group1] Successfully synced group in generation Generation{generationId=57, memberId='consumer-consumer_group1-1-00869332-a84d-4af1-9e21-40925e9ab7b2', protocol='range'}
2021-08-25 14:34:04.560 [org.springframework.kafka.KafkaListenerEndpointContainer#0-0-C-1] INFO  o.a.k.c.consumer.internals.ConsumerCoordinator - [Consumer clientId=consumer-consumer_group1-1, groupId=consumer_group1] Notifying assignor about the new Assignment(partitions=[demo-0, demo-1, demo-2, demo-3])
2021-08-25 14:34:04.562 [org.springframework.kafka.KafkaListenerEndpointContainer#0-0-C-1] INFO  o.a.k.c.consumer.internals.ConsumerCoordinator - [Consumer clientId=consumer-consumer_group1-1, groupId=consumer_group1] Adding newly assigned partitions: demo-0, demo-1, demo-2, demo-3
2021-08-25 14:34:04.575 [org.springframework.kafka.KafkaListenerEndpointContainer#0-0-C-1] INFO  o.a.k.c.consumer.internals.ConsumerCoordinator - [Consumer clientId=consumer-consumer_group1-1, groupId=consumer_group1] Setting offset for partition demo-0 to the committed offset FetchPosition{offset=0, offsetEpoch=Optional.empty, currentLeader=LeaderAndEpoch{leader=Optional[datalake-test-kafka-02:9092 (id: 2 rack: null)], epoch=0}}
2021-08-25 14:34:04.575 [org.springframework.kafka.KafkaListenerEndpointContainer#0-0-C-1] INFO  o.a.k.c.consumer.internals.ConsumerCoordinator - [Consumer clientId=consumer-consumer_group1-1, groupId=consumer_group1] Setting offset for partition demo-1 to the committed offset FetchPosition{offset=6, offsetEpoch=Optional.empty, currentLeader=LeaderAndEpoch{leader=Optional[datalake-test-kafka-03:9092 (id: 3 rack: null)], epoch=0}}
2021-08-25 14:34:04.575 [org.springframework.kafka.KafkaListenerEndpointContainer#0-0-C-1] INFO  o.a.k.c.consumer.internals.ConsumerCoordinator - [Consumer clientId=consumer-consumer_group1-1, groupId=consumer_group1] Setting offset for partition demo-2 to the committed offset FetchPosition{offset=0, offsetEpoch=Optional.empty, currentLeader=LeaderAndEpoch{leader=Optional[datalake-test-kafka-01:9092 (id: 1 rack: null)], epoch=0}}
2021-08-25 14:34:04.575 [org.springframework.kafka.KafkaListenerEndpointContainer#0-0-C-1] INFO  o.a.k.c.consumer.internals.ConsumerCoordinator - [Consumer clientId=consumer-consumer_group1-1, groupId=consumer_group1] Setting offset for partition demo-3 to the committed offset FetchPosition{offset=2, offsetEpoch=Optional.empty, currentLeader=LeaderAndEpoch{leader=Optional[datalake-test-kafka-02:9092 (id: 2 rack: null)], epoch=0}}
2021-08-25 14:34:04.576 [org.springframework.kafka.KafkaListenerEndpointContainer#0-0-C-1] INFO  o.s.kafka.listener.KafkaMessageListenerContainer - consumer_group1: partitions assigned: [demo-0, demo-1, demo-2, demo-3]
2021-08-25 14:34:25.370 [http-nio-10090-exec-1] INFO  o.a.c.core.ContainerBase.[Tomcat].[localhost].[/] - Initializing Spring DispatcherServlet 'dispatcherServlet'
2021-08-25 14:34:25.371 [http-nio-10090-exec-1] INFO  org.springframework.web.servlet.DispatcherServlet - Initializing Servlet 'dispatcherServlet'
2021-08-25 14:34:25.372 [http-nio-10090-exec-1] INFO  org.springframework.web.servlet.DispatcherServlet - Completed initialization in 1 ms
2021-08-25 14:34:38.125 [http-nio-10090-exec-8] INFO  com.zaxxer.hikari.HikariDataSource - HikariPool-1 - Starting...
2021-08-25 14:34:38.334 [http-nio-10090-exec-8] INFO  com.zaxxer.hikari.HikariDataSource - HikariPool-1 - Start completed.
2021-08-25 14:34:38.363 [http-nio-10090-exec-8] INFO  com.zmj.demo.controller.LoginController - 用户:ghw,密码:123456,登录时间为:1629873278363
2021-08-25 14:58:52.301 [http-nio-10090-exec-10] INFO  com.zmj.demo.controller.PlatformController - 项目列表请求参数:{"limit":10,"page":1}
2021-08-25 14:58:52.362 [http-nio-10090-exec-10] INFO  com.zmj.demo.controller.PlatformController - [PlatformChain(id=100000001, platform=傲林科技, project=MDS, module=仪表盘, ip=mds-test.allintechinc.com, state=无, creator=admin, createDate=Sun Jun 27 18:46:58 GMT+08:00 2021, updateDate=Sun Jun 27 18:46:58 GMT+08:00 2021), PlatformChain(id=100000000, platform=傲林科技, project=大数据治理平台, module=数据接入, ip=dg-test.allintechinc.com, state=无, creator=admin, createDate=Sun Jun 27 18:46:53 GMT+08:00 2021, updateDate=Sun Jun 27 18:46:53 GMT+08:00 2021)]
2021-08-25 15:40:44.685 [main] INFO  com.zmj.demo.DemoApplication - Starting DemoApplication using Java 1.8.0_241 on LAPTOP-T7NFK67M with PID 3296 (C:\work\git\515\demo\target\classes started by Administrator in C:\work\git\515\demo)
2021-08-25 15:40:44.688 [main] INFO  com.zmj.demo.DemoApplication - No active profile set, falling back to default profiles: default
2021-08-25 15:40:45.234 [main] INFO  o.s.d.r.config.RepositoryConfigurationDelegate - Multiple Spring Data modules found, entering strict repository configuration mode!
2021-08-25 15:40:45.236 [main] INFO  o.s.d.r.config.RepositoryConfigurationDelegate - Bootstrapping Spring Data Redis repositories in DEFAULT mode.
2021-08-25 15:40:45.270 [main] INFO  o.s.d.r.config.RepositoryConfigurationDelegate - Finished Spring Data repository scanning in 24 ms. Found 0 Redis repository interfaces.
2021-08-25 15:40:45.618 [main] INFO  o.s.boot.web.embedded.tomcat.TomcatWebServer - Tomcat initialized with port(s): 10090 (http)
2021-08-25 15:40:45.624 [main] INFO  org.apache.coyote.http11.Http11NioProtocol - Initializing ProtocolHandler ["http-nio-10090"]
2021-08-25 15:40:45.625 [main] INFO  org.apache.catalina.core.StandardService - Starting service [Tomcat]
2021-08-25 15:40:45.625 [main] INFO  org.apache.catalina.core.StandardEngine - Starting Servlet engine: [Apache Tomcat/9.0.46]
2021-08-25 15:40:45.733 [main] INFO  o.a.c.core.ContainerBase.[Tomcat].[localhost].[/] - Initializing Spring embedded WebApplicationContext
2021-08-25 15:40:45.733 [main] INFO  o.s.b.w.s.c.ServletWebServerApplicationContext - Root WebApplicationContext: initialization completed in 1012 ms
2021-08-25 15:40:46.716 [main] INFO  o.s.b.a.web.servlet.WelcomePageHandlerMapping - Adding welcome page: class path resource [static/index.html]
2021-08-25 15:40:47.043 [main] INFO  org.apache.kafka.clients.consumer.ConsumerConfig - ConsumerConfig values: 
	allow.auto.create.topics = true
	auto.commit.interval.ms = 1000
	auto.offset.reset = latest
	bootstrap.servers = [10.70.0.163:9092]
	check.crcs = true
	client.dns.lookup = use_all_dns_ips
	client.id = consumer-consumer_group1-1
	client.rack = 
	connections.max.idle.ms = 540000
	default.api.timeout.ms = 60000
	enable.auto.commit = true
	exclude.internal.topics = true
	fetch.max.bytes = 52428800
	fetch.max.wait.ms = 500
	fetch.min.bytes = 1
	group.id = consumer_group1
	group.instance.id = null
	heartbeat.interval.ms = 3000
	interceptor.classes = []
	internal.leave.group.on.close = true
	internal.throw.on.fetch.stable.offset.unsupported = false
	isolation.level = read_uncommitted
	key.deserializer = class org.apache.kafka.common.serialization.StringDeserializer
	max.partition.fetch.bytes = 1048576
	max.poll.interval.ms = 300000
	max.poll.records = 500
	metadata.max.age.ms = 300000
	metric.reporters = []
	metrics.num.samples = 2
	metrics.recording.level = INFO
	metrics.sample.window.ms = 30000
	partition.assignment.strategy = [class org.apache.kafka.clients.consumer.RangeAssignor]
	receive.buffer.bytes = 65536
	reconnect.backoff.max.ms = 1000
	reconnect.backoff.ms = 50
	request.timeout.ms = 30000
	retry.backoff.ms = 100
	sasl.client.callback.handler.class = null
	sasl.jaas.config = null
	sasl.kerberos.kinit.cmd = /usr/bin/kinit
	sasl.kerberos.min.time.before.relogin = 60000
	sasl.kerberos.service.name = null
	sasl.kerberos.ticket.renew.jitter = 0.05
	sasl.kerberos.ticket.renew.window.factor = 0.8
	sasl.login.callback.handler.class = null
	sasl.login.class = null
	sasl.login.refresh.buffer.seconds = 300
	sasl.login.refresh.min.period.seconds = 60
	sasl.login.refresh.window.factor = 0.8
	sasl.login.refresh.window.jitter = 0.05
	sasl.mechanism = GSSAPI
	security.protocol = PLAINTEXT
	security.providers = null
	send.buffer.bytes = 131072
	session.timeout.ms = 10000
	socket.connection.setup.timeout.max.ms = 127000
	socket.connection.setup.timeout.ms = 10000
	ssl.cipher.suites = null
	ssl.enabled.protocols = [TLSv1.2]
	ssl.endpoint.identification.algorithm = https
	ssl.engine.factory.class = null
	ssl.key.password = null
	ssl.keymanager.algorithm = SunX509
	ssl.keystore.certificate.chain = null
	ssl.keystore.key = null
	ssl.keystore.location = null
	ssl.keystore.password = null
	ssl.keystore.type = JKS
	ssl.protocol = TLSv1.2
	ssl.provider = null
	ssl.secure.random.implementation = null
	ssl.trustmanager.algorithm = PKIX
	ssl.truststore.certificates = null
	ssl.truststore.location = null
	ssl.truststore.password = null
	ssl.truststore.type = JKS
	value.deserializer = class org.apache.kafka.common.serialization.StringDeserializer

2021-08-25 15:40:47.095 [main] INFO  org.apache.kafka.common.utils.AppInfoParser - Kafka version: 2.7.1
2021-08-25 15:40:47.096 [main] INFO  org.apache.kafka.common.utils.AppInfoParser - Kafka commitId: 61dbce85d0d41457
2021-08-25 15:40:47.096 [main] INFO  org.apache.kafka.common.utils.AppInfoParser - Kafka startTimeMs: 1629877247094
2021-08-25 15:40:47.097 [main] INFO  org.apache.kafka.clients.consumer.KafkaConsumer - [Consumer clientId=consumer-consumer_group1-1, groupId=consumer_group1] Subscribed to topic(s): demo
2021-08-25 15:40:47.102 [main] INFO  org.apache.coyote.http11.Http11NioProtocol - Starting ProtocolHandler ["http-nio-10090"]
2021-08-25 15:40:47.141 [main] INFO  o.s.boot.web.embedded.tomcat.TomcatWebServer - Tomcat started on port(s): 10090 (http) with context path ''
2021-08-25 15:40:47.149 [main] INFO  com.zmj.demo.DemoApplication - Started DemoApplication in 2.924 seconds (JVM running for 4.007)
2021-08-25 15:40:47.321 [org.springframework.kafka.KafkaListenerEndpointContainer#0-0-C-1] INFO  org.apache.kafka.clients.Metadata - [Consumer clientId=consumer-consumer_group1-1, groupId=consumer_group1] Cluster ID: 1oN-OvpESU-x_TdCzum0wQ
2021-08-25 15:40:47.325 [org.springframework.kafka.KafkaListenerEndpointContainer#0-0-C-1] INFO  o.a.k.c.consumer.internals.AbstractCoordinator - [Consumer clientId=consumer-consumer_group1-1, groupId=consumer_group1] Discovered group coordinator datalake-test-kafka-03:9092 (id: 2147483644 rack: null)
2021-08-25 15:40:47.339 [org.springframework.kafka.KafkaListenerEndpointContainer#0-0-C-1] INFO  o.a.k.c.consumer.internals.AbstractCoordinator - [Consumer clientId=consumer-consumer_group1-1, groupId=consumer_group1] (Re-)joining group
2021-08-25 15:40:47.360 [org.springframework.kafka.KafkaListenerEndpointContainer#0-0-C-1] INFO  o.a.k.c.consumer.internals.AbstractCoordinator - [Consumer clientId=consumer-consumer_group1-1, groupId=consumer_group1] (Re-)joining group
2021-08-25 15:40:47.367 [org.springframework.kafka.KafkaListenerEndpointContainer#0-0-C-1] INFO  o.a.k.c.consumer.internals.AbstractCoordinator - [Consumer clientId=consumer-consumer_group1-1, groupId=consumer_group1] Successfully joined group with generation Generation{generationId=59, memberId='consumer-consumer_group1-1-1103d9cd-2b0a-45cb-8182-e3c95d65374d', protocol='range'}
2021-08-25 15:40:47.369 [org.springframework.kafka.KafkaListenerEndpointContainer#0-0-C-1] INFO  o.a.k.c.consumer.internals.ConsumerCoordinator - [Consumer clientId=consumer-consumer_group1-1, groupId=consumer_group1] Finished assignment for group at generation 59: {consumer-consumer_group1-1-1103d9cd-2b0a-45cb-8182-e3c95d65374d=Assignment(partitions=[demo-0, demo-1, demo-2, demo-3])}
2021-08-25 15:40:47.378 [org.springframework.kafka.KafkaListenerEndpointContainer#0-0-C-1] INFO  o.a.k.c.consumer.internals.AbstractCoordinator - [Consumer clientId=consumer-consumer_group1-1, groupId=consumer_group1] Successfully synced group in generation Generation{generationId=59, memberId='consumer-consumer_group1-1-1103d9cd-2b0a-45cb-8182-e3c95d65374d', protocol='range'}
2021-08-25 15:40:47.378 [org.springframework.kafka.KafkaListenerEndpointContainer#0-0-C-1] INFO  o.a.k.c.consumer.internals.ConsumerCoordinator - [Consumer clientId=consumer-consumer_group1-1, groupId=consumer_group1] Notifying assignor about the new Assignment(partitions=[demo-0, demo-1, demo-2, demo-3])
2021-08-25 15:40:47.380 [org.springframework.kafka.KafkaListenerEndpointContainer#0-0-C-1] INFO  o.a.k.c.consumer.internals.ConsumerCoordinator - [Consumer clientId=consumer-consumer_group1-1, groupId=consumer_group1] Adding newly assigned partitions: demo-0, demo-1, demo-2, demo-3
2021-08-25 15:40:47.390 [org.springframework.kafka.KafkaListenerEndpointContainer#0-0-C-1] INFO  o.a.k.c.consumer.internals.ConsumerCoordinator - [Consumer clientId=consumer-consumer_group1-1, groupId=consumer_group1] Setting offset for partition demo-0 to the committed offset FetchPosition{offset=0, offsetEpoch=Optional.empty, currentLeader=LeaderAndEpoch{leader=Optional[datalake-test-kafka-02:9092 (id: 2 rack: null)], epoch=0}}
2021-08-25 15:40:47.391 [org.springframework.kafka.KafkaListenerEndpointContainer#0-0-C-1] INFO  o.a.k.c.consumer.internals.ConsumerCoordinator - [Consumer clientId=consumer-consumer_group1-1, groupId=consumer_group1] Setting offset for partition demo-1 to the committed offset FetchPosition{offset=6, offsetEpoch=Optional.empty, currentLeader=LeaderAndEpoch{leader=Optional[datalake-test-kafka-03:9092 (id: 3 rack: null)], epoch=0}}
2021-08-25 15:40:47.391 [org.springframework.kafka.KafkaListenerEndpointContainer#0-0-C-1] INFO  o.a.k.c.consumer.internals.ConsumerCoordinator - [Consumer clientId=consumer-consumer_group1-1, groupId=consumer_group1] Setting offset for partition demo-2 to the committed offset FetchPosition{offset=0, offsetEpoch=Optional.empty, currentLeader=LeaderAndEpoch{leader=Optional[datalake-test-kafka-01:9092 (id: 1 rack: null)], epoch=0}}
2021-08-25 15:40:47.391 [org.springframework.kafka.KafkaListenerEndpointContainer#0-0-C-1] INFO  o.a.k.c.consumer.internals.ConsumerCoordinator - [Consumer clientId=consumer-consumer_group1-1, groupId=consumer_group1] Setting offset for partition demo-3 to the committed offset FetchPosition{offset=2, offsetEpoch=Optional.empty, currentLeader=LeaderAndEpoch{leader=Optional[datalake-test-kafka-02:9092 (id: 2 rack: null)], epoch=0}}
2021-08-25 15:40:47.392 [org.springframework.kafka.KafkaListenerEndpointContainer#0-0-C-1] INFO  o.s.kafka.listener.KafkaMessageListenerContainer - consumer_group1: partitions assigned: [demo-0, demo-1, demo-2, demo-3]
2021-08-25 15:40:53.922 [http-nio-10090-exec-1] INFO  o.a.c.core.ContainerBase.[Tomcat].[localhost].[/] - Initializing Spring DispatcherServlet 'dispatcherServlet'
2021-08-25 15:40:53.922 [http-nio-10090-exec-1] INFO  org.springframework.web.servlet.DispatcherServlet - Initializing Servlet 'dispatcherServlet'
2021-08-25 15:40:53.923 [http-nio-10090-exec-1] INFO  org.springframework.web.servlet.DispatcherServlet - Completed initialization in 0 ms
2021-08-25 15:40:57.031 [http-nio-10090-exec-4] INFO  com.zmj.demo.controller.PlatformController - 项目列表请求参数:{"limit":10,"page":1}
2021-08-25 15:40:57.084 [http-nio-10090-exec-4] INFO  com.zaxxer.hikari.HikariDataSource - HikariPool-1 - Starting...
2021-08-25 15:40:57.274 [http-nio-10090-exec-4] INFO  com.zaxxer.hikari.HikariDataSource - HikariPool-1 - Start completed.
2021-08-25 15:40:57.305 [http-nio-10090-exec-4] INFO  com.zmj.demo.controller.PlatformController - [PlatformChain(id=100000001, platform=傲林科技, project=MDS, module=仪表盘, ip=mds-test.allintechinc.com, state=无, creator=admin, createDate=Sun Jun 27 18:46:58 GMT+08:00 2021, updateDate=Sun Jun 27 18:46:58 GMT+08:00 2021), PlatformChain(id=100000000, platform=傲林科技, project=大数据治理平台, module=数据接入, ip=dg-test.allintechinc.com, state=无, creator=admin, createDate=Sun Jun 27 18:46:53 GMT+08:00 2021, updateDate=Sun Jun 27 18:46:53 GMT+08:00 2021)]
2021-08-25 15:42:08.283 [http-nio-10090-exec-8] INFO  com.zmj.demo.controller.PlatformController - 项目列表请求参数:{"limit":10,"page":1}
2021-08-25 15:42:08.289 [http-nio-10090-exec-8] INFO  com.zmj.demo.controller.PlatformController - [PlatformChain(id=100000001, platform=傲林科技, project=MDS, module=仪表盘, ip=mds-test.allintechinc.com, state=无, creator=admin, createDate=Sun Jun 27 18:46:58 GMT+08:00 2021, updateDate=Sun Jun 27 18:46:58 GMT+08:00 2021), PlatformChain(id=100000000, platform=傲林科技, project=大数据治理平台, module=数据接入, ip=dg-test.allintechinc.com, state=无, creator=admin, createDate=Sun Jun 27 18:46:53 GMT+08:00 2021, updateDate=Sun Jun 27 18:46:53 GMT+08:00 2021)]
2021-08-25 15:43:08.863 [http-nio-10090-exec-8] INFO  com.zmj.demo.controller.LoginController - 用户:ghw,密码:123456,登录时间为:1629877388863
2021-08-25 15:43:10.683 [http-nio-10090-exec-2] INFO  com.zmj.demo.controller.PlatformController - 项目列表请求参数:{"limit":10,"page":1}
2021-08-25 15:43:10.687 [http-nio-10090-exec-2] INFO  com.zmj.demo.controller.PlatformController - [PlatformChain(id=100000001, platform=傲林科技, project=MDS, module=仪表盘, ip=mds-test.allintechinc.com, state=无, creator=admin, createDate=Sun Jun 27 18:46:58 GMT+08:00 2021, updateDate=Sun Jun 27 18:46:58 GMT+08:00 2021), PlatformChain(id=100000000, platform=傲林科技, project=大数据治理平台, module=数据接入, ip=dg-test.allintechinc.com, state=无, creator=admin, createDate=Sun Jun 27 18:46:53 GMT+08:00 2021, updateDate=Sun Jun 27 18:46:53 GMT+08:00 2021)]
2021-08-25 15:44:36.309 [http-nio-10090-exec-8] INFO  com.zmj.demo.controller.PlatformController - 项目列表请求参数:{"limit":10,"page":1}
2021-08-25 15:44:36.313 [http-nio-10090-exec-8] INFO  com.zmj.demo.controller.PlatformController - [PlatformChain(id=100000003, platform=傲林科技, project=大数据分析平台, module=可视化数据集, ip=da-demo.allintechinc.com, state=test, creator=admin, createDate=Wed Aug 25 15:44:36 GMT+08:00 2021, updateDate=Wed Aug 25 15:44:36 GMT+08:00 2021), PlatformChain(id=100000001, platform=傲林科技, project=MDS, module=仪表盘, ip=mds-test.allintechinc.com, state=无, creator=admin, createDate=Sun Jun 27 18:46:58 GMT+08:00 2021, updateDate=Sun Jun 27 18:46:58 GMT+08:00 2021), PlatformChain(id=100000000, platform=傲林科技, project=大数据治理平台, module=数据接入, ip=dg-test.allintechinc.com, state=无, creator=admin, createDate=Sun Jun 27 18:46:53 GMT+08:00 2021, updateDate=Sun Jun 27 18:46:53 GMT+08:00 2021)]
2021-08-25 15:55:12.866 [http-nio-10090-exec-7] WARN  o.s.w.s.m.support.DefaultHandlerExceptionResolver - Resolved [org.springframework.web.bind.MissingServletRequestParameterException: Required request parameter 'id' for method parameter type Integer is not present]
2021-08-25 15:55:14.608 [http-nio-10090-exec-6] WARN  o.s.w.s.m.support.DefaultHandlerExceptionResolver - Resolved [org.springframework.web.bind.MissingServletRequestParameterException: Required request parameter 'id' for method parameter type Integer is not present]
2021-08-25 15:55:19.796 [http-nio-10090-exec-10] WARN  o.s.w.s.m.support.DefaultHandlerExceptionResolver - Resolved [org.springframework.web.bind.MissingServletRequestParameterException: Required request parameter 'id' for method parameter type Integer is not present]
2021-08-25 15:55:33.551 [http-nio-10090-exec-5] WARN  o.s.w.s.m.support.DefaultHandlerExceptionResolver - Resolved [org.springframework.web.bind.MissingServletRequestParameterException: Required request parameter 'id' for method parameter type Integer is not present]
2021-08-25 16:01:11.523 [main] INFO  com.zmj.demo.DemoApplication - Starting DemoApplication using Java 1.8.0_241 on LAPTOP-T7NFK67M with PID 22840 (C:\work\git\515\demo\target\classes started by Administrator in C:\work\git\515\demo)
2021-08-25 16:01:11.526 [main] INFO  com.zmj.demo.DemoApplication - No active profile set, falling back to default profiles: default
2021-08-25 16:01:12.067 [main] INFO  o.s.d.r.config.RepositoryConfigurationDelegate - Multiple Spring Data modules found, entering strict repository configuration mode!
2021-08-25 16:01:12.068 [main] INFO  o.s.d.r.config.RepositoryConfigurationDelegate - Bootstrapping Spring Data Redis repositories in DEFAULT mode.
2021-08-25 16:01:12.102 [main] INFO  o.s.d.r.config.RepositoryConfigurationDelegate - Finished Spring Data repository scanning in 24 ms. Found 0 Redis repository interfaces.
2021-08-25 16:01:12.443 [main] INFO  o.s.boot.web.embedded.tomcat.TomcatWebServer - Tomcat initialized with port(s): 10090 (http)
2021-08-25 16:01:12.449 [main] INFO  org.apache.coyote.http11.Http11NioProtocol - Initializing ProtocolHandler ["http-nio-10090"]
2021-08-25 16:01:12.450 [main] INFO  org.apache.catalina.core.StandardService - Starting service [Tomcat]
2021-08-25 16:01:12.450 [main] INFO  org.apache.catalina.core.StandardEngine - Starting Servlet engine: [Apache Tomcat/9.0.46]
2021-08-25 16:01:12.557 [main] INFO  o.a.c.core.ContainerBase.[Tomcat].[localhost].[/] - Initializing Spring embedded WebApplicationContext
2021-08-25 16:01:12.557 [main] INFO  o.s.b.w.s.c.ServletWebServerApplicationContext - Root WebApplicationContext: initialization completed in 997 ms
2021-08-25 16:01:13.523 [main] INFO  o.s.b.a.web.servlet.WelcomePageHandlerMapping - Adding welcome page: class path resource [static/index.html]
2021-08-25 16:01:13.860 [main] INFO  org.apache.kafka.clients.consumer.ConsumerConfig - ConsumerConfig values: 
	allow.auto.create.topics = true
	auto.commit.interval.ms = 1000
	auto.offset.reset = latest
	bootstrap.servers = [10.70.0.163:9092]
	check.crcs = true
	client.dns.lookup = use_all_dns_ips
	client.id = consumer-consumer_group1-1
	client.rack = 
	connections.max.idle.ms = 540000
	default.api.timeout.ms = 60000
	enable.auto.commit = true
	exclude.internal.topics = true
	fetch.max.bytes = 52428800
	fetch.max.wait.ms = 500
	fetch.min.bytes = 1
	group.id = consumer_group1
	group.instance.id = null
	heartbeat.interval.ms = 3000
	interceptor.classes = []
	internal.leave.group.on.close = true
	internal.throw.on.fetch.stable.offset.unsupported = false
	isolation.level = read_uncommitted
	key.deserializer = class org.apache.kafka.common.serialization.StringDeserializer
	max.partition.fetch.bytes = 1048576
	max.poll.interval.ms = 300000
	max.poll.records = 500
	metadata.max.age.ms = 300000
	metric.reporters = []
	metrics.num.samples = 2
	metrics.recording.level = INFO
	metrics.sample.window.ms = 30000
	partition.assignment.strategy = [class org.apache.kafka.clients.consumer.RangeAssignor]
	receive.buffer.bytes = 65536
	reconnect.backoff.max.ms = 1000
	reconnect.backoff.ms = 50
	request.timeout.ms = 30000
	retry.backoff.ms = 100
	sasl.client.callback.handler.class = null
	sasl.jaas.config = null
	sasl.kerberos.kinit.cmd = /usr/bin/kinit
	sasl.kerberos.min.time.before.relogin = 60000
	sasl.kerberos.service.name = null
	sasl.kerberos.ticket.renew.jitter = 0.05
	sasl.kerberos.ticket.renew.window.factor = 0.8
	sasl.login.callback.handler.class = null
	sasl.login.class = null
	sasl.login.refresh.buffer.seconds = 300
	sasl.login.refresh.min.period.seconds = 60
	sasl.login.refresh.window.factor = 0.8
	sasl.login.refresh.window.jitter = 0.05
	sasl.mechanism = GSSAPI
	security.protocol = PLAINTEXT
	security.providers = null
	send.buffer.bytes = 131072
	session.timeout.ms = 10000
	socket.connection.setup.timeout.max.ms = 127000
	socket.connection.setup.timeout.ms = 10000
	ssl.cipher.suites = null
	ssl.enabled.protocols = [TLSv1.2]
	ssl.endpoint.identification.algorithm = https
	ssl.engine.factory.class = null
	ssl.key.password = null
	ssl.keymanager.algorithm = SunX509
	ssl.keystore.certificate.chain = null
	ssl.keystore.key = null
	ssl.keystore.location = null
	ssl.keystore.password = null
	ssl.keystore.type = JKS
	ssl.protocol = TLSv1.2
	ssl.provider = null
	ssl.secure.random.implementation = null
	ssl.trustmanager.algorithm = PKIX
	ssl.truststore.certificates = null
	ssl.truststore.location = null
	ssl.truststore.password = null
	ssl.truststore.type = JKS
	value.deserializer = class org.apache.kafka.common.serialization.StringDeserializer

2021-08-25 16:01:13.918 [main] INFO  org.apache.kafka.common.utils.AppInfoParser - Kafka version: 2.7.1
2021-08-25 16:01:13.919 [main] INFO  org.apache.kafka.common.utils.AppInfoParser - Kafka commitId: 61dbce85d0d41457
2021-08-25 16:01:13.919 [main] INFO  org.apache.kafka.common.utils.AppInfoParser - Kafka startTimeMs: 1629878473917
2021-08-25 16:01:13.920 [main] INFO  org.apache.kafka.clients.consumer.KafkaConsumer - [Consumer clientId=consumer-consumer_group1-1, groupId=consumer_group1] Subscribed to topic(s): demo
2021-08-25 16:01:13.925 [main] INFO  org.apache.coyote.http11.Http11NioProtocol - Starting ProtocolHandler ["http-nio-10090"]
2021-08-25 16:01:13.963 [main] INFO  o.s.boot.web.embedded.tomcat.TomcatWebServer - Tomcat started on port(s): 10090 (http) with context path ''
2021-08-25 16:01:13.970 [main] INFO  com.zmj.demo.DemoApplication - Started DemoApplication in 2.93 seconds (JVM running for 4.064)
2021-08-25 16:01:14.129 [org.springframework.kafka.KafkaListenerEndpointContainer#0-0-C-1] INFO  org.apache.kafka.clients.Metadata - [Consumer clientId=consumer-consumer_group1-1, groupId=consumer_group1] Cluster ID: 1oN-OvpESU-x_TdCzum0wQ
2021-08-25 16:01:14.130 [org.springframework.kafka.KafkaListenerEndpointContainer#0-0-C-1] INFO  o.a.k.c.consumer.internals.AbstractCoordinator - [Consumer clientId=consumer-consumer_group1-1, groupId=consumer_group1] Discovered group coordinator datalake-test-kafka-03:9092 (id: 2147483644 rack: null)
2021-08-25 16:01:14.133 [org.springframework.kafka.KafkaListenerEndpointContainer#0-0-C-1] INFO  o.a.k.c.consumer.internals.AbstractCoordinator - [Consumer clientId=consumer-consumer_group1-1, groupId=consumer_group1] (Re-)joining group
2021-08-25 16:01:14.153 [org.springframework.kafka.KafkaListenerEndpointContainer#0-0-C-1] INFO  o.a.k.c.consumer.internals.AbstractCoordinator - [Consumer clientId=consumer-consumer_group1-1, groupId=consumer_group1] (Re-)joining group
2021-08-25 16:01:18.595 [org.springframework.kafka.KafkaListenerEndpointContainer#0-0-C-1] INFO  o.a.k.c.consumer.internals.AbstractCoordinator - [Consumer clientId=consumer-consumer_group1-1, groupId=consumer_group1] Successfully joined group with generation Generation{generationId=60, memberId='consumer-consumer_group1-1-f22e06de-5149-4cc0-aebf-e46fcd4f53f9', protocol='range'}
2021-08-25 16:01:18.597 [org.springframework.kafka.KafkaListenerEndpointContainer#0-0-C-1] INFO  o.a.k.c.consumer.internals.ConsumerCoordinator - [Consumer clientId=consumer-consumer_group1-1, groupId=consumer_group1] Finished assignment for group at generation 60: {consumer-consumer_group1-1-f22e06de-5149-4cc0-aebf-e46fcd4f53f9=Assignment(partitions=[demo-0, demo-1, demo-2, demo-3])}
2021-08-25 16:01:18.706 [org.springframework.kafka.KafkaListenerEndpointContainer#0-0-C-1] INFO  o.a.k.c.consumer.internals.AbstractCoordinator - [Consumer clientId=consumer-consumer_group1-1, groupId=consumer_group1] Successfully synced group in generation Generation{generationId=60, memberId='consumer-consumer_group1-1-f22e06de-5149-4cc0-aebf-e46fcd4f53f9', protocol='range'}
2021-08-25 16:01:18.707 [org.springframework.kafka.KafkaListenerEndpointContainer#0-0-C-1] INFO  o.a.k.c.consumer.internals.ConsumerCoordinator - [Consumer clientId=consumer-consumer_group1-1, groupId=consumer_group1] Notifying assignor about the new Assignment(partitions=[demo-0, demo-1, demo-2, demo-3])
2021-08-25 16:01:18.710 [org.springframework.kafka.KafkaListenerEndpointContainer#0-0-C-1] INFO  o.a.k.c.consumer.internals.ConsumerCoordinator - [Consumer clientId=consumer-consumer_group1-1, groupId=consumer_group1] Adding newly assigned partitions: demo-0, demo-1, demo-2, demo-3
2021-08-25 16:01:18.719 [org.springframework.kafka.KafkaListenerEndpointContainer#0-0-C-1] INFO  o.a.k.c.consumer.internals.ConsumerCoordinator - [Consumer clientId=consumer-consumer_group1-1, groupId=consumer_group1] Setting offset for partition demo-0 to the committed offset FetchPosition{offset=0, offsetEpoch=Optional.empty, currentLeader=LeaderAndEpoch{leader=Optional[datalake-test-kafka-02:9092 (id: 2 rack: null)], epoch=0}}
2021-08-25 16:01:18.720 [org.springframework.kafka.KafkaListenerEndpointContainer#0-0-C-1] INFO  o.a.k.c.consumer.internals.ConsumerCoordinator - [Consumer clientId=consumer-consumer_group1-1, groupId=consumer_group1] Setting offset for partition demo-1 to the committed offset FetchPosition{offset=6, offsetEpoch=Optional.empty, currentLeader=LeaderAndEpoch{leader=Optional[datalake-test-kafka-03:9092 (id: 3 rack: null)], epoch=0}}
2021-08-25 16:01:18.720 [org.springframework.kafka.KafkaListenerEndpointContainer#0-0-C-1] INFO  o.a.k.c.consumer.internals.ConsumerCoordinator - [Consumer clientId=consumer-consumer_group1-1, groupId=consumer_group1] Setting offset for partition demo-2 to the committed offset FetchPosition{offset=0, offsetEpoch=Optional.empty, currentLeader=LeaderAndEpoch{leader=Optional[datalake-test-kafka-01:9092 (id: 1 rack: null)], epoch=0}}
2021-08-25 16:01:18.720 [org.springframework.kafka.KafkaListenerEndpointContainer#0-0-C-1] INFO  o.a.k.c.consumer.internals.ConsumerCoordinator - [Consumer clientId=consumer-consumer_group1-1, groupId=consumer_group1] Setting offset for partition demo-3 to the committed offset FetchPosition{offset=2, offsetEpoch=Optional.empty, currentLeader=LeaderAndEpoch{leader=Optional[datalake-test-kafka-02:9092 (id: 2 rack: null)], epoch=0}}
2021-08-25 16:01:18.721 [org.springframework.kafka.KafkaListenerEndpointContainer#0-0-C-1] INFO  o.s.kafka.listener.KafkaMessageListenerContainer - consumer_group1: partitions assigned: [demo-0, demo-1, demo-2, demo-3]
2021-08-25 16:01:27.154 [http-nio-10090-exec-1] INFO  o.a.c.core.ContainerBase.[Tomcat].[localhost].[/] - Initializing Spring DispatcherServlet 'dispatcherServlet'
2021-08-25 16:01:27.154 [http-nio-10090-exec-1] INFO  org.springframework.web.servlet.DispatcherServlet - Initializing Servlet 'dispatcherServlet'
2021-08-25 16:01:27.155 [http-nio-10090-exec-1] INFO  org.springframework.web.servlet.DispatcherServlet - Completed initialization in 1 ms
2021-08-25 16:01:29.984 [http-nio-10090-exec-6] INFO  com.zmj.demo.controller.PlatformController - 项目列表请求参数:{"limit":10,"page":1}
2021-08-25 16:01:30.054 [http-nio-10090-exec-6] INFO  com.zaxxer.hikari.HikariDataSource - HikariPool-1 - Starting...
2021-08-25 16:01:30.247 [http-nio-10090-exec-6] INFO  com.zaxxer.hikari.HikariDataSource - HikariPool-1 - Start completed.
2021-08-25 16:01:30.282 [http-nio-10090-exec-6] INFO  com.zmj.demo.controller.PlatformController - [PlatformChain(id=100000003, platform=傲林科技, project=大数据分析平台, module=可视化数据集, ip=da-demo.allintechinc.com, state=test, creator=admin, createDate=Wed Aug 25 15:44:36 GMT+08:00 2021, updateDate=Wed Aug 25 15:44:36 GMT+08:00 2021), PlatformChain(id=100000001, platform=傲林科技, project=MDS, module=仪表盘, ip=mds-test.allintechinc.com, state=无, creator=admin, createDate=Sun Jun 27 18:46:58 GMT+08:00 2021, updateDate=Sun Jun 27 18:46:58 GMT+08:00 2021), PlatformChain(id=100000000, platform=傲林科技, project=大数据治理平台, module=数据接入, ip=dg-test.allintechinc.com, state=无, creator=admin, createDate=Sun Jun 27 18:46:53 GMT+08:00 2021, updateDate=Sun Jun 27 18:46:53 GMT+08:00 2021)]
2021-08-25 16:02:43.134 [main] INFO  com.zmj.demo.DemoApplication - Starting DemoApplication using Java 1.8.0_241 on LAPTOP-T7NFK67M with PID 21016 (C:\work\git\515\demo\target\classes started by Administrator in C:\work\git\515\demo)
2021-08-25 16:02:43.136 [main] INFO  com.zmj.demo.DemoApplication - No active profile set, falling back to default profiles: default
2021-08-25 16:02:43.688 [main] INFO  o.s.d.r.config.RepositoryConfigurationDelegate - Multiple Spring Data modules found, entering strict repository configuration mode!
2021-08-25 16:02:43.690 [main] INFO  o.s.d.r.config.RepositoryConfigurationDelegate - Bootstrapping Spring Data Redis repositories in DEFAULT mode.
2021-08-25 16:02:43.722 [main] INFO  o.s.d.r.config.RepositoryConfigurationDelegate - Finished Spring Data repository scanning in 23 ms. Found 0 Redis repository interfaces.
2021-08-25 16:02:44.077 [main] INFO  o.s.boot.web.embedded.tomcat.TomcatWebServer - Tomcat initialized with port(s): 10090 (http)
2021-08-25 16:02:44.084 [main] INFO  org.apache.coyote.http11.Http11NioProtocol - Initializing ProtocolHandler ["http-nio-10090"]
2021-08-25 16:02:44.084 [main] INFO  org.apache.catalina.core.StandardService - Starting service [Tomcat]
2021-08-25 16:02:44.085 [main] INFO  org.apache.catalina.core.StandardEngine - Starting Servlet engine: [Apache Tomcat/9.0.46]
2021-08-25 16:02:44.192 [main] INFO  o.a.c.core.ContainerBase.[Tomcat].[localhost].[/] - Initializing Spring embedded WebApplicationContext
2021-08-25 16:02:44.192 [main] INFO  o.s.b.w.s.c.ServletWebServerApplicationContext - Root WebApplicationContext: initialization completed in 1023 ms
2021-08-25 16:02:45.186 [main] INFO  o.s.b.a.web.servlet.WelcomePageHandlerMapping - Adding welcome page: class path resource [static/index.html]
2021-08-25 16:02:45.521 [main] INFO  org.apache.kafka.clients.consumer.ConsumerConfig - ConsumerConfig values: 
	allow.auto.create.topics = true
	auto.commit.interval.ms = 1000
	auto.offset.reset = latest
	bootstrap.servers = [10.70.0.163:9092]
	check.crcs = true
	client.dns.lookup = use_all_dns_ips
	client.id = consumer-consumer_group1-1
	client.rack = 
	connections.max.idle.ms = 540000
	default.api.timeout.ms = 60000
	enable.auto.commit = true
	exclude.internal.topics = true
	fetch.max.bytes = 52428800
	fetch.max.wait.ms = 500
	fetch.min.bytes = 1
	group.id = consumer_group1
	group.instance.id = null
	heartbeat.interval.ms = 3000
	interceptor.classes = []
	internal.leave.group.on.close = true
	internal.throw.on.fetch.stable.offset.unsupported = false
	isolation.level = read_uncommitted
	key.deserializer = class org.apache.kafka.common.serialization.StringDeserializer
	max.partition.fetch.bytes = 1048576
	max.poll.interval.ms = 300000
	max.poll.records = 500
	metadata.max.age.ms = 300000
	metric.reporters = []
	metrics.num.samples = 2
	metrics.recording.level = INFO
	metrics.sample.window.ms = 30000
	partition.assignment.strategy = [class org.apache.kafka.clients.consumer.RangeAssignor]
	receive.buffer.bytes = 65536
	reconnect.backoff.max.ms = 1000
	reconnect.backoff.ms = 50
	request.timeout.ms = 30000
	retry.backoff.ms = 100
	sasl.client.callback.handler.class = null
	sasl.jaas.config = null
	sasl.kerberos.kinit.cmd = /usr/bin/kinit
	sasl.kerberos.min.time.before.relogin = 60000
	sasl.kerberos.service.name = null
	sasl.kerberos.ticket.renew.jitter = 0.05
	sasl.kerberos.ticket.renew.window.factor = 0.8
	sasl.login.callback.handler.class = null
	sasl.login.class = null
	sasl.login.refresh.buffer.seconds = 300
	sasl.login.refresh.min.period.seconds = 60
	sasl.login.refresh.window.factor = 0.8
	sasl.login.refresh.window.jitter = 0.05
	sasl.mechanism = GSSAPI
	security.protocol = PLAINTEXT
	security.providers = null
	send.buffer.bytes = 131072
	session.timeout.ms = 10000
	socket.connection.setup.timeout.max.ms = 127000
	socket.connection.setup.timeout.ms = 10000
	ssl.cipher.suites = null
	ssl.enabled.protocols = [TLSv1.2]
	ssl.endpoint.identification.algorithm = https
	ssl.engine.factory.class = null
	ssl.key.password = null
	ssl.keymanager.algorithm = SunX509
	ssl.keystore.certificate.chain = null
	ssl.keystore.key = null
	ssl.keystore.location = null
	ssl.keystore.password = null
	ssl.keystore.type = JKS
	ssl.protocol = TLSv1.2
	ssl.provider = null
	ssl.secure.random.implementation = null
	ssl.trustmanager.algorithm = PKIX
	ssl.truststore.certificates = null
	ssl.truststore.location = null
	ssl.truststore.password = null
	ssl.truststore.type = JKS
	value.deserializer = class org.apache.kafka.common.serialization.StringDeserializer

2021-08-25 16:02:45.572 [main] INFO  org.apache.kafka.common.utils.AppInfoParser - Kafka version: 2.7.1
2021-08-25 16:02:45.573 [main] INFO  org.apache.kafka.common.utils.AppInfoParser - Kafka commitId: 61dbce85d0d41457
2021-08-25 16:02:45.573 [main] INFO  org.apache.kafka.common.utils.AppInfoParser - Kafka startTimeMs: 1629878565571
2021-08-25 16:02:45.574 [main] INFO  org.apache.kafka.clients.consumer.KafkaConsumer - [Consumer clientId=consumer-consumer_group1-1, groupId=consumer_group1] Subscribed to topic(s): demo
2021-08-25 16:02:45.579 [main] INFO  org.apache.coyote.http11.Http11NioProtocol - Starting ProtocolHandler ["http-nio-10090"]
2021-08-25 16:02:45.615 [main] INFO  o.s.boot.web.embedded.tomcat.TomcatWebServer - Tomcat started on port(s): 10090 (http) with context path ''
2021-08-25 16:02:45.622 [main] INFO  com.zmj.demo.DemoApplication - Started DemoApplication in 2.965 seconds (JVM running for 4.116)
2021-08-25 16:02:45.786 [org.springframework.kafka.KafkaListenerEndpointContainer#0-0-C-1] INFO  org.apache.kafka.clients.Metadata - [Consumer clientId=consumer-consumer_group1-1, groupId=consumer_group1] Cluster ID: 1oN-OvpESU-x_TdCzum0wQ
2021-08-25 16:02:45.795 [org.springframework.kafka.KafkaListenerEndpointContainer#0-0-C-1] INFO  o.a.k.c.consumer.internals.AbstractCoordinator - [Consumer clientId=consumer-consumer_group1-1, groupId=consumer_group1] Discovered group coordinator datalake-test-kafka-03:9092 (id: 2147483644 rack: null)
2021-08-25 16:02:45.799 [org.springframework.kafka.KafkaListenerEndpointContainer#0-0-C-1] INFO  o.a.k.c.consumer.internals.AbstractCoordinator - [Consumer clientId=consumer-consumer_group1-1, groupId=consumer_group1] (Re-)joining group
2021-08-25 16:02:45.823 [org.springframework.kafka.KafkaListenerEndpointContainer#0-0-C-1] INFO  o.a.k.c.consumer.internals.AbstractCoordinator - [Consumer clientId=consumer-consumer_group1-1, groupId=consumer_group1] (Re-)joining group
2021-08-25 16:02:49.839 [org.springframework.kafka.KafkaListenerEndpointContainer#0-0-C-1] INFO  o.a.k.c.consumer.internals.AbstractCoordinator - [Consumer clientId=consumer-consumer_group1-1, groupId=consumer_group1] Successfully joined group with generation Generation{generationId=61, memberId='consumer-consumer_group1-1-64014028-621b-45e2-845a-5bc9981960e5', protocol='range'}
2021-08-25 16:02:49.844 [org.springframework.kafka.KafkaListenerEndpointContainer#0-0-C-1] INFO  o.a.k.c.consumer.internals.ConsumerCoordinator - [Consumer clientId=consumer-consumer_group1-1, groupId=consumer_group1] Finished assignment for group at generation 61: {consumer-consumer_group1-1-64014028-621b-45e2-845a-5bc9981960e5=Assignment(partitions=[demo-0, demo-1, demo-2, demo-3])}
2021-08-25 16:02:49.861 [org.springframework.kafka.KafkaListenerEndpointContainer#0-0-C-1] INFO  o.a.k.c.consumer.internals.AbstractCoordinator - [Consumer clientId=consumer-consumer_group1-1, groupId=consumer_group1] Successfully synced group in generation Generation{generationId=61, memberId='consumer-consumer_group1-1-64014028-621b-45e2-845a-5bc9981960e5', protocol='range'}
2021-08-25 16:02:49.862 [org.springframework.kafka.KafkaListenerEndpointContainer#0-0-C-1] INFO  o.a.k.c.consumer.internals.ConsumerCoordinator - [Consumer clientId=consumer-consumer_group1-1, groupId=consumer_group1] Notifying assignor about the new Assignment(partitions=[demo-0, demo-1, demo-2, demo-3])
2021-08-25 16:02:49.864 [org.springframework.kafka.KafkaListenerEndpointContainer#0-0-C-1] INFO  o.a.k.c.consumer.internals.ConsumerCoordinator - [Consumer clientId=consumer-consumer_group1-1, groupId=consumer_group1] Adding newly assigned partitions: demo-0, demo-1, demo-2, demo-3
2021-08-25 16:02:49.876 [org.springframework.kafka.KafkaListenerEndpointContainer#0-0-C-1] INFO  o.a.k.c.consumer.internals.ConsumerCoordinator - [Consumer clientId=consumer-consumer_group1-1, groupId=consumer_group1] Setting offset for partition demo-0 to the committed offset FetchPosition{offset=0, offsetEpoch=Optional.empty, currentLeader=LeaderAndEpoch{leader=Optional[datalake-test-kafka-02:9092 (id: 2 rack: null)], epoch=0}}
2021-08-25 16:02:49.876 [org.springframework.kafka.KafkaListenerEndpointContainer#0-0-C-1] INFO  o.a.k.c.consumer.internals.ConsumerCoordinator - [Consumer clientId=consumer-consumer_group1-1, groupId=consumer_group1] Setting offset for partition demo-1 to the committed offset FetchPosition{offset=6, offsetEpoch=Optional.empty, currentLeader=LeaderAndEpoch{leader=Optional[datalake-test-kafka-03:9092 (id: 3 rack: null)], epoch=0}}
2021-08-25 16:02:49.876 [org.springframework.kafka.KafkaListenerEndpointContainer#0-0-C-1] INFO  o.a.k.c.consumer.internals.ConsumerCoordinator - [Consumer clientId=consumer-consumer_group1-1, groupId=consumer_group1] Setting offset for partition demo-2 to the committed offset FetchPosition{offset=0, offsetEpoch=Optional.empty, currentLeader=LeaderAndEpoch{leader=Optional[datalake-test-kafka-01:9092 (id: 1 rack: null)], epoch=0}}
2021-08-25 16:02:49.876 [org.springframework.kafka.KafkaListenerEndpointContainer#0-0-C-1] INFO  o.a.k.c.consumer.internals.ConsumerCoordinator - [Consumer clientId=consumer-consumer_group1-1, groupId=consumer_group1] Setting offset for partition demo-3 to the committed offset FetchPosition{offset=2, offsetEpoch=Optional.empty, currentLeader=LeaderAndEpoch{leader=Optional[datalake-test-kafka-02:9092 (id: 2 rack: null)], epoch=0}}
2021-08-25 16:02:49.877 [org.springframework.kafka.KafkaListenerEndpointContainer#0-0-C-1] INFO  o.s.kafka.listener.KafkaMessageListenerContainer - consumer_group1: partitions assigned: [demo-0, demo-1, demo-2, demo-3]
2021-08-25 16:02:50.799 [http-nio-10090-exec-1] INFO  o.a.c.core.ContainerBase.[Tomcat].[localhost].[/] - Initializing Spring DispatcherServlet 'dispatcherServlet'
2021-08-25 16:02:50.800 [http-nio-10090-exec-1] INFO  org.springframework.web.servlet.DispatcherServlet - Initializing Servlet 'dispatcherServlet'
2021-08-25 16:02:50.801 [http-nio-10090-exec-1] INFO  org.springframework.web.servlet.DispatcherServlet - Completed initialization in 1 ms
2021-08-25 16:02:52.246 [http-nio-10090-exec-6] INFO  com.zmj.demo.controller.PlatformController - 项目列表请求参数:{"limit":10,"page":1}
2021-08-25 16:02:52.316 [http-nio-10090-exec-6] INFO  com.zaxxer.hikari.HikariDataSource - HikariPool-1 - Starting...
2021-08-25 16:02:52.522 [http-nio-10090-exec-6] INFO  com.zaxxer.hikari.HikariDataSource - HikariPool-1 - Start completed.
2021-08-25 16:02:52.561 [http-nio-10090-exec-6] INFO  com.zmj.demo.controller.PlatformController - [PlatformChain(id=100000000, platform=傲林科技, project=大数据治理平台, module=数据接入, ip=dg-test.allintechinc.com, state=无, creator=admin, createDate=Sun Jun 27 18:46:53 GMT+08:00 2021, updateDate=Wed Aug 25 16:02:13 GMT+08:00 2021), PlatformChain(id=100000003, platform=傲林科技, project=大数据分析平台, module=可视化数据集, ip=da-demo.allintechinc.com, state=test, creator=admin, createDate=Wed Aug 25 15:44:36 GMT+08:00 2021, updateDate=Wed Aug 25 15:44:36 GMT+08:00 2021), PlatformChain(id=100000001, platform=傲林科技, project=MDS, module=仪表盘, ip=mds-test.allintechinc.com, state=无, creator=admin, createDate=Sun Jun 27 18:46:58 GMT+08:00 2021, updateDate=Sun Jun 27 18:46:58 GMT+08:00 2021)]
2021-08-25 16:02:58.873 [http-nio-10090-exec-9] INFO  com.zmj.demo.controller.PlatformController - 项目列表请求参数:{"limit":10,"page":1}
2021-08-25 16:02:58.878 [http-nio-10090-exec-9] INFO  com.zmj.demo.controller.PlatformController - [PlatformChain(id=100000003, platform=傲林科技, project=大数据分析平台, module=可视化数据集, ip=da-demo.allintechinc.com, state=test, creator=admin, createDate=Wed Aug 25 15:44:36 GMT+08:00 2021, updateDate=Wed Aug 25 15:44:36 GMT+08:00 2021), PlatformChain(id=100000001, platform=傲林科技, project=MDS, module=仪表盘, ip=mds-test.allintechinc.com, state=无, creator=admin, createDate=Sun Jun 27 18:46:58 GMT+08:00 2021, updateDate=Sun Jun 27 18:46:58 GMT+08:00 2021)]
2021-08-25 16:03:58.260 [http-nio-10090-exec-2] INFO  com.zmj.demo.controller.PlatformController - 项目列表请求参数:{"limit":10,"page":1}
2021-08-25 16:03:58.266 [http-nio-10090-exec-2] INFO  com.zmj.demo.controller.PlatformController - [PlatformChain(id=100000000, platform=傲林科技, project=大数据治理平台, module=数据接入, ip=dg-test.allintechinc.com, state=无, creator=admin, createDate=Sun Jun 27 18:46:53 GMT+08:00 2021, updateDate=Wed Aug 25 16:02:58 GMT+08:00 2021), PlatformChain(id=100000003, platform=傲林科技, project=大数据分析平台, module=可视化数据集, ip=da-demo.allintechinc.com, state=test, creator=admin, createDate=Wed Aug 25 15:44:36 GMT+08:00 2021, updateDate=Wed Aug 25 15:44:36 GMT+08:00 2021), PlatformChain(id=100000002, platform=傲林科技, project=大数据治理平台, module=数据处理, ip=dg-test.allintechinc.com, state=无, creator=admin, createDate=Thu Jul 08 20:30:01 GMT+08:00 2021, updateDate=Thu Jul 08 20:30:01 GMT+08:00 2021), PlatformChain(id=100000001, platform=傲林科技, project=MDS, module=仪表盘, ip=mds-test.allintechinc.com, state=无, creator=admin, createDate=Sun Jun 27 18:46:58 GMT+08:00 2021, updateDate=Sun Jun 27 18:46:58 GMT+08:00 2021)]
2021-08-25 16:04:04.844 [http-nio-10090-exec-4] INFO  com.zmj.demo.controller.PlatformController - 项目列表请求参数:{"limit":1,"page":1}
2021-08-25 16:04:04.849 [http-nio-10090-exec-4] INFO  com.zmj.demo.controller.PlatformController - [PlatformChain(id=100000000, platform=傲林科技, project=大数据治理平台, module=数据接入, ip=dg-test.allintechinc.com, state=无, creator=admin, createDate=Sun Jun 27 18:46:53 GMT+08:00 2021, updateDate=Wed Aug 25 16:02:58 GMT+08:00 2021)]
2021-08-25 16:04:06.763 [http-nio-10090-exec-3] INFO  com.zmj.demo.controller.PlatformController - 项目列表请求参数:{"limit":1,"page":2}
2021-08-25 16:04:06.769 [http-nio-10090-exec-3] INFO  com.zmj.demo.controller.PlatformController - [PlatformChain(id=100000003, platform=傲林科技, project=大数据分析平台, module=可视化数据集, ip=da-demo.allintechinc.com, state=test, creator=admin, createDate=Wed Aug 25 15:44:36 GMT+08:00 2021, updateDate=Wed Aug 25 15:44:36 GMT+08:00 2021)]
2021-08-25 16:04:07.390 [http-nio-10090-exec-5] INFO  com.zmj.demo.controller.PlatformController - 项目列表请求参数:{"limit":1,"page":3}
2021-08-25 16:04:07.394 [http-nio-10090-exec-5] INFO  com.zmj.demo.controller.PlatformController - [PlatformChain(id=100000002, platform=傲林科技, project=大数据治理平台, module=数据处理, ip=dg-test.allintechinc.com, state=无, creator=admin, createDate=Thu Jul 08 20:30:01 GMT+08:00 2021, updateDate=Thu Jul 08 20:30:01 GMT+08:00 2021)]
2021-08-25 16:04:08.119 [http-nio-10090-exec-7] INFO  com.zmj.demo.controller.PlatformController - 项目列表请求参数:{"limit":1,"page":4}
2021-08-25 16:04:08.125 [http-nio-10090-exec-7] INFO  com.zmj.demo.controller.PlatformController - [PlatformChain(id=100000001, platform=傲林科技, project=MDS, module=仪表盘, ip=mds-test.allintechinc.com, state=无, creator=admin, createDate=Sun Jun 27 18:46:58 GMT+08:00 2021, updateDate=Sun Jun 27 18:46:58 GMT+08:00 2021)]
2021-08-25 16:04:10.048 [http-nio-10090-exec-6] INFO  com.zmj.demo.controller.PlatformController - 项目列表请求参数:{"limit":5,"page":1}
2021-08-25 16:04:10.054 [http-nio-10090-exec-6] INFO  com.zmj.demo.controller.PlatformController - [PlatformChain(id=100000000, platform=傲林科技, project=大数据治理平台, module=数据接入, ip=dg-test.allintechinc.com, state=无, creator=admin, createDate=Sun Jun 27 18:46:53 GMT+08:00 2021, updateDate=Wed Aug 25 16:02:58 GMT+08:00 2021), PlatformChain(id=100000003, platform=傲林科技, project=大数据分析平台, module=可视化数据集, ip=da-demo.allintechinc.com, state=test, creator=admin, createDate=Wed Aug 25 15:44:36 GMT+08:00 2021, updateDate=Wed Aug 25 15:44:36 GMT+08:00 2021), PlatformChain(id=100000002, platform=傲林科技, project=大数据治理平台, module=数据处理, ip=dg-test.allintechinc.com, state=无, creator=admin, createDate=Thu Jul 08 20:30:01 GMT+08:00 2021, updateDate=Thu Jul 08 20:30:01 GMT+08:00 2021), PlatformChain(id=100000001, platform=傲林科技, project=MDS, module=仪表盘, ip=mds-test.allintechinc.com, state=无, creator=admin, createDate=Sun Jun 27 18:46:58 GMT+08:00 2021, updateDate=Sun Jun 27 18:46:58 GMT+08:00 2021)]
