2021-09-15 15:29:15.217 [main] INFO  com.zmj.demo.DemoApplication - Starting DemoApplication using Java 1.8.0_241 on LAPTOP-T7NFK67M with PID 107908 (C:\work\git\515\demo\target\classes started by Administrator in C:\work\git\515\demo)
2021-09-15 15:29:15.221 [main] INFO  com.zmj.demo.DemoApplication - No active profile set, falling back to default profiles: default
2021-09-15 15:29:16.134 [main] INFO  o.s.d.r.config.RepositoryConfigurationDelegate - Multiple Spring Data modules found, entering strict repository configuration mode!
2021-09-15 15:29:16.137 [main] INFO  o.s.d.r.config.RepositoryConfigurationDelegate - Bootstrapping Spring Data Redis repositories in DEFAULT mode.
2021-09-15 15:29:16.187 [main] INFO  o.s.d.r.config.RepositoryConfigurationDelegate - Finished Spring Data repository scanning in 34 ms. Found 0 Redis repository interfaces.
2021-09-15 15:29:16.656 [main] INFO  o.s.boot.web.embedded.tomcat.TomcatWebServer - Tomcat initialized with port(s): 10090 (http)
2021-09-15 15:29:16.665 [main] INFO  org.apache.coyote.http11.Http11NioProtocol - Initializing ProtocolHandler ["http-nio-10090"]
2021-09-15 15:29:16.665 [main] INFO  org.apache.catalina.core.StandardService - Starting service [Tomcat]
2021-09-15 15:29:16.665 [main] INFO  org.apache.catalina.core.StandardEngine - Starting Servlet engine: [Apache Tomcat/9.0.46]
2021-09-15 15:29:16.817 [main] INFO  o.a.c.core.ContainerBase.[Tomcat].[localhost].[/] - Initializing Spring embedded WebApplicationContext
2021-09-15 15:29:16.817 [main] INFO  o.s.b.w.s.c.ServletWebServerApplicationContext - Root WebApplicationContext: initialization completed in 1539 ms
2021-09-15 15:29:18.071 [main] INFO  o.s.b.a.web.servlet.WelcomePageHandlerMapping - Adding welcome page: class path resource [static/index.html]
2021-09-15 15:29:18.541 [main] INFO  org.apache.kafka.clients.consumer.ConsumerConfig - ConsumerConfig values: 
	allow.auto.create.topics = true
	auto.commit.interval.ms = 1000
	auto.offset.reset = latest
	bootstrap.servers = [10.70.0.163:9092]
	check.crcs = true
	client.dns.lookup = use_all_dns_ips
	client.id = consumer-consumer_group1-1
	client.rack = 
	connections.max.idle.ms = 540000
	default.api.timeout.ms = 60000
	enable.auto.commit = true
	exclude.internal.topics = true
	fetch.max.bytes = 52428800
	fetch.max.wait.ms = 500
	fetch.min.bytes = 1
	group.id = consumer_group1
	group.instance.id = null
	heartbeat.interval.ms = 3000
	interceptor.classes = []
	internal.leave.group.on.close = true
	internal.throw.on.fetch.stable.offset.unsupported = false
	isolation.level = read_uncommitted
	key.deserializer = class org.apache.kafka.common.serialization.StringDeserializer
	max.partition.fetch.bytes = 1048576
	max.poll.interval.ms = 300000
	max.poll.records = 500
	metadata.max.age.ms = 300000
	metric.reporters = []
	metrics.num.samples = 2
	metrics.recording.level = INFO
	metrics.sample.window.ms = 30000
	partition.assignment.strategy = [class org.apache.kafka.clients.consumer.RangeAssignor]
	receive.buffer.bytes = 65536
	reconnect.backoff.max.ms = 1000
	reconnect.backoff.ms = 50
	request.timeout.ms = 30000
	retry.backoff.ms = 100
	sasl.client.callback.handler.class = null
	sasl.jaas.config = null
	sasl.kerberos.kinit.cmd = /usr/bin/kinit
	sasl.kerberos.min.time.before.relogin = 60000
	sasl.kerberos.service.name = null
	sasl.kerberos.ticket.renew.jitter = 0.05
	sasl.kerberos.ticket.renew.window.factor = 0.8
	sasl.login.callback.handler.class = null
	sasl.login.class = null
	sasl.login.refresh.buffer.seconds = 300
	sasl.login.refresh.min.period.seconds = 60
	sasl.login.refresh.window.factor = 0.8
	sasl.login.refresh.window.jitter = 0.05
	sasl.mechanism = GSSAPI
	security.protocol = PLAINTEXT
	security.providers = null
	send.buffer.bytes = 131072
	session.timeout.ms = 10000
	socket.connection.setup.timeout.max.ms = 127000
	socket.connection.setup.timeout.ms = 10000
	ssl.cipher.suites = null
	ssl.enabled.protocols = [TLSv1.2]
	ssl.endpoint.identification.algorithm = https
	ssl.engine.factory.class = null
	ssl.key.password = null
	ssl.keymanager.algorithm = SunX509
	ssl.keystore.certificate.chain = null
	ssl.keystore.key = null
	ssl.keystore.location = null
	ssl.keystore.password = null
	ssl.keystore.type = JKS
	ssl.protocol = TLSv1.2
	ssl.provider = null
	ssl.secure.random.implementation = null
	ssl.trustmanager.algorithm = PKIX
	ssl.truststore.certificates = null
	ssl.truststore.location = null
	ssl.truststore.password = null
	ssl.truststore.type = JKS
	value.deserializer = class org.apache.kafka.common.serialization.StringDeserializer

2021-09-15 15:29:18.613 [main] INFO  org.apache.kafka.common.utils.AppInfoParser - Kafka version: 2.7.1
2021-09-15 15:29:18.614 [main] INFO  org.apache.kafka.common.utils.AppInfoParser - Kafka commitId: 61dbce85d0d41457
2021-09-15 15:29:18.614 [main] INFO  org.apache.kafka.common.utils.AppInfoParser - Kafka startTimeMs: 1631690958611
2021-09-15 15:29:18.616 [main] INFO  org.apache.kafka.clients.consumer.KafkaConsumer - [Consumer clientId=consumer-consumer_group1-1, groupId=consumer_group1] Subscribed to topic(s): demo
2021-09-15 15:29:18.623 [main] INFO  org.apache.coyote.http11.Http11NioProtocol - Starting ProtocolHandler ["http-nio-10090"]
2021-09-15 15:29:18.659 [main] INFO  o.s.boot.web.embedded.tomcat.TomcatWebServer - Tomcat started on port(s): 10090 (http) with context path ''
2021-09-15 15:29:18.667 [main] INFO  com.zmj.demo.DemoApplication - Started DemoApplication in 4.364 seconds (JVM running for 6.844)
2021-09-15 15:29:18.984 [org.springframework.kafka.KafkaListenerEndpointContainer#0-0-C-1] INFO  org.apache.kafka.clients.Metadata - [Consumer clientId=consumer-consumer_group1-1, groupId=consumer_group1] Cluster ID: 1oN-OvpESU-x_TdCzum0wQ
2021-09-15 15:29:18.986 [org.springframework.kafka.KafkaListenerEndpointContainer#0-0-C-1] INFO  o.a.k.c.consumer.internals.AbstractCoordinator - [Consumer clientId=consumer-consumer_group1-1, groupId=consumer_group1] Discovered group coordinator datalake-test-kafka-03:9092 (id: 2147483644 rack: null)
2021-09-15 15:29:18.990 [org.springframework.kafka.KafkaListenerEndpointContainer#0-0-C-1] INFO  o.a.k.c.consumer.internals.AbstractCoordinator - [Consumer clientId=consumer-consumer_group1-1, groupId=consumer_group1] (Re-)joining group
2021-09-15 15:29:19.012 [org.springframework.kafka.KafkaListenerEndpointContainer#0-0-C-1] INFO  o.a.k.c.consumer.internals.AbstractCoordinator - [Consumer clientId=consumer-consumer_group1-1, groupId=consumer_group1] (Re-)joining group
2021-09-15 15:29:19.018 [org.springframework.kafka.KafkaListenerEndpointContainer#0-0-C-1] INFO  o.a.k.c.consumer.internals.AbstractCoordinator - [Consumer clientId=consumer-consumer_group1-1, groupId=consumer_group1] Successfully joined group with generation Generation{generationId=324, memberId='consumer-consumer_group1-1-4c774b8c-cdb7-48bd-94e5-5c78ca53fff9', protocol='range'}
2021-09-15 15:29:19.021 [org.springframework.kafka.KafkaListenerEndpointContainer#0-0-C-1] INFO  o.a.k.c.consumer.internals.ConsumerCoordinator - [Consumer clientId=consumer-consumer_group1-1, groupId=consumer_group1] Finished assignment for group at generation 324: {consumer-consumer_group1-1-4c774b8c-cdb7-48bd-94e5-5c78ca53fff9=Assignment(partitions=[demo-0, demo-1, demo-2, demo-3])}
2021-09-15 15:29:19.032 [org.springframework.kafka.KafkaListenerEndpointContainer#0-0-C-1] INFO  o.a.k.c.consumer.internals.AbstractCoordinator - [Consumer clientId=consumer-consumer_group1-1, groupId=consumer_group1] Successfully synced group in generation Generation{generationId=324, memberId='consumer-consumer_group1-1-4c774b8c-cdb7-48bd-94e5-5c78ca53fff9', protocol='range'}
2021-09-15 15:29:19.034 [org.springframework.kafka.KafkaListenerEndpointContainer#0-0-C-1] INFO  o.a.k.c.consumer.internals.ConsumerCoordinator - [Consumer clientId=consumer-consumer_group1-1, groupId=consumer_group1] Notifying assignor about the new Assignment(partitions=[demo-0, demo-1, demo-2, demo-3])
2021-09-15 15:29:19.036 [org.springframework.kafka.KafkaListenerEndpointContainer#0-0-C-1] INFO  o.a.k.c.consumer.internals.ConsumerCoordinator - [Consumer clientId=consumer-consumer_group1-1, groupId=consumer_group1] Adding newly assigned partitions: demo-0, demo-1, demo-2, demo-3
2021-09-15 15:29:19.052 [org.springframework.kafka.KafkaListenerEndpointContainer#0-0-C-1] INFO  o.a.k.c.consumer.internals.ConsumerCoordinator - [Consumer clientId=consumer-consumer_group1-1, groupId=consumer_group1] Setting offset for partition demo-0 to the committed offset FetchPosition{offset=0, offsetEpoch=Optional.empty, currentLeader=LeaderAndEpoch{leader=Optional[datalake-test-kafka-02:9092 (id: 2 rack: null)], epoch=2}}
2021-09-15 15:29:19.053 [org.springframework.kafka.KafkaListenerEndpointContainer#0-0-C-1] INFO  o.a.k.c.consumer.internals.ConsumerCoordinator - [Consumer clientId=consumer-consumer_group1-1, groupId=consumer_group1] Setting offset for partition demo-1 to the committed offset FetchPosition{offset=6, offsetEpoch=Optional.empty, currentLeader=LeaderAndEpoch{leader=Optional[datalake-test-kafka-03:9092 (id: 3 rack: null)], epoch=2}}
2021-09-15 15:29:19.053 [org.springframework.kafka.KafkaListenerEndpointContainer#0-0-C-1] INFO  o.a.k.c.consumer.internals.ConsumerCoordinator - [Consumer clientId=consumer-consumer_group1-1, groupId=consumer_group1] Setting offset for partition demo-2 to the committed offset FetchPosition{offset=0, offsetEpoch=Optional.empty, currentLeader=LeaderAndEpoch{leader=Optional[datalake-test-kafka-01:9092 (id: 1 rack: null)], epoch=2}}
2021-09-15 15:29:19.054 [org.springframework.kafka.KafkaListenerEndpointContainer#0-0-C-1] INFO  o.a.k.c.consumer.internals.ConsumerCoordinator - [Consumer clientId=consumer-consumer_group1-1, groupId=consumer_group1] Setting offset for partition demo-3 to the committed offset FetchPosition{offset=2, offsetEpoch=Optional.empty, currentLeader=LeaderAndEpoch{leader=Optional[datalake-test-kafka-02:9092 (id: 2 rack: null)], epoch=2}}
2021-09-15 15:29:19.055 [org.springframework.kafka.KafkaListenerEndpointContainer#0-0-C-1] INFO  o.s.kafka.listener.KafkaMessageListenerContainer - consumer_group1: partitions assigned: [demo-0, demo-1, demo-2, demo-3]
2021-09-15 15:30:06.384 [http-nio-10090-exec-1] INFO  o.a.c.core.ContainerBase.[Tomcat].[localhost].[/] - Initializing Spring DispatcherServlet 'dispatcherServlet'
2021-09-15 15:30:06.384 [http-nio-10090-exec-1] INFO  org.springframework.web.servlet.DispatcherServlet - Initializing Servlet 'dispatcherServlet'
2021-09-15 15:30:06.386 [http-nio-10090-exec-1] INFO  org.springframework.web.servlet.DispatcherServlet - Completed initialization in 1 ms
2021-09-15 15:30:36.532 [main] INFO  com.zmj.demo.DemoApplication - Starting DemoApplication using Java 1.8.0_241 on LAPTOP-T7NFK67M with PID 126484 (C:\work\git\515\demo\target\classes started by Administrator in C:\work\git\515\demo)
2021-09-15 15:30:36.534 [main] INFO  com.zmj.demo.DemoApplication - No active profile set, falling back to default profiles: default
2021-09-15 15:30:37.100 [main] INFO  o.s.d.r.config.RepositoryConfigurationDelegate - Multiple Spring Data modules found, entering strict repository configuration mode!
2021-09-15 15:30:37.102 [main] INFO  o.s.d.r.config.RepositoryConfigurationDelegate - Bootstrapping Spring Data Redis repositories in DEFAULT mode.
2021-09-15 15:30:37.137 [main] INFO  o.s.d.r.config.RepositoryConfigurationDelegate - Finished Spring Data repository scanning in 26 ms. Found 0 Redis repository interfaces.
2021-09-15 15:30:37.486 [main] INFO  o.s.boot.web.embedded.tomcat.TomcatWebServer - Tomcat initialized with port(s): 10090 (http)
2021-09-15 15:30:37.492 [main] INFO  org.apache.coyote.http11.Http11NioProtocol - Initializing ProtocolHandler ["http-nio-10090"]
2021-09-15 15:30:37.492 [main] INFO  org.apache.catalina.core.StandardService - Starting service [Tomcat]
2021-09-15 15:30:37.493 [main] INFO  org.apache.catalina.core.StandardEngine - Starting Servlet engine: [Apache Tomcat/9.0.46]
2021-09-15 15:30:37.610 [main] INFO  o.a.c.core.ContainerBase.[Tomcat].[localhost].[/] - Initializing Spring embedded WebApplicationContext
2021-09-15 15:30:37.610 [main] INFO  o.s.b.w.s.c.ServletWebServerApplicationContext - Root WebApplicationContext: initialization completed in 1036 ms
2021-09-15 15:30:38.594 [main] INFO  o.s.b.a.web.servlet.WelcomePageHandlerMapping - Adding welcome page: class path resource [static/index.html]
2021-09-15 15:30:38.918 [main] INFO  org.apache.kafka.clients.consumer.ConsumerConfig - ConsumerConfig values: 
	allow.auto.create.topics = true
	auto.commit.interval.ms = 1000
	auto.offset.reset = latest
	bootstrap.servers = [10.70.0.163:9092]
	check.crcs = true
	client.dns.lookup = use_all_dns_ips
	client.id = consumer-consumer_group1-1
	client.rack = 
	connections.max.idle.ms = 540000
	default.api.timeout.ms = 60000
	enable.auto.commit = true
	exclude.internal.topics = true
	fetch.max.bytes = 52428800
	fetch.max.wait.ms = 500
	fetch.min.bytes = 1
	group.id = consumer_group1
	group.instance.id = null
	heartbeat.interval.ms = 3000
	interceptor.classes = []
	internal.leave.group.on.close = true
	internal.throw.on.fetch.stable.offset.unsupported = false
	isolation.level = read_uncommitted
	key.deserializer = class org.apache.kafka.common.serialization.StringDeserializer
	max.partition.fetch.bytes = 1048576
	max.poll.interval.ms = 300000
	max.poll.records = 500
	metadata.max.age.ms = 300000
	metric.reporters = []
	metrics.num.samples = 2
	metrics.recording.level = INFO
	metrics.sample.window.ms = 30000
	partition.assignment.strategy = [class org.apache.kafka.clients.consumer.RangeAssignor]
	receive.buffer.bytes = 65536
	reconnect.backoff.max.ms = 1000
	reconnect.backoff.ms = 50
	request.timeout.ms = 30000
	retry.backoff.ms = 100
	sasl.client.callback.handler.class = null
	sasl.jaas.config = null
	sasl.kerberos.kinit.cmd = /usr/bin/kinit
	sasl.kerberos.min.time.before.relogin = 60000
	sasl.kerberos.service.name = null
	sasl.kerberos.ticket.renew.jitter = 0.05
	sasl.kerberos.ticket.renew.window.factor = 0.8
	sasl.login.callback.handler.class = null
	sasl.login.class = null
	sasl.login.refresh.buffer.seconds = 300
	sasl.login.refresh.min.period.seconds = 60
	sasl.login.refresh.window.factor = 0.8
	sasl.login.refresh.window.jitter = 0.05
	sasl.mechanism = GSSAPI
	security.protocol = PLAINTEXT
	security.providers = null
	send.buffer.bytes = 131072
	session.timeout.ms = 10000
	socket.connection.setup.timeout.max.ms = 127000
	socket.connection.setup.timeout.ms = 10000
	ssl.cipher.suites = null
	ssl.enabled.protocols = [TLSv1.2]
	ssl.endpoint.identification.algorithm = https
	ssl.engine.factory.class = null
	ssl.key.password = null
	ssl.keymanager.algorithm = SunX509
	ssl.keystore.certificate.chain = null
	ssl.keystore.key = null
	ssl.keystore.location = null
	ssl.keystore.password = null
	ssl.keystore.type = JKS
	ssl.protocol = TLSv1.2
	ssl.provider = null
	ssl.secure.random.implementation = null
	ssl.trustmanager.algorithm = PKIX
	ssl.truststore.certificates = null
	ssl.truststore.location = null
	ssl.truststore.password = null
	ssl.truststore.type = JKS
	value.deserializer = class org.apache.kafka.common.serialization.StringDeserializer

2021-09-15 15:30:38.969 [main] INFO  org.apache.kafka.common.utils.AppInfoParser - Kafka version: 2.7.1
2021-09-15 15:30:38.969 [main] INFO  org.apache.kafka.common.utils.AppInfoParser - Kafka commitId: 61dbce85d0d41457
2021-09-15 15:30:38.969 [main] INFO  org.apache.kafka.common.utils.AppInfoParser - Kafka startTimeMs: 1631691038968
2021-09-15 15:30:38.970 [main] INFO  org.apache.kafka.clients.consumer.KafkaConsumer - [Consumer clientId=consumer-consumer_group1-1, groupId=consumer_group1] Subscribed to topic(s): demo
2021-09-15 15:30:38.975 [main] INFO  org.apache.coyote.http11.Http11NioProtocol - Starting ProtocolHandler ["http-nio-10090"]
2021-09-15 15:30:39.003 [main] INFO  o.s.boot.web.embedded.tomcat.TomcatWebServer - Tomcat started on port(s): 10090 (http) with context path ''
2021-09-15 15:30:39.011 [main] INFO  com.zmj.demo.DemoApplication - Started DemoApplication in 2.959 seconds (JVM running for 4.116)
2021-09-15 15:30:39.192 [org.springframework.kafka.KafkaListenerEndpointContainer#0-0-C-1] INFO  org.apache.kafka.clients.Metadata - [Consumer clientId=consumer-consumer_group1-1, groupId=consumer_group1] Cluster ID: 1oN-OvpESU-x_TdCzum0wQ
2021-09-15 15:30:39.193 [org.springframework.kafka.KafkaListenerEndpointContainer#0-0-C-1] INFO  o.a.k.c.consumer.internals.AbstractCoordinator - [Consumer clientId=consumer-consumer_group1-1, groupId=consumer_group1] Discovered group coordinator datalake-test-kafka-03:9092 (id: 2147483644 rack: null)
2021-09-15 15:30:39.197 [org.springframework.kafka.KafkaListenerEndpointContainer#0-0-C-1] INFO  o.a.k.c.consumer.internals.AbstractCoordinator - [Consumer clientId=consumer-consumer_group1-1, groupId=consumer_group1] (Re-)joining group
2021-09-15 15:30:39.220 [org.springframework.kafka.KafkaListenerEndpointContainer#0-0-C-1] INFO  o.a.k.c.consumer.internals.AbstractCoordinator - [Consumer clientId=consumer-consumer_group1-1, groupId=consumer_group1] (Re-)joining group
2021-09-15 15:30:41.644 [org.springframework.kafka.KafkaListenerEndpointContainer#0-0-C-1] INFO  o.a.k.c.consumer.internals.AbstractCoordinator - [Consumer clientId=consumer-consumer_group1-1, groupId=consumer_group1] Successfully joined group with generation Generation{generationId=325, memberId='consumer-consumer_group1-1-a69e6a41-9f84-4d4f-a28c-b27773b89615', protocol='range'}
2021-09-15 15:30:41.646 [org.springframework.kafka.KafkaListenerEndpointContainer#0-0-C-1] INFO  o.a.k.c.consumer.internals.ConsumerCoordinator - [Consumer clientId=consumer-consumer_group1-1, groupId=consumer_group1] Finished assignment for group at generation 325: {consumer-consumer_group1-1-a69e6a41-9f84-4d4f-a28c-b27773b89615=Assignment(partitions=[demo-0, demo-1, demo-2, demo-3])}
2021-09-15 15:30:41.655 [org.springframework.kafka.KafkaListenerEndpointContainer#0-0-C-1] INFO  o.a.k.c.consumer.internals.AbstractCoordinator - [Consumer clientId=consumer-consumer_group1-1, groupId=consumer_group1] Successfully synced group in generation Generation{generationId=325, memberId='consumer-consumer_group1-1-a69e6a41-9f84-4d4f-a28c-b27773b89615', protocol='range'}
2021-09-15 15:30:41.656 [org.springframework.kafka.KafkaListenerEndpointContainer#0-0-C-1] INFO  o.a.k.c.consumer.internals.ConsumerCoordinator - [Consumer clientId=consumer-consumer_group1-1, groupId=consumer_group1] Notifying assignor about the new Assignment(partitions=[demo-0, demo-1, demo-2, demo-3])
2021-09-15 15:30:41.658 [org.springframework.kafka.KafkaListenerEndpointContainer#0-0-C-1] INFO  o.a.k.c.consumer.internals.ConsumerCoordinator - [Consumer clientId=consumer-consumer_group1-1, groupId=consumer_group1] Adding newly assigned partitions: demo-0, demo-1, demo-2, demo-3
2021-09-15 15:30:41.667 [org.springframework.kafka.KafkaListenerEndpointContainer#0-0-C-1] INFO  o.a.k.c.consumer.internals.ConsumerCoordinator - [Consumer clientId=consumer-consumer_group1-1, groupId=consumer_group1] Setting offset for partition demo-0 to the committed offset FetchPosition{offset=0, offsetEpoch=Optional.empty, currentLeader=LeaderAndEpoch{leader=Optional[datalake-test-kafka-02:9092 (id: 2 rack: null)], epoch=2}}
2021-09-15 15:30:41.668 [org.springframework.kafka.KafkaListenerEndpointContainer#0-0-C-1] INFO  o.a.k.c.consumer.internals.ConsumerCoordinator - [Consumer clientId=consumer-consumer_group1-1, groupId=consumer_group1] Setting offset for partition demo-1 to the committed offset FetchPosition{offset=6, offsetEpoch=Optional.empty, currentLeader=LeaderAndEpoch{leader=Optional[datalake-test-kafka-03:9092 (id: 3 rack: null)], epoch=2}}
2021-09-15 15:30:41.668 [org.springframework.kafka.KafkaListenerEndpointContainer#0-0-C-1] INFO  o.a.k.c.consumer.internals.ConsumerCoordinator - [Consumer clientId=consumer-consumer_group1-1, groupId=consumer_group1] Setting offset for partition demo-2 to the committed offset FetchPosition{offset=0, offsetEpoch=Optional.empty, currentLeader=LeaderAndEpoch{leader=Optional[datalake-test-kafka-01:9092 (id: 1 rack: null)], epoch=2}}
2021-09-15 15:30:41.668 [org.springframework.kafka.KafkaListenerEndpointContainer#0-0-C-1] INFO  o.a.k.c.consumer.internals.ConsumerCoordinator - [Consumer clientId=consumer-consumer_group1-1, groupId=consumer_group1] Setting offset for partition demo-3 to the committed offset FetchPosition{offset=2, offsetEpoch=Optional.empty, currentLeader=LeaderAndEpoch{leader=Optional[datalake-test-kafka-02:9092 (id: 2 rack: null)], epoch=2}}
2021-09-15 15:30:41.669 [org.springframework.kafka.KafkaListenerEndpointContainer#0-0-C-1] INFO  o.s.kafka.listener.KafkaMessageListenerContainer - consumer_group1: partitions assigned: [demo-0, demo-1, demo-2, demo-3]
2021-09-15 15:30:44.592 [http-nio-10090-exec-1] INFO  o.a.c.core.ContainerBase.[Tomcat].[localhost].[/] - Initializing Spring DispatcherServlet 'dispatcherServlet'
2021-09-15 15:30:44.593 [http-nio-10090-exec-1] INFO  org.springframework.web.servlet.DispatcherServlet - Initializing Servlet 'dispatcherServlet'
2021-09-15 15:30:44.598 [http-nio-10090-exec-1] INFO  org.springframework.web.servlet.DispatcherServlet - Completed initialization in 5 ms
2021-09-15 16:36:59.362 [http-nio-10090-exec-1] WARN  o.s.w.s.m.support.DefaultHandlerExceptionResolver - Resolved [org.springframework.web.HttpRequestMethodNotSupportedException: Request method 'GET' not supported]
2021-09-15 16:39:14.697 [http-nio-10090-exec-7] WARN  o.s.w.s.m.support.DefaultHandlerExceptionResolver - Resolved [org.springframework.web.HttpRequestMethodNotSupportedException: Request method 'GET' not supported]
2021-09-15 18:42:30.696 [org.springframework.kafka.KafkaListenerEndpointContainer#0-0-C-1] INFO  org.apache.kafka.clients.FetchSessionHandler - [Consumer clientId=consumer-consumer_group1-1, groupId=consumer_group1] Error sending fetch request (sessionId=121236395, epoch=16833) to node 3:
org.apache.kafka.common.errors.DisconnectException: null
2021-09-15 18:42:30.700 [kafka-coordinator-heartbeat-thread | consumer_group1] INFO  org.apache.kafka.clients.FetchSessionHandler - [Consumer clientId=consumer-consumer_group1-1, groupId=consumer_group1] Error sending fetch request (sessionId=477018028, epoch=16839) to node 1:
org.apache.kafka.common.errors.DisconnectException: null
2021-09-15 18:42:30.702 [kafka-coordinator-heartbeat-thread | consumer_group1] INFO  o.a.k.c.consumer.internals.AbstractCoordinator - [Consumer clientId=consumer-consumer_group1-1, groupId=consumer_group1] Group coordinator datalake-test-kafka-03:9092 (id: 2147483644 rack: null) is unavailable or invalid due to cause: null.isDisconnected: true. Rediscovery will be attempted.
2021-09-15 18:42:30.701 [org.springframework.kafka.KafkaListenerEndpointContainer#0-0-C-1] INFO  org.apache.kafka.clients.FetchSessionHandler - [Consumer clientId=consumer-consumer_group1-1, groupId=consumer_group1] Error sending fetch request (sessionId=1452091, epoch=16834) to node 2:
org.apache.kafka.common.errors.DisconnectException: null
2021-09-15 18:42:31.143 [org.springframework.kafka.KafkaListenerEndpointContainer#0-0-C-1] WARN  org.apache.kafka.clients.NetworkClient - [Consumer clientId=consumer-consumer_group1-1, groupId=consumer_group1] Connection to node 1 (datalake-test-kafka-01/10.70.0.163:9092) could not be established. Broker may not be available.
2021-09-15 18:42:31.300 [org.springframework.kafka.KafkaListenerEndpointContainer#0-0-C-1] WARN  org.apache.kafka.clients.NetworkClient - [Consumer clientId=consumer-consumer_group1-1, groupId=consumer_group1] Connection to node 2 (datalake-test-kafka-02/10.70.0.164:9092) could not be established. Broker may not be available.
2021-09-15 18:42:31.429 [org.springframework.kafka.KafkaListenerEndpointContainer#0-0-C-1] WARN  org.apache.kafka.clients.NetworkClient - [Consumer clientId=consumer-consumer_group1-1, groupId=consumer_group1] Connection to node 3 (datalake-test-kafka-03/10.70.0.165:9092) could not be established. Broker may not be available.
2021-09-15 18:42:31.535 [org.springframework.kafka.KafkaListenerEndpointContainer#0-0-C-1] WARN  org.apache.kafka.clients.NetworkClient - [Consumer clientId=consumer-consumer_group1-1, groupId=consumer_group1] Connection to node 1 (datalake-test-kafka-01/10.70.0.163:9092) could not be established. Broker may not be available.
2021-09-15 18:42:31.646 [org.springframework.kafka.KafkaListenerEndpointContainer#0-0-C-1] WARN  org.apache.kafka.clients.NetworkClient - [Consumer clientId=consumer-consumer_group1-1, groupId=consumer_group1] Connection to node 2 (datalake-test-kafka-02/10.70.0.164:9092) could not be established. Broker may not be available.
2021-09-15 18:42:31.757 [org.springframework.kafka.KafkaListenerEndpointContainer#0-0-C-1] WARN  org.apache.kafka.clients.NetworkClient - [Consumer clientId=consumer-consumer_group1-1, groupId=consumer_group1] Connection to node 3 (datalake-test-kafka-03/10.70.0.165:9092) could not be established. Broker may not be available.
2021-09-15 18:42:31.865 [org.springframework.kafka.KafkaListenerEndpointContainer#0-0-C-1] WARN  org.apache.kafka.clients.NetworkClient - [Consumer clientId=consumer-consumer_group1-1, groupId=consumer_group1] Connection to node 1 (datalake-test-kafka-01/10.70.0.163:9092) could not be established. Broker may not be available.
2021-09-15 18:42:31.994 [org.springframework.kafka.KafkaListenerEndpointContainer#0-0-C-1] WARN  org.apache.kafka.clients.NetworkClient - [Consumer clientId=consumer-consumer_group1-1, groupId=consumer_group1] Connection to node 2 (datalake-test-kafka-02/10.70.0.164:9092) could not be established. Broker may not be available.
2021-09-15 18:42:32.106 [org.springframework.kafka.KafkaListenerEndpointContainer#0-0-C-1] WARN  org.apache.kafka.clients.NetworkClient - [Consumer clientId=consumer-consumer_group1-1, groupId=consumer_group1] Connection to node 3 (datalake-test-kafka-03/10.70.0.165:9092) could not be established. Broker may not be available.
2021-09-15 18:42:32.214 [org.springframework.kafka.KafkaListenerEndpointContainer#0-0-C-1] WARN  org.apache.kafka.clients.NetworkClient - [Consumer clientId=consumer-consumer_group1-1, groupId=consumer_group1] Connection to node 1 (datalake-test-kafka-01/10.70.0.163:9092) could not be established. Broker may not be available.
2021-09-15 18:42:32.401 [org.springframework.kafka.KafkaListenerEndpointContainer#0-0-C-1] WARN  org.apache.kafka.clients.NetworkClient - [Consumer clientId=consumer-consumer_group1-1, groupId=consumer_group1] Connection to node 2 (datalake-test-kafka-02/10.70.0.164:9092) could not be established. Broker may not be available.
2021-09-15 18:42:32.513 [org.springframework.kafka.KafkaListenerEndpointContainer#0-0-C-1] WARN  org.apache.kafka.clients.NetworkClient - [Consumer clientId=consumer-consumer_group1-1, groupId=consumer_group1] Connection to node 3 (datalake-test-kafka-03/10.70.0.165:9092) could not be established. Broker may not be available.
2021-09-15 18:42:32.958 [org.springframework.kafka.KafkaListenerEndpointContainer#0-0-C-1] INFO  o.a.k.c.consumer.internals.AbstractCoordinator - [Consumer clientId=consumer-consumer_group1-1, groupId=consumer_group1] Discovered group coordinator datalake-test-kafka-03:9092 (id: 2147483644 rack: null)
2021-09-15 18:42:32.975 [org.springframework.kafka.KafkaListenerEndpointContainer#0-0-C-1] INFO  o.a.k.c.consumer.internals.AbstractCoordinator - [Consumer clientId=consumer-consumer_group1-1, groupId=consumer_group1] Attempt to heartbeat with Generation{generationId=325, memberId='consumer-consumer_group1-1-a69e6a41-9f84-4d4f-a28c-b27773b89615', protocol='range'} and group instance id Optional.empty failed due to UNKNOWN_MEMBER_ID, resetting generation
2021-09-15 18:42:32.975 [org.springframework.kafka.KafkaListenerEndpointContainer#0-0-C-1] INFO  o.a.k.c.consumer.internals.ConsumerCoordinator - [Consumer clientId=consumer-consumer_group1-1, groupId=consumer_group1] Failing OffsetCommit request since the consumer is not part of an active group
2021-09-15 18:42:32.978 [org.springframework.kafka.KafkaListenerEndpointContainer#0-0-C-1] WARN  o.a.k.c.consumer.internals.ConsumerCoordinator - [Consumer clientId=consumer-consumer_group1-1, groupId=consumer_group1] Synchronous auto-commit of offsets {demo-0=OffsetAndMetadata{offset=0, leaderEpoch=null, metadata=''}, demo-1=OffsetAndMetadata{offset=6, leaderEpoch=null, metadata=''}, demo-2=OffsetAndMetadata{offset=0, leaderEpoch=null, metadata=''}, demo-3=OffsetAndMetadata{offset=2, leaderEpoch=null, metadata=''}} failed: Offset commit cannot be completed since the consumer is not part of an active group for auto partition assignment; it is likely that the consumer was kicked out of the group.
2021-09-15 18:42:32.978 [org.springframework.kafka.KafkaListenerEndpointContainer#0-0-C-1] INFO  o.a.k.c.consumer.internals.ConsumerCoordinator - [Consumer clientId=consumer-consumer_group1-1, groupId=consumer_group1] Giving away all assigned partitions as lost since generation has been reset,indicating that consumer is no longer part of the group
2021-09-15 18:42:32.979 [org.springframework.kafka.KafkaListenerEndpointContainer#0-0-C-1] INFO  o.a.k.c.consumer.internals.ConsumerCoordinator - [Consumer clientId=consumer-consumer_group1-1, groupId=consumer_group1] Lost previously assigned partitions demo-0, demo-1, demo-2, demo-3
2021-09-15 18:42:32.980 [org.springframework.kafka.KafkaListenerEndpointContainer#0-0-C-1] INFO  o.s.kafka.listener.KafkaMessageListenerContainer - consumer_group1: partitions lost: [demo-0, demo-1, demo-2, demo-3]
2021-09-15 18:42:32.980 [org.springframework.kafka.KafkaListenerEndpointContainer#0-0-C-1] INFO  o.s.kafka.listener.KafkaMessageListenerContainer - consumer_group1: partitions revoked: [demo-0, demo-1, demo-2, demo-3]
2021-09-15 18:42:32.981 [org.springframework.kafka.KafkaListenerEndpointContainer#0-0-C-1] INFO  o.a.k.c.consumer.internals.AbstractCoordinator - [Consumer clientId=consumer-consumer_group1-1, groupId=consumer_group1] (Re-)joining group
2021-09-15 18:42:32.986 [org.springframework.kafka.KafkaListenerEndpointContainer#0-0-C-1] ERROR o.a.k.c.consumer.internals.ConsumerCoordinator - [Consumer clientId=consumer-consumer_group1-1, groupId=consumer_group1] Offset commit failed on partition demo-0 at offset 0: The coordinator is not aware of this member.
2021-09-15 18:42:32.987 [org.springframework.kafka.KafkaListenerEndpointContainer#0-0-C-1] INFO  o.a.k.c.consumer.internals.ConsumerCoordinator - [Consumer clientId=consumer-consumer_group1-1, groupId=consumer_group1] OffsetCommit failed with Generation{generationId=325, memberId='consumer-consumer_group1-1-a69e6a41-9f84-4d4f-a28c-b27773b89615', protocol='range'}: The coordinator is not aware of this member.
2021-09-15 18:42:32.988 [org.springframework.kafka.KafkaListenerEndpointContainer#0-0-C-1] WARN  o.a.k.c.consumer.internals.ConsumerCoordinator - [Consumer clientId=consumer-consumer_group1-1, groupId=consumer_group1] Asynchronous auto-commit of offsets {demo-0=OffsetAndMetadata{offset=0, leaderEpoch=null, metadata=''}, demo-1=OffsetAndMetadata{offset=6, leaderEpoch=null, metadata=''}, demo-2=OffsetAndMetadata{offset=0, leaderEpoch=null, metadata=''}, demo-3=OffsetAndMetadata{offset=2, leaderEpoch=null, metadata=''}} failed: Offset commit cannot be completed since the consumer member's generation is already stale, meaning it has already participated another rebalance and got a new generation. You can try completing the rebalance by calling poll() and then retry commit again
2021-09-15 18:42:32.995 [org.springframework.kafka.KafkaListenerEndpointContainer#0-0-C-1] INFO  o.a.k.c.consumer.internals.AbstractCoordinator - [Consumer clientId=consumer-consumer_group1-1, groupId=consumer_group1] (Re-)joining group
2021-09-15 18:42:33.002 [org.springframework.kafka.KafkaListenerEndpointContainer#0-0-C-1] INFO  o.a.k.c.consumer.internals.AbstractCoordinator - [Consumer clientId=consumer-consumer_group1-1, groupId=consumer_group1] Successfully joined group with generation Generation{generationId=327, memberId='consumer-consumer_group1-1-ea0be839-526e-4da7-89f6-e7f4f88ac6f8', protocol='range'}
2021-09-15 18:42:33.003 [org.springframework.kafka.KafkaListenerEndpointContainer#0-0-C-1] INFO  o.a.k.c.consumer.internals.ConsumerCoordinator - [Consumer clientId=consumer-consumer_group1-1, groupId=consumer_group1] Finished assignment for group at generation 327: {consumer-consumer_group1-1-ea0be839-526e-4da7-89f6-e7f4f88ac6f8=Assignment(partitions=[demo-0, demo-1, demo-2, demo-3])}
2021-09-15 18:42:33.011 [org.springframework.kafka.KafkaListenerEndpointContainer#0-0-C-1] INFO  o.a.k.c.consumer.internals.AbstractCoordinator - [Consumer clientId=consumer-consumer_group1-1, groupId=consumer_group1] Successfully synced group in generation Generation{generationId=327, memberId='consumer-consumer_group1-1-ea0be839-526e-4da7-89f6-e7f4f88ac6f8', protocol='range'}
2021-09-15 18:42:33.012 [org.springframework.kafka.KafkaListenerEndpointContainer#0-0-C-1] INFO  o.a.k.c.consumer.internals.ConsumerCoordinator - [Consumer clientId=consumer-consumer_group1-1, groupId=consumer_group1] Notifying assignor about the new Assignment(partitions=[demo-0, demo-1, demo-2, demo-3])
2021-09-15 18:42:33.013 [org.springframework.kafka.KafkaListenerEndpointContainer#0-0-C-1] INFO  o.a.k.c.consumer.internals.ConsumerCoordinator - [Consumer clientId=consumer-consumer_group1-1, groupId=consumer_group1] Adding newly assigned partitions: demo-0, demo-1, demo-2, demo-3
2021-09-15 18:42:33.019 [org.springframework.kafka.KafkaListenerEndpointContainer#0-0-C-1] INFO  o.a.k.c.consumer.internals.ConsumerCoordinator - [Consumer clientId=consumer-consumer_group1-1, groupId=consumer_group1] Setting offset for partition demo-0 to the committed offset FetchPosition{offset=0, offsetEpoch=Optional.empty, currentLeader=LeaderAndEpoch{leader=Optional[datalake-test-kafka-02:9092 (id: 2 rack: null)], epoch=2}}
2021-09-15 18:42:33.020 [org.springframework.kafka.KafkaListenerEndpointContainer#0-0-C-1] INFO  o.a.k.c.consumer.internals.ConsumerCoordinator - [Consumer clientId=consumer-consumer_group1-1, groupId=consumer_group1] Setting offset for partition demo-1 to the committed offset FetchPosition{offset=6, offsetEpoch=Optional.empty, currentLeader=LeaderAndEpoch{leader=Optional[datalake-test-kafka-03:9092 (id: 3 rack: null)], epoch=2}}
2021-09-15 18:42:33.020 [org.springframework.kafka.KafkaListenerEndpointContainer#0-0-C-1] INFO  o.a.k.c.consumer.internals.ConsumerCoordinator - [Consumer clientId=consumer-consumer_group1-1, groupId=consumer_group1] Setting offset for partition demo-2 to the committed offset FetchPosition{offset=0, offsetEpoch=Optional.empty, currentLeader=LeaderAndEpoch{leader=Optional[datalake-test-kafka-01:9092 (id: 1 rack: null)], epoch=2}}
2021-09-15 18:42:33.020 [org.springframework.kafka.KafkaListenerEndpointContainer#0-0-C-1] INFO  o.a.k.c.consumer.internals.ConsumerCoordinator - [Consumer clientId=consumer-consumer_group1-1, groupId=consumer_group1] Setting offset for partition demo-3 to the committed offset FetchPosition{offset=2, offsetEpoch=Optional.empty, currentLeader=LeaderAndEpoch{leader=Optional[datalake-test-kafka-02:9092 (id: 2 rack: null)], epoch=2}}
2021-09-15 18:42:33.021 [org.springframework.kafka.KafkaListenerEndpointContainer#0-0-C-1] INFO  o.s.kafka.listener.KafkaMessageListenerContainer - consumer_group1: partitions assigned: [demo-0, demo-1, demo-2, demo-3]
