2021-08-21 20:11:33.380 [main] INFO  com.zmj.demo.DemoApplication - Starting DemoApplication using Java 1.8.0_241 on LAPTOP-T7NFK67M with PID 104120 (C:\work\git\515\demo\target\classes started by Administrator in C:\work\git\515\demo)
2021-08-21 20:11:33.383 [main] INFO  com.zmj.demo.DemoApplication - No active profile set, falling back to default profiles: default
2021-08-21 20:11:34.118 [main] INFO  o.s.d.r.config.RepositoryConfigurationDelegate - Multiple Spring Data modules found, entering strict repository configuration mode!
2021-08-21 20:11:34.120 [main] INFO  o.s.d.r.config.RepositoryConfigurationDelegate - Bootstrapping Spring Data Redis repositories in DEFAULT mode.
2021-08-21 20:11:34.156 [main] INFO  o.s.d.r.config.RepositoryConfigurationDelegate - Finished Spring Data repository scanning in 24 ms. Found 0 Redis repository interfaces.
2021-08-21 20:11:34.568 [main] INFO  o.s.boot.web.embedded.tomcat.TomcatWebServer - Tomcat initialized with port(s): 10090 (http)
2021-08-21 20:11:34.576 [main] INFO  org.apache.coyote.http11.Http11NioProtocol - Initializing ProtocolHandler ["http-nio-10090"]
2021-08-21 20:11:34.577 [main] INFO  org.apache.catalina.core.StandardService - Starting service [Tomcat]
2021-08-21 20:11:34.577 [main] INFO  org.apache.catalina.core.StandardEngine - Starting Servlet engine: [Apache Tomcat/9.0.46]
2021-08-21 20:11:34.711 [main] INFO  o.a.c.core.ContainerBase.[Tomcat].[localhost].[/] - Initializing Spring embedded WebApplicationContext
2021-08-21 20:11:34.712 [main] INFO  o.s.b.w.s.c.ServletWebServerApplicationContext - Root WebApplicationContext: initialization completed in 1287 ms
2021-08-21 20:11:35.864 [main] INFO  o.s.b.a.web.servlet.WelcomePageHandlerMapping - Adding welcome page: class path resource [static/index.html]
2021-08-21 20:11:36.220 [main] INFO  org.apache.kafka.clients.consumer.ConsumerConfig - ConsumerConfig values: 
	allow.auto.create.topics = true
	auto.commit.interval.ms = 1000
	auto.offset.reset = latest
	bootstrap.servers = [10.70.0.163:9092]
	check.crcs = true
	client.dns.lookup = use_all_dns_ips
	client.id = consumer-consumer_group1-1
	client.rack = 
	connections.max.idle.ms = 540000
	default.api.timeout.ms = 60000
	enable.auto.commit = true
	exclude.internal.topics = true
	fetch.max.bytes = 52428800
	fetch.max.wait.ms = 500
	fetch.min.bytes = 1
	group.id = consumer_group1
	group.instance.id = null
	heartbeat.interval.ms = 3000
	interceptor.classes = []
	internal.leave.group.on.close = true
	internal.throw.on.fetch.stable.offset.unsupported = false
	isolation.level = read_uncommitted
	key.deserializer = class org.apache.kafka.common.serialization.StringDeserializer
	max.partition.fetch.bytes = 1048576
	max.poll.interval.ms = 300000
	max.poll.records = 500
	metadata.max.age.ms = 300000
	metric.reporters = []
	metrics.num.samples = 2
	metrics.recording.level = INFO
	metrics.sample.window.ms = 30000
	partition.assignment.strategy = [class org.apache.kafka.clients.consumer.RangeAssignor]
	receive.buffer.bytes = 65536
	reconnect.backoff.max.ms = 1000
	reconnect.backoff.ms = 50
	request.timeout.ms = 30000
	retry.backoff.ms = 100
	sasl.client.callback.handler.class = null
	sasl.jaas.config = null
	sasl.kerberos.kinit.cmd = /usr/bin/kinit
	sasl.kerberos.min.time.before.relogin = 60000
	sasl.kerberos.service.name = null
	sasl.kerberos.ticket.renew.jitter = 0.05
	sasl.kerberos.ticket.renew.window.factor = 0.8
	sasl.login.callback.handler.class = null
	sasl.login.class = null
	sasl.login.refresh.buffer.seconds = 300
	sasl.login.refresh.min.period.seconds = 60
	sasl.login.refresh.window.factor = 0.8
	sasl.login.refresh.window.jitter = 0.05
	sasl.mechanism = GSSAPI
	security.protocol = PLAINTEXT
	security.providers = null
	send.buffer.bytes = 131072
	session.timeout.ms = 10000
	socket.connection.setup.timeout.max.ms = 127000
	socket.connection.setup.timeout.ms = 10000
	ssl.cipher.suites = null
	ssl.enabled.protocols = [TLSv1.2]
	ssl.endpoint.identification.algorithm = https
	ssl.engine.factory.class = null
	ssl.key.password = null
	ssl.keymanager.algorithm = SunX509
	ssl.keystore.certificate.chain = null
	ssl.keystore.key = null
	ssl.keystore.location = null
	ssl.keystore.password = null
	ssl.keystore.type = JKS
	ssl.protocol = TLSv1.2
	ssl.provider = null
	ssl.secure.random.implementation = null
	ssl.trustmanager.algorithm = PKIX
	ssl.truststore.certificates = null
	ssl.truststore.location = null
	ssl.truststore.password = null
	ssl.truststore.type = JKS
	value.deserializer = class org.apache.kafka.common.serialization.StringDeserializer

2021-08-21 20:11:36.289 [main] INFO  org.apache.kafka.common.utils.AppInfoParser - Kafka version: 2.7.1
2021-08-21 20:11:36.292 [main] INFO  org.apache.kafka.common.utils.AppInfoParser - Kafka commitId: 61dbce85d0d41457
2021-08-21 20:11:36.293 [main] INFO  org.apache.kafka.common.utils.AppInfoParser - Kafka startTimeMs: 1629547896283
2021-08-21 20:11:36.297 [main] INFO  org.apache.kafka.clients.consumer.KafkaConsumer - [Consumer clientId=consumer-consumer_group1-1, groupId=consumer_group1] Subscribed to topic(s): demo
2021-08-21 20:11:36.307 [main] INFO  org.apache.coyote.http11.Http11NioProtocol - Starting ProtocolHandler ["http-nio-10090"]
2021-08-21 20:11:36.375 [main] INFO  o.s.boot.web.embedded.tomcat.TomcatWebServer - Tomcat started on port(s): 10090 (http) with context path ''
2021-08-21 20:11:36.383 [main] INFO  com.zmj.demo.DemoApplication - Started DemoApplication in 3.478 seconds (JVM running for 4.572)
2021-08-21 20:11:36.597 [org.springframework.kafka.KafkaListenerEndpointContainer#0-0-C-1] INFO  org.apache.kafka.clients.Metadata - [Consumer clientId=consumer-consumer_group1-1, groupId=consumer_group1] Cluster ID: 1oN-OvpESU-x_TdCzum0wQ
2021-08-21 20:11:36.598 [org.springframework.kafka.KafkaListenerEndpointContainer#0-0-C-1] INFO  o.a.k.c.consumer.internals.AbstractCoordinator - [Consumer clientId=consumer-consumer_group1-1, groupId=consumer_group1] Discovered group coordinator datalake-test-kafka-03:9092 (id: 2147483644 rack: null)
2021-08-21 20:11:36.601 [org.springframework.kafka.KafkaListenerEndpointContainer#0-0-C-1] INFO  o.a.k.c.consumer.internals.AbstractCoordinator - [Consumer clientId=consumer-consumer_group1-1, groupId=consumer_group1] (Re-)joining group
2021-08-21 20:11:36.672 [org.springframework.kafka.KafkaListenerEndpointContainer#0-0-C-1] INFO  o.a.k.c.consumer.internals.AbstractCoordinator - [Consumer clientId=consumer-consumer_group1-1, groupId=consumer_group1] (Re-)joining group
2021-08-21 20:11:36.692 [org.springframework.kafka.KafkaListenerEndpointContainer#0-0-C-1] INFO  o.a.k.c.consumer.internals.AbstractCoordinator - [Consumer clientId=consumer-consumer_group1-1, groupId=consumer_group1] Successfully joined group with generation Generation{generationId=1, memberId='consumer-consumer_group1-1-5b69fa0e-8fc7-456e-928c-20fc69f1fb48', protocol='range'}
2021-08-21 20:11:36.699 [org.springframework.kafka.KafkaListenerEndpointContainer#0-0-C-1] INFO  o.a.k.c.consumer.internals.ConsumerCoordinator - [Consumer clientId=consumer-consumer_group1-1, groupId=consumer_group1] Finished assignment for group at generation 1: {consumer-consumer_group1-1-5b69fa0e-8fc7-456e-928c-20fc69f1fb48=Assignment(partitions=[demo-0, demo-1, demo-2, demo-3])}
2021-08-21 20:11:36.716 [org.springframework.kafka.KafkaListenerEndpointContainer#0-0-C-1] INFO  o.a.k.c.consumer.internals.AbstractCoordinator - [Consumer clientId=consumer-consumer_group1-1, groupId=consumer_group1] Successfully synced group in generation Generation{generationId=1, memberId='consumer-consumer_group1-1-5b69fa0e-8fc7-456e-928c-20fc69f1fb48', protocol='range'}
2021-08-21 20:11:36.717 [org.springframework.kafka.KafkaListenerEndpointContainer#0-0-C-1] INFO  o.a.k.c.consumer.internals.ConsumerCoordinator - [Consumer clientId=consumer-consumer_group1-1, groupId=consumer_group1] Notifying assignor about the new Assignment(partitions=[demo-0, demo-1, demo-2, demo-3])
2021-08-21 20:11:36.719 [org.springframework.kafka.KafkaListenerEndpointContainer#0-0-C-1] INFO  o.a.k.c.consumer.internals.ConsumerCoordinator - [Consumer clientId=consumer-consumer_group1-1, groupId=consumer_group1] Adding newly assigned partitions: demo-0, demo-1, demo-2, demo-3
2021-08-21 20:11:36.737 [org.springframework.kafka.KafkaListenerEndpointContainer#0-0-C-1] INFO  o.a.k.c.consumer.internals.ConsumerCoordinator - [Consumer clientId=consumer-consumer_group1-1, groupId=consumer_group1] Found no committed offset for partition demo-0
2021-08-21 20:11:36.737 [org.springframework.kafka.KafkaListenerEndpointContainer#0-0-C-1] INFO  o.a.k.c.consumer.internals.ConsumerCoordinator - [Consumer clientId=consumer-consumer_group1-1, groupId=consumer_group1] Found no committed offset for partition demo-1
2021-08-21 20:11:36.738 [org.springframework.kafka.KafkaListenerEndpointContainer#0-0-C-1] INFO  o.a.k.c.consumer.internals.ConsumerCoordinator - [Consumer clientId=consumer-consumer_group1-1, groupId=consumer_group1] Found no committed offset for partition demo-2
2021-08-21 20:11:36.738 [org.springframework.kafka.KafkaListenerEndpointContainer#0-0-C-1] INFO  o.a.k.c.consumer.internals.ConsumerCoordinator - [Consumer clientId=consumer-consumer_group1-1, groupId=consumer_group1] Found no committed offset for partition demo-3
2021-08-21 20:11:36.769 [org.springframework.kafka.KafkaListenerEndpointContainer#0-0-C-1] INFO  o.a.k.clients.consumer.internals.SubscriptionState - [Consumer clientId=consumer-consumer_group1-1, groupId=consumer_group1] Resetting offset for partition demo-1 to position FetchPosition{offset=6, offsetEpoch=Optional.empty, currentLeader=LeaderAndEpoch{leader=Optional[datalake-test-kafka-03:9092 (id: 3 rack: null)], epoch=0}}.
2021-08-21 20:11:36.770 [org.springframework.kafka.KafkaListenerEndpointContainer#0-0-C-1] INFO  o.a.k.clients.consumer.internals.SubscriptionState - [Consumer clientId=consumer-consumer_group1-1, groupId=consumer_group1] Resetting offset for partition demo-2 to position FetchPosition{offset=0, offsetEpoch=Optional.empty, currentLeader=LeaderAndEpoch{leader=Optional[datalake-test-kafka-01:9092 (id: 1 rack: null)], epoch=0}}.
2021-08-21 20:11:36.810 [org.springframework.kafka.KafkaListenerEndpointContainer#0-0-C-1] INFO  o.a.k.clients.consumer.internals.SubscriptionState - [Consumer clientId=consumer-consumer_group1-1, groupId=consumer_group1] Resetting offset for partition demo-0 to position FetchPosition{offset=0, offsetEpoch=Optional.empty, currentLeader=LeaderAndEpoch{leader=Optional[datalake-test-kafka-02:9092 (id: 2 rack: null)], epoch=0}}.
2021-08-21 20:11:36.810 [org.springframework.kafka.KafkaListenerEndpointContainer#0-0-C-1] INFO  o.a.k.clients.consumer.internals.SubscriptionState - [Consumer clientId=consumer-consumer_group1-1, groupId=consumer_group1] Resetting offset for partition demo-3 to position FetchPosition{offset=2, offsetEpoch=Optional.empty, currentLeader=LeaderAndEpoch{leader=Optional[datalake-test-kafka-02:9092 (id: 2 rack: null)], epoch=0}}.
2021-08-21 20:11:36.812 [org.springframework.kafka.KafkaListenerEndpointContainer#0-0-C-1] INFO  o.s.kafka.listener.KafkaMessageListenerContainer - consumer_group1: partitions assigned: [demo-0, demo-1, demo-2, demo-3]
