2022-03-01 10:00:05.402 [main] WARN  org.springframework.boot.StartupInfoLogger - InetAddress.getLocalHost().getHostName() took 5003 milliseconds to respond. Please verify your network configuration (macOS machines may need to add entries to /etc/hosts).
2022-03-01 10:00:10.417 [main] INFO  com.zmj.demo.DemoApplication - Starting DemoApplication using Java 1.8.0_312 on gai.local with PID 32854 (/Users/mac/tools/gitPro/515/demo/target/classes started by mac in /Users/mac/tools/gitPro/515/demo)
2022-03-01 10:00:10.418 [main] INFO  com.zmj.demo.DemoApplication - No active profile set, falling back to default profiles: default
2022-03-01 10:00:11.479 [main] INFO  o.s.d.r.config.RepositoryConfigurationDelegate - Multiple Spring Data modules found, entering strict repository configuration mode!
2022-03-01 10:00:11.482 [main] INFO  o.s.d.r.config.RepositoryConfigurationDelegate - Bootstrapping Spring Data Elasticsearch repositories in DEFAULT mode.
2022-03-01 10:00:11.504 [main] INFO  o.s.d.r.config.RepositoryConfigurationDelegate - Finished Spring Data repository scanning in 16 ms. Found 0 Elasticsearch repository interfaces.
2022-03-01 10:00:11.508 [main] INFO  o.s.d.r.config.RepositoryConfigurationDelegate - Multiple Spring Data modules found, entering strict repository configuration mode!
2022-03-01 10:00:11.509 [main] INFO  o.s.d.r.config.RepositoryConfigurationDelegate - Bootstrapping Spring Data Reactive Elasticsearch repositories in DEFAULT mode.
2022-03-01 10:00:11.516 [main] INFO  o.s.d.r.config.RepositoryConfigurationDelegate - Finished Spring Data repository scanning in 7 ms. Found 0 Reactive Elasticsearch repository interfaces.
2022-03-01 10:00:11.532 [main] INFO  o.s.d.r.config.RepositoryConfigurationDelegate - Multiple Spring Data modules found, entering strict repository configuration mode!
2022-03-01 10:00:11.534 [main] INFO  o.s.d.r.config.RepositoryConfigurationDelegate - Bootstrapping Spring Data Redis repositories in DEFAULT mode.
2022-03-01 10:00:11.554 [main] INFO  o.s.d.r.config.RepositoryConfigurationDelegate - Finished Spring Data repository scanning in 6 ms. Found 0 Redis repository interfaces.
2022-03-01 10:00:12.329 [main] INFO  o.s.boot.web.embedded.tomcat.TomcatWebServer - Tomcat initialized with port(s): 10090 (http)
2022-03-01 10:00:12.344 [main] INFO  org.apache.coyote.http11.Http11NioProtocol - Initializing ProtocolHandler ["http-nio-10090"]
2022-03-01 10:00:12.345 [main] INFO  org.apache.catalina.core.StandardService - Starting service [Tomcat]
2022-03-01 10:00:12.345 [main] INFO  org.apache.catalina.core.StandardEngine - Starting Servlet engine: [Apache Tomcat/9.0.46]
2022-03-01 10:00:12.481 [main] INFO  o.a.c.core.ContainerBase.[Tomcat].[localhost].[/] - Initializing Spring embedded WebApplicationContext
2022-03-01 10:00:12.482 [main] INFO  o.s.b.w.s.c.ServletWebServerApplicationContext - Root WebApplicationContext: initialization completed in 1994 ms
2022-03-01 10:00:14.005 [main] INFO  o.s.b.a.web.servlet.WelcomePageHandlerMapping - Adding welcome page: class path resource [static/index.html]
2022-03-01 10:00:15.102 [main] INFO  o.s.data.elasticsearch.support.VersionInfo - Version Spring Data Elasticsearch: 4.2.1
2022-03-01 10:00:15.104 [main] INFO  o.s.data.elasticsearch.support.VersionInfo - Version Elasticsearch Client in build: 7.12.1
2022-03-01 10:00:15.104 [main] INFO  o.s.data.elasticsearch.support.VersionInfo - Version Elasticsearch Client used: 7.12.1
2022-03-01 10:00:15.381 [main] INFO  org.apache.coyote.http11.Http11NioProtocol - Starting ProtocolHandler ["http-nio-10090"]
2022-03-01 10:00:15.398 [main] INFO  o.s.boot.web.embedded.tomcat.TomcatWebServer - Tomcat started on port(s): 10090 (http) with context path ''
2022-03-01 10:00:15.411 [main] INFO  com.zmj.demo.DemoApplication - Started DemoApplication in 25.802 seconds (JVM running for 26.354)
2022-03-01 10:16:36.103 [main] WARN  org.springframework.boot.StartupInfoLogger - InetAddress.getLocalHost().getHostName() took 5007 milliseconds to respond. Please verify your network configuration (macOS machines may need to add entries to /etc/hosts).
2022-03-01 10:16:41.116 [main] INFO  com.zmj.demo.DemoApplication - Starting DemoApplication using Java 1.8.0_312 on gai.local with PID 32941 (/Users/mac/tools/gitPro/515/demo/target/classes started by mac in /Users/mac/tools/gitPro/515/demo)
2022-03-01 10:16:41.118 [main] INFO  com.zmj.demo.DemoApplication - No active profile set, falling back to default profiles: default
2022-03-01 10:16:41.904 [main] INFO  o.s.d.r.config.RepositoryConfigurationDelegate - Multiple Spring Data modules found, entering strict repository configuration mode!
2022-03-01 10:16:41.906 [main] INFO  o.s.d.r.config.RepositoryConfigurationDelegate - Bootstrapping Spring Data Elasticsearch repositories in DEFAULT mode.
2022-03-01 10:16:41.924 [main] INFO  o.s.d.r.config.RepositoryConfigurationDelegate - Finished Spring Data repository scanning in 14 ms. Found 0 Elasticsearch repository interfaces.
2022-03-01 10:16:41.929 [main] INFO  o.s.d.r.config.RepositoryConfigurationDelegate - Multiple Spring Data modules found, entering strict repository configuration mode!
2022-03-01 10:16:41.929 [main] INFO  o.s.d.r.config.RepositoryConfigurationDelegate - Bootstrapping Spring Data Reactive Elasticsearch repositories in DEFAULT mode.
2022-03-01 10:16:41.938 [main] INFO  o.s.d.r.config.RepositoryConfigurationDelegate - Finished Spring Data repository scanning in 8 ms. Found 0 Reactive Elasticsearch repository interfaces.
2022-03-01 10:16:41.949 [main] INFO  o.s.d.r.config.RepositoryConfigurationDelegate - Multiple Spring Data modules found, entering strict repository configuration mode!
2022-03-01 10:16:41.950 [main] INFO  o.s.d.r.config.RepositoryConfigurationDelegate - Bootstrapping Spring Data Redis repositories in DEFAULT mode.
2022-03-01 10:16:41.966 [main] INFO  o.s.d.r.config.RepositoryConfigurationDelegate - Finished Spring Data repository scanning in 7 ms. Found 0 Redis repository interfaces.
2022-03-01 10:16:42.602 [main] INFO  o.s.boot.web.embedded.tomcat.TomcatWebServer - Tomcat initialized with port(s): 10090 (http)
2022-03-01 10:16:42.613 [main] INFO  org.apache.coyote.http11.Http11NioProtocol - Initializing ProtocolHandler ["http-nio-10090"]
2022-03-01 10:16:42.614 [main] INFO  org.apache.catalina.core.StandardService - Starting service [Tomcat]
2022-03-01 10:16:42.614 [main] INFO  org.apache.catalina.core.StandardEngine - Starting Servlet engine: [Apache Tomcat/9.0.46]
2022-03-01 10:16:42.738 [main] INFO  o.a.c.core.ContainerBase.[Tomcat].[localhost].[/] - Initializing Spring embedded WebApplicationContext
2022-03-01 10:16:42.739 [main] INFO  o.s.b.w.s.c.ServletWebServerApplicationContext - Root WebApplicationContext: initialization completed in 1568 ms
2022-03-01 10:16:43.804 [main] INFO  o.s.b.a.web.servlet.WelcomePageHandlerMapping - Adding welcome page: class path resource [static/index.html]
2022-03-01 10:16:44.532 [main] INFO  o.s.data.elasticsearch.support.VersionInfo - Version Spring Data Elasticsearch: 4.2.1
2022-03-01 10:16:44.534 [main] INFO  o.s.data.elasticsearch.support.VersionInfo - Version Elasticsearch Client in build: 7.12.1
2022-03-01 10:16:44.534 [main] INFO  o.s.data.elasticsearch.support.VersionInfo - Version Elasticsearch Client used: 7.12.1
2022-03-01 10:16:44.766 [main] INFO  org.apache.coyote.http11.Http11NioProtocol - Starting ProtocolHandler ["http-nio-10090"]
2022-03-01 10:16:44.781 [main] INFO  o.s.boot.web.embedded.tomcat.TomcatWebServer - Tomcat started on port(s): 10090 (http) with context path ''
2022-03-01 10:16:44.793 [main] INFO  com.zmj.demo.DemoApplication - Started DemoApplication in 24.38 seconds (JVM running for 24.932)
2022-03-01 14:30:24.208 [http-nio-10090-exec-1] INFO  o.a.c.core.ContainerBase.[Tomcat].[localhost].[/] - Initializing Spring DispatcherServlet 'dispatcherServlet'
2022-03-01 14:30:24.211 [http-nio-10090-exec-1] INFO  org.springframework.web.servlet.DispatcherServlet - Initializing Servlet 'dispatcherServlet'
2022-03-01 14:30:24.222 [http-nio-10090-exec-1] INFO  org.springframework.web.servlet.DispatcherServlet - Completed initialization in 10 ms
2022-03-01 14:30:24.641 [http-nio-10090-exec-1] INFO  com.zaxxer.hikari.HikariDataSource - HikariPool-1 - Starting...
2022-03-01 14:30:25.962 [http-nio-10090-exec-1] INFO  com.zaxxer.hikari.HikariDataSource - HikariPool-1 - Start completed.
2022-03-01 14:30:26.323 [http-nio-10090-exec-1] INFO  com.zmj.demo.controller.ToolController - 用户:51905047,账户:[UserBalanceChain(userId=51905047, currencyId=6, balance=1000.0000000000000000, hold=0E-16)]
2022-03-01 14:31:36.363 [http-nio-10090-exec-4] INFO  com.zmj.demo.controller.ToolController - 操作后，数据库金额，balance:992.9673700000000000,hold:7.0326300000000000
2022-03-01 14:32:04.761 [http-nio-10090-exec-6] INFO  com.zmj.demo.controller.ToolController - 操作后，数据库金额，balance:992.9673700000000000,hold:7.0326300000000000
2022-03-01 14:35:43.693 [SpringApplicationShutdownHook] INFO  com.zaxxer.hikari.HikariDataSource - HikariPool-1 - Shutdown initiated...
2022-03-01 14:35:43.707 [SpringApplicationShutdownHook] INFO  com.zaxxer.hikari.HikariDataSource - HikariPool-1 - Shutdown completed.
