2021-07-05 14:30:22.284 [main] INFO  com.zmj.demo.DemoApplication - Starting DemoApplication using Java 1.8.0_241 on LAPTOP-T7NFK67M with PID 91176 (C:\work\git\515\demo\target\classes started by Administrator in C:\work\git\515\demo)
2021-07-05 14:30:22.287 [main] INFO  com.zmj.demo.DemoApplication - No active profile set, falling back to default profiles: default
2021-07-05 14:30:23.072 [main] INFO  o.s.boot.web.embedded.tomcat.TomcatWebServer - Tomcat initialized with port(s): 10090 (http)
2021-07-05 14:30:23.080 [main] INFO  org.apache.coyote.http11.Http11NioProtocol - Initializing ProtocolHandler ["http-nio-10090"]
2021-07-05 14:30:23.080 [main] INFO  org.apache.catalina.core.StandardService - Starting service [Tomcat]
2021-07-05 14:30:23.081 [main] INFO  org.apache.catalina.core.StandardEngine - Starting Servlet engine: [Apache Tomcat/9.0.46]
2021-07-05 14:30:23.171 [main] INFO  o.a.c.core.ContainerBase.[Tomcat].[localhost].[/] - Initializing Spring embedded WebApplicationContext
2021-07-05 14:30:23.171 [main] INFO  o.s.b.w.s.c.ServletWebServerApplicationContext - Root WebApplicationContext: initialization completed in 847 ms
2021-07-05 14:30:23.430 [main] WARN  o.s.b.w.s.c.AnnotationConfigServletWebServerApplicationContext - Exception encountered during context initialization - cancelling refresh attempt: org.springframework.beans.factory.BeanCreationException: Error creating bean with name 'redisService': Injection of resource dependencies failed; nested exception is org.springframework.beans.factory.UnsatisfiedDependencyException: Error creating bean with name 'redisTemplate' defined in class path resource [com/zmj/demo/config/redis/RedisConfig.class]: Unsatisfied dependency expressed through method 'redisTemplate' parameter 0; nested exception is org.springframework.beans.factory.NoSuchBeanDefinitionException: No qualifying bean of type 'org.springframework.data.redis.connection.RedisConnectionFactory' available: expected at least 1 bean which qualifies as autowire candidate. Dependency annotations: {}
2021-07-05 14:30:23.433 [main] INFO  org.apache.catalina.core.StandardService - Stopping service [Tomcat]
2021-07-05 14:30:23.442 [main] INFO  o.s.b.a.l.ConditionEvaluationReportLoggingListener - 

Error starting ApplicationContext. To display the conditions report re-run your application with 'debug' enabled.
2021-07-05 14:30:23.460 [main] ERROR o.s.b.diagnostics.LoggingFailureAnalysisReporter - 

***************************
APPLICATION FAILED TO START
***************************

Description:

Parameter 0 of method redisTemplate in com.zmj.demo.config.redisConfig.RedisConfig required a bean of type 'org.springframework.data.redis.connection.RedisConnectionFactory' that could not be found.


Action:

Consider defining a bean of type 'org.springframework.data.redis.connection.RedisConnectionFactory' in your configuration.

2021-07-05 14:44:04.687 [main] INFO  com.zmj.demo.DemoApplication - Starting DemoApplication using Java 1.8.0_241 on LAPTOP-T7NFK67M with PID 131440 (C:\work\git\515\demo\target\classes started by Administrator in C:\work\git\515\demo)
2021-07-05 14:44:04.689 [main] INFO  com.zmj.demo.DemoApplication - No active profile set, falling back to default profiles: default
2021-07-05 14:44:05.522 [main] INFO  o.s.boot.web.embedded.tomcat.TomcatWebServer - Tomcat initialized with port(s): 10090 (http)
2021-07-05 14:44:05.530 [main] INFO  org.apache.coyote.http11.Http11NioProtocol - Initializing ProtocolHandler ["http-nio-10090"]
2021-07-05 14:44:05.530 [main] INFO  org.apache.catalina.core.StandardService - Starting service [Tomcat]
2021-07-05 14:44:05.531 [main] INFO  org.apache.catalina.core.StandardEngine - Starting Servlet engine: [Apache Tomcat/9.0.46]
2021-07-05 14:44:05.630 [main] INFO  o.a.c.core.ContainerBase.[Tomcat].[localhost].[/] - Initializing Spring embedded WebApplicationContext
2021-07-05 14:44:05.630 [main] INFO  o.s.b.w.s.c.ServletWebServerApplicationContext - Root WebApplicationContext: initialization completed in 899 ms
2021-07-05 14:44:05.876 [main] WARN  o.s.b.w.s.c.AnnotationConfigServletWebServerApplicationContext - Exception encountered during context initialization - cancelling refresh attempt: org.springframework.beans.factory.BeanCreationException: Error creating bean with name 'redisService': Injection of resource dependencies failed; nested exception is org.springframework.beans.factory.UnsatisfiedDependencyException: Error creating bean with name 'redisTemplate' defined in class path resource [com/zmj/demo/config/redis/RedisConfig.class]: Unsatisfied dependency expressed through method 'redisTemplate' parameter 0; nested exception is org.springframework.beans.factory.NoSuchBeanDefinitionException: No qualifying bean of type 'org.springframework.data.redis.connection.RedisConnectionFactory' available: expected at least 1 bean which qualifies as autowire candidate. Dependency annotations: {}
2021-07-05 14:44:05.879 [main] INFO  org.apache.catalina.core.StandardService - Stopping service [Tomcat]
2021-07-05 14:44:05.890 [main] INFO  o.s.b.a.l.ConditionEvaluationReportLoggingListener - 

Error starting ApplicationContext. To display the conditions report re-run your application with 'debug' enabled.
2021-07-05 14:44:05.909 [main] ERROR o.s.b.diagnostics.LoggingFailureAnalysisReporter - 

***************************
APPLICATION FAILED TO START
***************************

Description:

Parameter 0 of method redisTemplate in com.zmj.demo.config.redisConfig.RedisConfig required a bean of type 'org.springframework.data.redis.connection.RedisConnectionFactory' that could not be found.


Action:

Consider defining a bean of type 'org.springframework.data.redis.connection.RedisConnectionFactory' in your configuration.

2021-07-05 14:47:48.045 [main] INFO  com.zmj.demo.DemoApplication - Starting DemoApplication using Java 1.8.0_241 on LAPTOP-T7NFK67M with PID 162764 (C:\work\git\515\demo\target\classes started by Administrator in C:\work\git\515\demo)
2021-07-05 14:47:48.048 [main] INFO  com.zmj.demo.DemoApplication - No active profile set, falling back to default profiles: default
2021-07-05 14:47:48.592 [main] INFO  o.s.d.r.config.RepositoryConfigurationDelegate - Multiple Spring Data modules found, entering strict repository configuration mode!
2021-07-05 14:47:48.598 [main] INFO  o.s.d.r.config.RepositoryConfigurationDelegate - Bootstrapping Spring Data Redis repositories in DEFAULT mode.
2021-07-05 14:47:48.617 [main] INFO  o.s.d.r.config.RepositoryConfigurationDelegate - Finished Spring Data repository scanning in 8 ms. Found 0 Redis repository interfaces.
2021-07-05 14:47:48.881 [main] INFO  o.s.boot.web.embedded.tomcat.TomcatWebServer - Tomcat initialized with port(s): 10090 (http)
2021-07-05 14:47:48.888 [main] INFO  org.apache.coyote.http11.Http11NioProtocol - Initializing ProtocolHandler ["http-nio-10090"]
2021-07-05 14:47:48.888 [main] INFO  org.apache.catalina.core.StandardService - Starting service [Tomcat]
2021-07-05 14:47:48.888 [main] INFO  org.apache.catalina.core.StandardEngine - Starting Servlet engine: [Apache Tomcat/9.0.46]
2021-07-05 14:47:48.967 [main] INFO  o.a.c.core.ContainerBase.[Tomcat].[localhost].[/] - Initializing Spring embedded WebApplicationContext
2021-07-05 14:47:48.968 [main] INFO  o.s.b.w.s.c.ServletWebServerApplicationContext - Root WebApplicationContext: initialization completed in 882 ms
2021-07-05 14:47:49.152 [main] WARN  o.s.b.w.s.c.AnnotationConfigServletWebServerApplicationContext - Exception encountered during context initialization - cancelling refresh attempt: org.springframework.beans.factory.BeanCreationException: Error creating bean with name 'redisService': Injection of resource dependencies failed; nested exception is org.springframework.beans.factory.UnsatisfiedDependencyException: Error creating bean with name 'redisTemplate' defined in class path resource [com/zmj/demo/config/redis/RedisConfig.class]: Unsatisfied dependency expressed through method 'redisTemplate' parameter 0; nested exception is org.springframework.beans.factory.UnsatisfiedDependencyException: Error creating bean with name 'redisConnectionFactory' defined in class path resource [org/springframework/boot/autoconfigure/data/redis/LettuceConnectionConfiguration.class]: Unsatisfied dependency expressed through method 'redisConnectionFactory' parameter 1; nested exception is org.springframework.beans.factory.BeanCreationException: Error creating bean with name 'lettuceClientResources' defined in class path resource [org/springframework/boot/autoconfigure/data/redis/LettuceConnectionConfiguration.class]: Bean instantiation via factory method failed; nested exception is org.springframework.beans.BeanInstantiationException: Failed to instantiate [io.lettuce.core.resource.DefaultClientResources]: Factory method 'lettuceClientResources' threw exception; nested exception is java.lang.NoClassDefFoundError: io/netty/resolver/DefaultAddressResolverGroup
2021-07-05 14:47:49.154 [main] INFO  org.apache.catalina.core.StandardService - Stopping service [Tomcat]
2021-07-05 14:47:49.162 [main] INFO  o.s.b.a.l.ConditionEvaluationReportLoggingListener - 

Error starting ApplicationContext. To display the conditions report re-run your application with 'debug' enabled.
2021-07-05 14:47:49.208 [main] ERROR org.springframework.boot.SpringApplication - Application run failed
org.springframework.beans.factory.BeanCreationException: Error creating bean with name 'redisService': Injection of resource dependencies failed; nested exception is org.springframework.beans.factory.UnsatisfiedDependencyException: Error creating bean with name 'redisTemplate' defined in class path resource [com/zmj/demo/config/redis/RedisConfig.class]: Unsatisfied dependency expressed through method 'redisTemplate' parameter 0; nested exception is org.springframework.beans.factory.UnsatisfiedDependencyException: Error creating bean with name 'redisConnectionFactory' defined in class path resource [org/springframework/boot/autoconfigure/data/redis/LettuceConnectionConfiguration.class]: Unsatisfied dependency expressed through method 'redisConnectionFactory' parameter 1; nested exception is org.springframework.beans.factory.BeanCreationException: Error creating bean with name 'lettuceClientResources' defined in class path resource [org/springframework/boot/autoconfigure/data/redis/LettuceConnectionConfiguration.class]: Bean instantiation via factory method failed; nested exception is org.springframework.beans.BeanInstantiationException: Failed to instantiate [io.lettuce.core.resource.DefaultClientResources]: Factory method 'lettuceClientResources' threw exception; nested exception is java.lang.NoClassDefFoundError: io/netty/resolver/DefaultAddressResolverGroup
	at org.springframework.context.annotation.CommonAnnotationBeanPostProcessor.postProcessProperties(CommonAnnotationBeanPostProcessor.java:321)
	at org.springframework.beans.factory.support.AbstractAutowireCapableBeanFactory.populateBean(AbstractAutowireCapableBeanFactory.java:1413)
	at org.springframework.beans.factory.support.AbstractAutowireCapableBeanFactory.doCreateBean(AbstractAutowireCapableBeanFactory.java:601)
	at org.springframework.beans.factory.support.AbstractAutowireCapableBeanFactory.createBean(AbstractAutowireCapableBeanFactory.java:524)
	at org.springframework.beans.factory.support.AbstractBeanFactory.lambda$doGetBean$0(AbstractBeanFactory.java:335)
	at org.springframework.beans.factory.support.DefaultSingletonBeanRegistry.getSingleton(DefaultSingletonBeanRegistry.java:234)
	at org.springframework.beans.factory.support.AbstractBeanFactory.doGetBean(AbstractBeanFactory.java:333)
	at org.springframework.beans.factory.support.AbstractBeanFactory.getBean(AbstractBeanFactory.java:208)
	at org.springframework.beans.factory.support.DefaultListableBeanFactory.preInstantiateSingletons(DefaultListableBeanFactory.java:944)
	at org.springframework.context.support.AbstractApplicationContext.finishBeanFactoryInitialization(AbstractApplicationContext.java:918)
	at org.springframework.context.support.AbstractApplicationContext.refresh(AbstractApplicationContext.java:583)
	at org.springframework.boot.web.servlet.context.ServletWebServerApplicationContext.refresh(ServletWebServerApplicationContext.java:145)
	at org.springframework.boot.SpringApplication.refresh(SpringApplication.java:754)
	at org.springframework.boot.SpringApplication.refreshContext(SpringApplication.java:434)
	at org.springframework.boot.SpringApplication.run(SpringApplication.java:338)
	at org.springframework.boot.SpringApplication.run(SpringApplication.java:1343)
	at org.springframework.boot.SpringApplication.run(SpringApplication.java:1332)
	at com.zmj.demo.DemoApplication.main(DemoApplication.java:10)
Caused by: org.springframework.beans.factory.UnsatisfiedDependencyException: Error creating bean with name 'redisTemplate' defined in class path resource [com/zmj/demo/config/redis/RedisConfig.class]: Unsatisfied dependency expressed through method 'redisTemplate' parameter 0; nested exception is org.springframework.beans.factory.UnsatisfiedDependencyException: Error creating bean with name 'redisConnectionFactory' defined in class path resource [org/springframework/boot/autoconfigure/data/redis/LettuceConnectionConfiguration.class]: Unsatisfied dependency expressed through method 'redisConnectionFactory' parameter 1; nested exception is org.springframework.beans.factory.BeanCreationException: Error creating bean with name 'lettuceClientResources' defined in class path resource [org/springframework/boot/autoconfigure/data/redis/LettuceConnectionConfiguration.class]: Bean instantiation via factory method failed; nested exception is org.springframework.beans.BeanInstantiationException: Failed to instantiate [io.lettuce.core.resource.DefaultClientResources]: Factory method 'lettuceClientResources' threw exception; nested exception is java.lang.NoClassDefFoundError: io/netty/resolver/DefaultAddressResolverGroup
	at org.springframework.beans.factory.support.ConstructorResolver.createArgumentArray(ConstructorResolver.java:800)
	at org.springframework.beans.factory.support.ConstructorResolver.instantiateUsingFactoryMethod(ConstructorResolver.java:541)
	at org.springframework.beans.factory.support.AbstractAutowireCapableBeanFactory.instantiateUsingFactoryMethod(AbstractAutowireCapableBeanFactory.java:1334)
	at org.springframework.beans.factory.support.AbstractAutowireCapableBeanFactory.createBeanInstance(AbstractAutowireCapableBeanFactory.java:1177)
	at org.springframework.beans.factory.support.AbstractAutowireCapableBeanFactory.doCreateBean(AbstractAutowireCapableBeanFactory.java:564)
	at org.springframework.beans.factory.support.AbstractAutowireCapableBeanFactory.createBean(AbstractAutowireCapableBeanFactory.java:524)
	at org.springframework.beans.factory.support.AbstractBeanFactory.lambda$doGetBean$0(AbstractBeanFactory.java:335)
	at org.springframework.beans.factory.support.DefaultSingletonBeanRegistry.getSingleton(DefaultSingletonBeanRegistry.java:234)
	at org.springframework.beans.factory.support.AbstractBeanFactory.doGetBean(AbstractBeanFactory.java:333)
	at org.springframework.beans.factory.support.AbstractBeanFactory.getBean(AbstractBeanFactory.java:213)
	at org.springframework.beans.factory.support.AbstractAutowireCapableBeanFactory.resolveBeanByName(AbstractAutowireCapableBeanFactory.java:461)
	at org.springframework.context.annotation.CommonAnnotationBeanPostProcessor.autowireResource(CommonAnnotationBeanPostProcessor.java:527)
	at org.springframework.context.annotation.CommonAnnotationBeanPostProcessor.getResource(CommonAnnotationBeanPostProcessor.java:497)
	at org.springframework.context.annotation.CommonAnnotationBeanPostProcessor$ResourceElement.getResourceToInject(CommonAnnotationBeanPostProcessor.java:650)
	at org.springframework.beans.factory.annotation.InjectionMetadata$InjectedElement.inject(InjectionMetadata.java:228)
	at org.springframework.beans.factory.annotation.InjectionMetadata.inject(InjectionMetadata.java:119)
	at org.springframework.context.annotation.CommonAnnotationBeanPostProcessor.postProcessProperties(CommonAnnotationBeanPostProcessor.java:318)
	... 17 common frames omitted
Caused by: org.springframework.beans.factory.UnsatisfiedDependencyException: Error creating bean with name 'redisConnectionFactory' defined in class path resource [org/springframework/boot/autoconfigure/data/redis/LettuceConnectionConfiguration.class]: Unsatisfied dependency expressed through method 'redisConnectionFactory' parameter 1; nested exception is org.springframework.beans.factory.BeanCreationException: Error creating bean with name 'lettuceClientResources' defined in class path resource [org/springframework/boot/autoconfigure/data/redis/LettuceConnectionConfiguration.class]: Bean instantiation via factory method failed; nested exception is org.springframework.beans.BeanInstantiationException: Failed to instantiate [io.lettuce.core.resource.DefaultClientResources]: Factory method 'lettuceClientResources' threw exception; nested exception is java.lang.NoClassDefFoundError: io/netty/resolver/DefaultAddressResolverGroup
	at org.springframework.beans.factory.support.ConstructorResolver.createArgumentArray(ConstructorResolver.java:800)
	at org.springframework.beans.factory.support.ConstructorResolver.instantiateUsingFactoryMethod(ConstructorResolver.java:541)
	at org.springframework.beans.factory.support.AbstractAutowireCapableBeanFactory.instantiateUsingFactoryMethod(AbstractAutowireCapableBeanFactory.java:1334)
	at org.springframework.beans.factory.support.AbstractAutowireCapableBeanFactory.createBeanInstance(AbstractAutowireCapableBeanFactory.java:1177)
	at org.springframework.beans.factory.support.AbstractAutowireCapableBeanFactory.doCreateBean(AbstractAutowireCapableBeanFactory.java:564)
	at org.springframework.beans.factory.support.AbstractAutowireCapableBeanFactory.createBean(AbstractAutowireCapableBeanFactory.java:524)
	at org.springframework.beans.factory.support.AbstractBeanFactory.lambda$doGetBean$0(AbstractBeanFactory.java:335)
	at org.springframework.beans.factory.support.DefaultSingletonBeanRegistry.getSingleton(DefaultSingletonBeanRegistry.java:234)
	at org.springframework.beans.factory.support.AbstractBeanFactory.doGetBean(AbstractBeanFactory.java:333)
	at org.springframework.beans.factory.support.AbstractBeanFactory.getBean(AbstractBeanFactory.java:208)
	at org.springframework.beans.factory.config.DependencyDescriptor.resolveCandidate(DependencyDescriptor.java:276)
	at org.springframework.beans.factory.support.DefaultListableBeanFactory.doResolveDependency(DefaultListableBeanFactory.java:1380)
	at org.springframework.beans.factory.support.DefaultListableBeanFactory.resolveDependency(DefaultListableBeanFactory.java:1300)
	at org.springframework.beans.factory.support.ConstructorResolver.resolveAutowiredArgument(ConstructorResolver.java:887)
	at org.springframework.beans.factory.support.ConstructorResolver.createArgumentArray(ConstructorResolver.java:791)
	... 33 common frames omitted
Caused by: org.springframework.beans.factory.BeanCreationException: Error creating bean with name 'lettuceClientResources' defined in class path resource [org/springframework/boot/autoconfigure/data/redis/LettuceConnectionConfiguration.class]: Bean instantiation via factory method failed; nested exception is org.springframework.beans.BeanInstantiationException: Failed to instantiate [io.lettuce.core.resource.DefaultClientResources]: Factory method 'lettuceClientResources' threw exception; nested exception is java.lang.NoClassDefFoundError: io/netty/resolver/DefaultAddressResolverGroup
	at org.springframework.beans.factory.support.ConstructorResolver.instantiate(ConstructorResolver.java:658)
	at org.springframework.beans.factory.support.ConstructorResolver.instantiateUsingFactoryMethod(ConstructorResolver.java:486)
	at org.springframework.beans.factory.support.AbstractAutowireCapableBeanFactory.instantiateUsingFactoryMethod(AbstractAutowireCapableBeanFactory.java:1334)
	at org.springframework.beans.factory.support.AbstractAutowireCapableBeanFactory.createBeanInstance(AbstractAutowireCapableBeanFactory.java:1177)
	at org.springframework.beans.factory.support.AbstractAutowireCapableBeanFactory.doCreateBean(AbstractAutowireCapableBeanFactory.java:564)
	at org.springframework.beans.factory.support.AbstractAutowireCapableBeanFactory.createBean(AbstractAutowireCapableBeanFactory.java:524)
	at org.springframework.beans.factory.support.AbstractBeanFactory.lambda$doGetBean$0(AbstractBeanFactory.java:335)
	at org.springframework.beans.factory.support.DefaultSingletonBeanRegistry.getSingleton(DefaultSingletonBeanRegistry.java:234)
	at org.springframework.beans.factory.support.AbstractBeanFactory.doGetBean(AbstractBeanFactory.java:333)
	at org.springframework.beans.factory.support.AbstractBeanFactory.getBean(AbstractBeanFactory.java:208)
	at org.springframework.beans.factory.config.DependencyDescriptor.resolveCandidate(DependencyDescriptor.java:276)
	at org.springframework.beans.factory.support.DefaultListableBeanFactory.doResolveDependency(DefaultListableBeanFactory.java:1380)
	at org.springframework.beans.factory.support.DefaultListableBeanFactory.resolveDependency(DefaultListableBeanFactory.java:1300)
	at org.springframework.beans.factory.support.ConstructorResolver.resolveAutowiredArgument(ConstructorResolver.java:887)
	at org.springframework.beans.factory.support.ConstructorResolver.createArgumentArray(ConstructorResolver.java:791)
	... 47 common frames omitted
Caused by: org.springframework.beans.BeanInstantiationException: Failed to instantiate [io.lettuce.core.resource.DefaultClientResources]: Factory method 'lettuceClientResources' threw exception; nested exception is java.lang.NoClassDefFoundError: io/netty/resolver/DefaultAddressResolverGroup
	at org.springframework.beans.factory.support.SimpleInstantiationStrategy.instantiate(SimpleInstantiationStrategy.java:185)
	at org.springframework.beans.factory.support.ConstructorResolver.instantiate(ConstructorResolver.java:653)
	... 61 common frames omitted
Caused by: java.lang.NoClassDefFoundError: io/netty/resolver/DefaultAddressResolverGroup
	at io.lettuce.core.resource.AddressResolverGroupProvider.<clinit>(AddressResolverGroupProvider.java:38)
	at io.lettuce.core.resource.DefaultClientResources.<clinit>(DefaultClientResources.java:112)
	at org.springframework.boot.autoconfigure.data.redis.LettuceConnectionConfiguration.lettuceClientResources(LettuceConnectionConfiguration.java:69)
	at sun.reflect.NativeMethodAccessorImpl.invoke0(Native Method)
	at sun.reflect.NativeMethodAccessorImpl.invoke(NativeMethodAccessorImpl.java:62)
	at sun.reflect.DelegatingMethodAccessorImpl.invoke(DelegatingMethodAccessorImpl.java:43)
	at java.lang.reflect.Method.invoke(Method.java:498)
	at org.springframework.beans.factory.support.SimpleInstantiationStrategy.instantiate(SimpleInstantiationStrategy.java:154)
	... 62 common frames omitted
Caused by: java.lang.ClassNotFoundException: io.netty.resolver.DefaultAddressResolverGroup
	at java.net.URLClassLoader.findClass(URLClassLoader.java:382)
	at java.lang.ClassLoader.loadClass(ClassLoader.java:418)
	at sun.misc.Launcher$AppClassLoader.loadClass(Launcher.java:355)
	at java.lang.ClassLoader.loadClass(ClassLoader.java:351)
	... 70 common frames omitted
2021-07-05 14:59:01.884 [main] INFO  com.zmj.demo.DemoApplication - Starting DemoApplication using Java 1.8.0_241 on LAPTOP-T7NFK67M with PID 161176 (C:\work\git\515\demo\target\classes started by Administrator in C:\work\git\515\demo)
2021-07-05 14:59:01.889 [main] INFO  com.zmj.demo.DemoApplication - No active profile set, falling back to default profiles: default
2021-07-05 14:59:02.892 [main] INFO  o.s.boot.web.embedded.tomcat.TomcatWebServer - Tomcat initialized with port(s): 10090 (http)
2021-07-05 14:59:02.899 [main] INFO  org.apache.coyote.http11.Http11NioProtocol - Initializing ProtocolHandler ["http-nio-10090"]
2021-07-05 14:59:02.900 [main] INFO  org.apache.catalina.core.StandardService - Starting service [Tomcat]
2021-07-05 14:59:02.900 [main] INFO  org.apache.catalina.core.StandardEngine - Starting Servlet engine: [Apache Tomcat/9.0.46]
2021-07-05 14:59:03.007 [main] INFO  o.a.c.core.ContainerBase.[Tomcat].[localhost].[/] - Initializing Spring embedded WebApplicationContext
2021-07-05 14:59:03.007 [main] INFO  o.s.b.w.s.c.ServletWebServerApplicationContext - Root WebApplicationContext: initialization completed in 1063 ms
2021-07-05 14:59:03.246 [main] WARN  o.s.b.w.s.c.AnnotationConfigServletWebServerApplicationContext - Exception encountered during context initialization - cancelling refresh attempt: org.springframework.beans.factory.BeanCreationException: Error creating bean with name 'redisService': Injection of resource dependencies failed; nested exception is org.springframework.beans.factory.UnsatisfiedDependencyException: Error creating bean with name 'redisTemplate' defined in class path resource [com/zmj/demo/config/redis/RedisConfig.class]: Unsatisfied dependency expressed through method 'redisTemplate' parameter 0; nested exception is org.springframework.beans.factory.NoSuchBeanDefinitionException: No qualifying bean of type 'org.springframework.data.redis.connection.RedisConnectionFactory' available: expected at least 1 bean which qualifies as autowire candidate. Dependency annotations: {}
2021-07-05 14:59:03.249 [main] INFO  org.apache.catalina.core.StandardService - Stopping service [Tomcat]
2021-07-05 14:59:03.258 [main] INFO  o.s.b.a.l.ConditionEvaluationReportLoggingListener - 

Error starting ApplicationContext. To display the conditions report re-run your application with 'debug' enabled.
2021-07-05 14:59:03.275 [main] ERROR o.s.b.diagnostics.LoggingFailureAnalysisReporter - 

***************************
APPLICATION FAILED TO START
***************************

Description:

Parameter 0 of method redisTemplate in com.zmj.demo.config.redisConfig.RedisConfig required a bean of type 'org.springframework.data.redis.connection.RedisConnectionFactory' that could not be found.


Action:

Consider defining a bean of type 'org.springframework.data.redis.connection.RedisConnectionFactory' in your configuration.

2021-07-05 15:04:11.890 [main] INFO  com.zmj.demo.DemoApplication - Starting DemoApplication using Java 1.8.0_241 on LAPTOP-T7NFK67M with PID 166124 (C:\work\git\515\demo\target\classes started by Administrator in C:\work\git\515\demo)
2021-07-05 15:04:11.893 [main] INFO  com.zmj.demo.DemoApplication - No active profile set, falling back to default profiles: default
2021-07-05 15:04:12.628 [main] INFO  o.s.d.r.config.RepositoryConfigurationDelegate - Multiple Spring Data modules found, entering strict repository configuration mode!
2021-07-05 15:04:12.630 [main] INFO  o.s.d.r.config.RepositoryConfigurationDelegate - Bootstrapping Spring Data Redis repositories in DEFAULT mode.
2021-07-05 15:04:12.653 [main] INFO  o.s.d.r.config.RepositoryConfigurationDelegate - Finished Spring Data repository scanning in 11 ms. Found 0 Redis repository interfaces.
2021-07-05 15:04:13.003 [main] INFO  o.s.boot.web.embedded.tomcat.TomcatWebServer - Tomcat initialized with port(s): 10090 (http)
2021-07-05 15:04:13.011 [main] INFO  org.apache.coyote.http11.Http11NioProtocol - Initializing ProtocolHandler ["http-nio-10090"]
2021-07-05 15:04:13.011 [main] INFO  org.apache.catalina.core.StandardService - Starting service [Tomcat]
2021-07-05 15:04:13.012 [main] INFO  org.apache.catalina.core.StandardEngine - Starting Servlet engine: [Apache Tomcat/9.0.46]
2021-07-05 15:04:13.119 [main] INFO  o.a.c.core.ContainerBase.[Tomcat].[localhost].[/] - Initializing Spring embedded WebApplicationContext
2021-07-05 15:04:13.119 [main] INFO  o.s.b.w.s.c.ServletWebServerApplicationContext - Root WebApplicationContext: initialization completed in 1178 ms
2021-07-05 15:04:13.334 [main] WARN  o.s.b.w.s.c.AnnotationConfigServletWebServerApplicationContext - Exception encountered during context initialization - cancelling refresh attempt: org.springframework.beans.factory.BeanCreationException: Error creating bean with name 'redisService': Injection of resource dependencies failed; nested exception is org.springframework.beans.factory.UnsatisfiedDependencyException: Error creating bean with name 'redisTemplate' defined in class path resource [com/zmj/demo/config/redis/RedisConfig.class]: Unsatisfied dependency expressed through method 'redisTemplate' parameter 0; nested exception is org.springframework.beans.factory.UnsatisfiedDependencyException: Error creating bean with name 'redisConnectionFactory' defined in class path resource [org/springframework/boot/autoconfigure/data/redis/LettuceConnectionConfiguration.class]: Unsatisfied dependency expressed through method 'redisConnectionFactory' parameter 1; nested exception is org.springframework.beans.factory.BeanCreationException: Error creating bean with name 'lettuceClientResources' defined in class path resource [org/springframework/boot/autoconfigure/data/redis/LettuceConnectionConfiguration.class]: Bean instantiation via factory method failed; nested exception is org.springframework.beans.BeanInstantiationException: Failed to instantiate [io.lettuce.core.resource.DefaultClientResources]: Factory method 'lettuceClientResources' threw exception; nested exception is java.lang.NoClassDefFoundError: io/netty/resolver/DefaultAddressResolverGroup
2021-07-05 15:04:13.337 [main] INFO  org.apache.catalina.core.StandardService - Stopping service [Tomcat]
2021-07-05 15:04:13.346 [main] INFO  o.s.b.a.l.ConditionEvaluationReportLoggingListener - 

Error starting ApplicationContext. To display the conditions report re-run your application with 'debug' enabled.
2021-07-05 15:04:13.396 [main] ERROR org.springframework.boot.SpringApplication - Application run failed
org.springframework.beans.factory.BeanCreationException: Error creating bean with name 'redisService': Injection of resource dependencies failed; nested exception is org.springframework.beans.factory.UnsatisfiedDependencyException: Error creating bean with name 'redisTemplate' defined in class path resource [com/zmj/demo/config/redis/RedisConfig.class]: Unsatisfied dependency expressed through method 'redisTemplate' parameter 0; nested exception is org.springframework.beans.factory.UnsatisfiedDependencyException: Error creating bean with name 'redisConnectionFactory' defined in class path resource [org/springframework/boot/autoconfigure/data/redis/LettuceConnectionConfiguration.class]: Unsatisfied dependency expressed through method 'redisConnectionFactory' parameter 1; nested exception is org.springframework.beans.factory.BeanCreationException: Error creating bean with name 'lettuceClientResources' defined in class path resource [org/springframework/boot/autoconfigure/data/redis/LettuceConnectionConfiguration.class]: Bean instantiation via factory method failed; nested exception is org.springframework.beans.BeanInstantiationException: Failed to instantiate [io.lettuce.core.resource.DefaultClientResources]: Factory method 'lettuceClientResources' threw exception; nested exception is java.lang.NoClassDefFoundError: io/netty/resolver/DefaultAddressResolverGroup
	at org.springframework.context.annotation.CommonAnnotationBeanPostProcessor.postProcessProperties(CommonAnnotationBeanPostProcessor.java:321)
	at org.springframework.beans.factory.support.AbstractAutowireCapableBeanFactory.populateBean(AbstractAutowireCapableBeanFactory.java:1413)
	at org.springframework.beans.factory.support.AbstractAutowireCapableBeanFactory.doCreateBean(AbstractAutowireCapableBeanFactory.java:601)
	at org.springframework.beans.factory.support.AbstractAutowireCapableBeanFactory.createBean(AbstractAutowireCapableBeanFactory.java:524)
	at org.springframework.beans.factory.support.AbstractBeanFactory.lambda$doGetBean$0(AbstractBeanFactory.java:335)
	at org.springframework.beans.factory.support.DefaultSingletonBeanRegistry.getSingleton(DefaultSingletonBeanRegistry.java:234)
	at org.springframework.beans.factory.support.AbstractBeanFactory.doGetBean(AbstractBeanFactory.java:333)
	at org.springframework.beans.factory.support.AbstractBeanFactory.getBean(AbstractBeanFactory.java:208)
	at org.springframework.beans.factory.support.DefaultListableBeanFactory.preInstantiateSingletons(DefaultListableBeanFactory.java:944)
	at org.springframework.context.support.AbstractApplicationContext.finishBeanFactoryInitialization(AbstractApplicationContext.java:918)
	at org.springframework.context.support.AbstractApplicationContext.refresh(AbstractApplicationContext.java:583)
	at org.springframework.boot.web.servlet.context.ServletWebServerApplicationContext.refresh(ServletWebServerApplicationContext.java:145)
	at org.springframework.boot.SpringApplication.refresh(SpringApplication.java:754)
	at org.springframework.boot.SpringApplication.refreshContext(SpringApplication.java:434)
	at org.springframework.boot.SpringApplication.run(SpringApplication.java:338)
	at org.springframework.boot.SpringApplication.run(SpringApplication.java:1343)
	at org.springframework.boot.SpringApplication.run(SpringApplication.java:1332)
	at com.zmj.demo.DemoApplication.main(DemoApplication.java:10)
Caused by: org.springframework.beans.factory.UnsatisfiedDependencyException: Error creating bean with name 'redisTemplate' defined in class path resource [com/zmj/demo/config/redis/RedisConfig.class]: Unsatisfied dependency expressed through method 'redisTemplate' parameter 0; nested exception is org.springframework.beans.factory.UnsatisfiedDependencyException: Error creating bean with name 'redisConnectionFactory' defined in class path resource [org/springframework/boot/autoconfigure/data/redis/LettuceConnectionConfiguration.class]: Unsatisfied dependency expressed through method 'redisConnectionFactory' parameter 1; nested exception is org.springframework.beans.factory.BeanCreationException: Error creating bean with name 'lettuceClientResources' defined in class path resource [org/springframework/boot/autoconfigure/data/redis/LettuceConnectionConfiguration.class]: Bean instantiation via factory method failed; nested exception is org.springframework.beans.BeanInstantiationException: Failed to instantiate [io.lettuce.core.resource.DefaultClientResources]: Factory method 'lettuceClientResources' threw exception; nested exception is java.lang.NoClassDefFoundError: io/netty/resolver/DefaultAddressResolverGroup
	at org.springframework.beans.factory.support.ConstructorResolver.createArgumentArray(ConstructorResolver.java:800)
	at org.springframework.beans.factory.support.ConstructorResolver.instantiateUsingFactoryMethod(ConstructorResolver.java:541)
	at org.springframework.beans.factory.support.AbstractAutowireCapableBeanFactory.instantiateUsingFactoryMethod(AbstractAutowireCapableBeanFactory.java:1334)
	at org.springframework.beans.factory.support.AbstractAutowireCapableBeanFactory.createBeanInstance(AbstractAutowireCapableBeanFactory.java:1177)
	at org.springframework.beans.factory.support.AbstractAutowireCapableBeanFactory.doCreateBean(AbstractAutowireCapableBeanFactory.java:564)
	at org.springframework.beans.factory.support.AbstractAutowireCapableBeanFactory.createBean(AbstractAutowireCapableBeanFactory.java:524)
	at org.springframework.beans.factory.support.AbstractBeanFactory.lambda$doGetBean$0(AbstractBeanFactory.java:335)
	at org.springframework.beans.factory.support.DefaultSingletonBeanRegistry.getSingleton(DefaultSingletonBeanRegistry.java:234)
	at org.springframework.beans.factory.support.AbstractBeanFactory.doGetBean(AbstractBeanFactory.java:333)
	at org.springframework.beans.factory.support.AbstractBeanFactory.getBean(AbstractBeanFactory.java:213)
	at org.springframework.beans.factory.support.AbstractAutowireCapableBeanFactory.resolveBeanByName(AbstractAutowireCapableBeanFactory.java:461)
	at org.springframework.context.annotation.CommonAnnotationBeanPostProcessor.autowireResource(CommonAnnotationBeanPostProcessor.java:527)
	at org.springframework.context.annotation.CommonAnnotationBeanPostProcessor.getResource(CommonAnnotationBeanPostProcessor.java:497)
	at org.springframework.context.annotation.CommonAnnotationBeanPostProcessor$ResourceElement.getResourceToInject(CommonAnnotationBeanPostProcessor.java:650)
	at org.springframework.beans.factory.annotation.InjectionMetadata$InjectedElement.inject(InjectionMetadata.java:228)
	at org.springframework.beans.factory.annotation.InjectionMetadata.inject(InjectionMetadata.java:119)
	at org.springframework.context.annotation.CommonAnnotationBeanPostProcessor.postProcessProperties(CommonAnnotationBeanPostProcessor.java:318)
	... 17 common frames omitted
Caused by: org.springframework.beans.factory.UnsatisfiedDependencyException: Error creating bean with name 'redisConnectionFactory' defined in class path resource [org/springframework/boot/autoconfigure/data/redis/LettuceConnectionConfiguration.class]: Unsatisfied dependency expressed through method 'redisConnectionFactory' parameter 1; nested exception is org.springframework.beans.factory.BeanCreationException: Error creating bean with name 'lettuceClientResources' defined in class path resource [org/springframework/boot/autoconfigure/data/redis/LettuceConnectionConfiguration.class]: Bean instantiation via factory method failed; nested exception is org.springframework.beans.BeanInstantiationException: Failed to instantiate [io.lettuce.core.resource.DefaultClientResources]: Factory method 'lettuceClientResources' threw exception; nested exception is java.lang.NoClassDefFoundError: io/netty/resolver/DefaultAddressResolverGroup
	at org.springframework.beans.factory.support.ConstructorResolver.createArgumentArray(ConstructorResolver.java:800)
	at org.springframework.beans.factory.support.ConstructorResolver.instantiateUsingFactoryMethod(ConstructorResolver.java:541)
	at org.springframework.beans.factory.support.AbstractAutowireCapableBeanFactory.instantiateUsingFactoryMethod(AbstractAutowireCapableBeanFactory.java:1334)
	at org.springframework.beans.factory.support.AbstractAutowireCapableBeanFactory.createBeanInstance(AbstractAutowireCapableBeanFactory.java:1177)
	at org.springframework.beans.factory.support.AbstractAutowireCapableBeanFactory.doCreateBean(AbstractAutowireCapableBeanFactory.java:564)
	at org.springframework.beans.factory.support.AbstractAutowireCapableBeanFactory.createBean(AbstractAutowireCapableBeanFactory.java:524)
	at org.springframework.beans.factory.support.AbstractBeanFactory.lambda$doGetBean$0(AbstractBeanFactory.java:335)
	at org.springframework.beans.factory.support.DefaultSingletonBeanRegistry.getSingleton(DefaultSingletonBeanRegistry.java:234)
	at org.springframework.beans.factory.support.AbstractBeanFactory.doGetBean(AbstractBeanFactory.java:333)
	at org.springframework.beans.factory.support.AbstractBeanFactory.getBean(AbstractBeanFactory.java:208)
	at org.springframework.beans.factory.config.DependencyDescriptor.resolveCandidate(DependencyDescriptor.java:276)
	at org.springframework.beans.factory.support.DefaultListableBeanFactory.doResolveDependency(DefaultListableBeanFactory.java:1380)
	at org.springframework.beans.factory.support.DefaultListableBeanFactory.resolveDependency(DefaultListableBeanFactory.java:1300)
	at org.springframework.beans.factory.support.ConstructorResolver.resolveAutowiredArgument(ConstructorResolver.java:887)
	at org.springframework.beans.factory.support.ConstructorResolver.createArgumentArray(ConstructorResolver.java:791)
	... 33 common frames omitted
Caused by: org.springframework.beans.factory.BeanCreationException: Error creating bean with name 'lettuceClientResources' defined in class path resource [org/springframework/boot/autoconfigure/data/redis/LettuceConnectionConfiguration.class]: Bean instantiation via factory method failed; nested exception is org.springframework.beans.BeanInstantiationException: Failed to instantiate [io.lettuce.core.resource.DefaultClientResources]: Factory method 'lettuceClientResources' threw exception; nested exception is java.lang.NoClassDefFoundError: io/netty/resolver/DefaultAddressResolverGroup
	at org.springframework.beans.factory.support.ConstructorResolver.instantiate(ConstructorResolver.java:658)
	at org.springframework.beans.factory.support.ConstructorResolver.instantiateUsingFactoryMethod(ConstructorResolver.java:486)
	at org.springframework.beans.factory.support.AbstractAutowireCapableBeanFactory.instantiateUsingFactoryMethod(AbstractAutowireCapableBeanFactory.java:1334)
	at org.springframework.beans.factory.support.AbstractAutowireCapableBeanFactory.createBeanInstance(AbstractAutowireCapableBeanFactory.java:1177)
	at org.springframework.beans.factory.support.AbstractAutowireCapableBeanFactory.doCreateBean(AbstractAutowireCapableBeanFactory.java:564)
	at org.springframework.beans.factory.support.AbstractAutowireCapableBeanFactory.createBean(AbstractAutowireCapableBeanFactory.java:524)
	at org.springframework.beans.factory.support.AbstractBeanFactory.lambda$doGetBean$0(AbstractBeanFactory.java:335)
	at org.springframework.beans.factory.support.DefaultSingletonBeanRegistry.getSingleton(DefaultSingletonBeanRegistry.java:234)
	at org.springframework.beans.factory.support.AbstractBeanFactory.doGetBean(AbstractBeanFactory.java:333)
	at org.springframework.beans.factory.support.AbstractBeanFactory.getBean(AbstractBeanFactory.java:208)
	at org.springframework.beans.factory.config.DependencyDescriptor.resolveCandidate(DependencyDescriptor.java:276)
	at org.springframework.beans.factory.support.DefaultListableBeanFactory.doResolveDependency(DefaultListableBeanFactory.java:1380)
	at org.springframework.beans.factory.support.DefaultListableBeanFactory.resolveDependency(DefaultListableBeanFactory.java:1300)
	at org.springframework.beans.factory.support.ConstructorResolver.resolveAutowiredArgument(ConstructorResolver.java:887)
	at org.springframework.beans.factory.support.ConstructorResolver.createArgumentArray(ConstructorResolver.java:791)
	... 47 common frames omitted
Caused by: org.springframework.beans.BeanInstantiationException: Failed to instantiate [io.lettuce.core.resource.DefaultClientResources]: Factory method 'lettuceClientResources' threw exception; nested exception is java.lang.NoClassDefFoundError: io/netty/resolver/DefaultAddressResolverGroup
	at org.springframework.beans.factory.support.SimpleInstantiationStrategy.instantiate(SimpleInstantiationStrategy.java:185)
	at org.springframework.beans.factory.support.ConstructorResolver.instantiate(ConstructorResolver.java:653)
	... 61 common frames omitted
Caused by: java.lang.NoClassDefFoundError: io/netty/resolver/DefaultAddressResolverGroup
	at io.lettuce.core.resource.AddressResolverGroupProvider.<clinit>(AddressResolverGroupProvider.java:38)
	at io.lettuce.core.resource.DefaultClientResources.<clinit>(DefaultClientResources.java:112)
	at org.springframework.boot.autoconfigure.data.redis.LettuceConnectionConfiguration.lettuceClientResources(LettuceConnectionConfiguration.java:69)
	at sun.reflect.NativeMethodAccessorImpl.invoke0(Native Method)
	at sun.reflect.NativeMethodAccessorImpl.invoke(NativeMethodAccessorImpl.java:62)
	at sun.reflect.DelegatingMethodAccessorImpl.invoke(DelegatingMethodAccessorImpl.java:43)
	at java.lang.reflect.Method.invoke(Method.java:498)
	at org.springframework.beans.factory.support.SimpleInstantiationStrategy.instantiate(SimpleInstantiationStrategy.java:154)
	... 62 common frames omitted
Caused by: java.lang.ClassNotFoundException: io.netty.resolver.DefaultAddressResolverGroup
	at java.net.URLClassLoader.findClass(URLClassLoader.java:382)
	at java.lang.ClassLoader.loadClass(ClassLoader.java:418)
	at sun.misc.Launcher$AppClassLoader.loadClass(Launcher.java:355)
	at java.lang.ClassLoader.loadClass(ClassLoader.java:351)
	... 70 common frames omitted
2021-07-05 15:07:28.801 [main] INFO  com.zmj.demo.DemoApplication - Starting DemoApplication using Java 1.8.0_241 on LAPTOP-T7NFK67M with PID 118836 (C:\work\git\515\demo\target\classes started by Administrator in C:\work\git\515\demo)
2021-07-05 15:07:28.804 [main] INFO  com.zmj.demo.DemoApplication - No active profile set, falling back to default profiles: default
2021-07-05 15:07:29.842 [main] INFO  o.s.boot.web.embedded.tomcat.TomcatWebServer - Tomcat initialized with port(s): 10090 (http)
2021-07-05 15:07:29.850 [main] INFO  org.apache.coyote.http11.Http11NioProtocol - Initializing ProtocolHandler ["http-nio-10090"]
2021-07-05 15:07:29.851 [main] INFO  org.apache.catalina.core.StandardService - Starting service [Tomcat]
2021-07-05 15:07:29.851 [main] INFO  org.apache.catalina.core.StandardEngine - Starting Servlet engine: [Apache Tomcat/9.0.46]
2021-07-05 15:07:29.952 [main] INFO  o.a.c.core.ContainerBase.[Tomcat].[localhost].[/] - Initializing Spring embedded WebApplicationContext
2021-07-05 15:07:29.953 [main] INFO  o.s.b.w.s.c.ServletWebServerApplicationContext - Root WebApplicationContext: initialization completed in 1100 ms
2021-07-05 15:07:30.182 [main] WARN  o.s.b.w.s.c.AnnotationConfigServletWebServerApplicationContext - Exception encountered during context initialization - cancelling refresh attempt: org.springframework.beans.factory.BeanCreationException: Error creating bean with name 'redisService': Injection of resource dependencies failed; nested exception is org.springframework.beans.factory.UnsatisfiedDependencyException: Error creating bean with name 'redisTemplate' defined in class path resource [com/zmj/demo/config/redis/RedisConfig.class]: Unsatisfied dependency expressed through method 'redisTemplate' parameter 0; nested exception is org.springframework.beans.factory.NoSuchBeanDefinitionException: No qualifying bean of type 'org.springframework.data.redis.connection.RedisConnectionFactory' available: expected at least 1 bean which qualifies as autowire candidate. Dependency annotations: {}
2021-07-05 15:07:30.185 [main] INFO  org.apache.catalina.core.StandardService - Stopping service [Tomcat]
2021-07-05 15:07:30.194 [main] INFO  o.s.b.a.l.ConditionEvaluationReportLoggingListener - 

Error starting ApplicationContext. To display the conditions report re-run your application with 'debug' enabled.
2021-07-05 15:07:30.210 [main] ERROR o.s.b.diagnostics.LoggingFailureAnalysisReporter - 

***************************
APPLICATION FAILED TO START
***************************

Description:

Parameter 0 of method redisTemplate in com.zmj.demo.config.redisConfig.RedisConfig required a bean of type 'org.springframework.data.redis.connection.RedisConnectionFactory' that could not be found.


Action:

Consider defining a bean of type 'org.springframework.data.redis.connection.RedisConnectionFactory' in your configuration.

2021-07-05 15:10:02.876 [main] INFO  com.zmj.demo.DemoApplication - Starting DemoApplication using Java 1.8.0_241 on LAPTOP-T7NFK67M with PID 114468 (C:\work\git\515\demo\target\classes started by Administrator in C:\work\git\515\demo)
2021-07-05 15:10:02.879 [main] INFO  com.zmj.demo.DemoApplication - No active profile set, falling back to default profiles: default
2021-07-05 15:10:03.690 [main] INFO  o.s.boot.web.embedded.tomcat.TomcatWebServer - Tomcat initialized with port(s): 10090 (http)
2021-07-05 15:10:03.701 [main] INFO  org.apache.coyote.http11.Http11NioProtocol - Initializing ProtocolHandler ["http-nio-10090"]
2021-07-05 15:10:03.702 [main] INFO  org.apache.catalina.core.StandardService - Starting service [Tomcat]
2021-07-05 15:10:03.702 [main] INFO  org.apache.catalina.core.StandardEngine - Starting Servlet engine: [Apache Tomcat/9.0.46]
2021-07-05 15:10:03.789 [main] INFO  o.a.c.core.ContainerBase.[Tomcat].[localhost].[/] - Initializing Spring embedded WebApplicationContext
2021-07-05 15:10:03.789 [main] INFO  o.s.b.w.s.c.ServletWebServerApplicationContext - Root WebApplicationContext: initialization completed in 870 ms
2021-07-05 15:10:03.975 [main] WARN  o.s.b.w.s.c.AnnotationConfigServletWebServerApplicationContext - Exception encountered during context initialization - cancelling refresh attempt: org.springframework.beans.factory.BeanCreationException: Error creating bean with name 'redisService': Injection of resource dependencies failed; nested exception is org.springframework.beans.factory.UnsatisfiedDependencyException: Error creating bean with name 'redisTemplate' defined in class path resource [com/zmj/demo/config/redis/RedisConfig.class]: Unsatisfied dependency expressed through method 'redisTemplate' parameter 0; nested exception is org.springframework.beans.factory.NoSuchBeanDefinitionException: No qualifying bean of type 'org.springframework.data.redis.connection.RedisConnectionFactory' available: expected at least 1 bean which qualifies as autowire candidate. Dependency annotations: {}
2021-07-05 15:10:03.978 [main] INFO  org.apache.catalina.core.StandardService - Stopping service [Tomcat]
2021-07-05 15:10:03.985 [main] INFO  o.s.b.a.l.ConditionEvaluationReportLoggingListener - 

Error starting ApplicationContext. To display the conditions report re-run your application with 'debug' enabled.
2021-07-05 15:10:03.999 [main] ERROR o.s.b.diagnostics.LoggingFailureAnalysisReporter - 

***************************
APPLICATION FAILED TO START
***************************

Description:

Parameter 0 of method redisTemplate in com.zmj.demo.config.redisConfig.RedisConfig required a bean of type 'org.springframework.data.redis.connection.RedisConnectionFactory' that could not be found.


Action:

Consider defining a bean of type 'org.springframework.data.redis.connection.RedisConnectionFactory' in your configuration.

2021-07-05 15:17:42.868 [main] INFO  com.zmj.demo.DemoApplication - Starting DemoApplication using Java 1.8.0_241 on LAPTOP-T7NFK67M with PID 161572 (C:\work\git\515\demo\target\classes started by Administrator in C:\work\git\515\demo)
2021-07-05 15:17:42.872 [main] INFO  com.zmj.demo.DemoApplication - No active profile set, falling back to default profiles: default
2021-07-05 15:17:43.598 [main] INFO  o.s.boot.web.embedded.tomcat.TomcatWebServer - Tomcat initialized with port(s): 10090 (http)
2021-07-05 15:17:43.603 [main] INFO  org.apache.coyote.http11.Http11NioProtocol - Initializing ProtocolHandler ["http-nio-10090"]
2021-07-05 15:17:43.604 [main] INFO  org.apache.catalina.core.StandardService - Starting service [Tomcat]
2021-07-05 15:17:43.604 [main] INFO  org.apache.catalina.core.StandardEngine - Starting Servlet engine: [Apache Tomcat/9.0.46]
2021-07-05 15:17:43.677 [main] INFO  o.a.c.core.ContainerBase.[Tomcat].[localhost].[/] - Initializing Spring embedded WebApplicationContext
2021-07-05 15:17:43.677 [main] INFO  o.s.b.w.s.c.ServletWebServerApplicationContext - Root WebApplicationContext: initialization completed in 764 ms
2021-07-05 15:17:43.856 [main] WARN  o.s.b.w.s.c.AnnotationConfigServletWebServerApplicationContext - Exception encountered during context initialization - cancelling refresh attempt: org.springframework.beans.factory.BeanCreationException: Error creating bean with name 'redisService': Injection of resource dependencies failed; nested exception is org.springframework.beans.factory.UnsatisfiedDependencyException: Error creating bean with name 'redisTemplate' defined in class path resource [com/zmj/demo/config/redis/RedisConfig.class]: Unsatisfied dependency expressed through method 'redisTemplate' parameter 0; nested exception is org.springframework.beans.factory.NoSuchBeanDefinitionException: No qualifying bean of type 'org.springframework.data.redis.connection.RedisConnectionFactory' available: expected at least 1 bean which qualifies as autowire candidate. Dependency annotations: {}
2021-07-05 15:17:43.859 [main] INFO  org.apache.catalina.core.StandardService - Stopping service [Tomcat]
2021-07-05 15:17:43.867 [main] INFO  o.s.b.a.l.ConditionEvaluationReportLoggingListener - 

Error starting ApplicationContext. To display the conditions report re-run your application with 'debug' enabled.
2021-07-05 15:17:43.880 [main] ERROR o.s.b.diagnostics.LoggingFailureAnalysisReporter - 

***************************
APPLICATION FAILED TO START
***************************

Description:

Parameter 0 of method redisTemplate in com.zmj.demo.config.redisConfig.RedisConfig required a bean of type 'org.springframework.data.redis.connection.RedisConnectionFactory' that could not be found.


Action:

Consider defining a bean of type 'org.springframework.data.redis.connection.RedisConnectionFactory' in your configuration.

2021-07-05 15:57:14.905 [main] INFO  com.zmj.demo.DemoApplication - Starting DemoApplication using Java 1.8.0_241 on LAPTOP-T7NFK67M with PID 93104 (C:\work\git\515\demo\target\classes started by Administrator in C:\work\git\515\demo)
2021-07-05 15:57:14.907 [main] INFO  com.zmj.demo.DemoApplication - No active profile set, falling back to default profiles: default
2021-07-05 15:57:15.648 [main] INFO  o.s.boot.web.embedded.tomcat.TomcatWebServer - Tomcat initialized with port(s): 10090 (http)
2021-07-05 15:57:15.653 [main] INFO  org.apache.coyote.http11.Http11NioProtocol - Initializing ProtocolHandler ["http-nio-10090"]
2021-07-05 15:57:15.654 [main] INFO  org.apache.catalina.core.StandardService - Starting service [Tomcat]
2021-07-05 15:57:15.654 [main] INFO  org.apache.catalina.core.StandardEngine - Starting Servlet engine: [Apache Tomcat/9.0.46]
2021-07-05 15:57:15.726 [main] INFO  o.a.c.core.ContainerBase.[Tomcat].[localhost].[/] - Initializing Spring embedded WebApplicationContext
2021-07-05 15:57:15.727 [main] INFO  o.s.b.w.s.c.ServletWebServerApplicationContext - Root WebApplicationContext: initialization completed in 778 ms
2021-07-05 15:57:15.904 [main] WARN  o.s.b.w.s.c.AnnotationConfigServletWebServerApplicationContext - Exception encountered during context initialization - cancelling refresh attempt: org.springframework.beans.factory.BeanCreationException: Error creating bean with name 'redisService': Injection of resource dependencies failed; nested exception is org.springframework.beans.factory.UnsatisfiedDependencyException: Error creating bean with name 'redisTemplate' defined in class path resource [com/zmj/demo/config/redis/RedisConfig.class]: Unsatisfied dependency expressed through method 'redisTemplate' parameter 0; nested exception is org.springframework.beans.factory.NoSuchBeanDefinitionException: No qualifying bean of type 'org.springframework.data.redis.connection.RedisConnectionFactory' available: expected at least 1 bean which qualifies as autowire candidate. Dependency annotations: {}
2021-07-05 15:57:15.906 [main] INFO  org.apache.catalina.core.StandardService - Stopping service [Tomcat]
2021-07-05 15:57:15.913 [main] INFO  o.s.b.a.l.ConditionEvaluationReportLoggingListener - 

Error starting ApplicationContext. To display the conditions report re-run your application with 'debug' enabled.
2021-07-05 15:57:15.926 [main] ERROR o.s.b.diagnostics.LoggingFailureAnalysisReporter - 

***************************
APPLICATION FAILED TO START
***************************

Description:

Parameter 0 of method redisTemplate in com.zmj.demo.config.redisConfig.RedisConfig required a bean of type 'org.springframework.data.redis.connection.RedisConnectionFactory' that could not be found.


Action:

Consider defining a bean of type 'org.springframework.data.redis.connection.RedisConnectionFactory' in your configuration.

2021-07-05 19:29:33.969 [main] INFO  com.zmj.demo.DemoApplication - Starting DemoApplication using Java 1.8.0_241 on LAPTOP-T7NFK67M with PID 180812 (C:\work\git\515\demo\target\classes started by Administrator in C:\work\git\515\demo)
2021-07-05 19:29:33.971 [main] INFO  com.zmj.demo.DemoApplication - No active profile set, falling back to default profiles: default
2021-07-05 19:29:34.717 [main] INFO  o.s.boot.web.embedded.tomcat.TomcatWebServer - Tomcat initialized with port(s): 10090 (http)
2021-07-05 19:29:34.722 [main] INFO  org.apache.coyote.http11.Http11NioProtocol - Initializing ProtocolHandler ["http-nio-10090"]
2021-07-05 19:29:34.722 [main] INFO  org.apache.catalina.core.StandardService - Starting service [Tomcat]
2021-07-05 19:29:34.723 [main] INFO  org.apache.catalina.core.StandardEngine - Starting Servlet engine: [Apache Tomcat/9.0.46]
2021-07-05 19:29:34.804 [main] INFO  o.a.c.core.ContainerBase.[Tomcat].[localhost].[/] - Initializing Spring embedded WebApplicationContext
2021-07-05 19:29:34.804 [main] INFO  o.s.b.w.s.c.ServletWebServerApplicationContext - Root WebApplicationContext: initialization completed in 799 ms
2021-07-05 19:29:35.013 [main] WARN  o.s.b.w.s.c.AnnotationConfigServletWebServerApplicationContext - Exception encountered during context initialization - cancelling refresh attempt: org.springframework.beans.factory.BeanCreationException: Error creating bean with name 'redisService': Injection of resource dependencies failed; nested exception is org.springframework.beans.factory.UnsatisfiedDependencyException: Error creating bean with name 'redisTemplate' defined in class path resource [com/zmj/demo/config/redis/RedisConfig.class]: Unsatisfied dependency expressed through method 'redisTemplate' parameter 0; nested exception is org.springframework.beans.factory.NoSuchBeanDefinitionException: No qualifying bean of type 'org.springframework.data.redis.connection.RedisConnectionFactory' available: expected at least 1 bean which qualifies as autowire candidate. Dependency annotations: {}
2021-07-05 19:29:35.016 [main] INFO  org.apache.catalina.core.StandardService - Stopping service [Tomcat]
2021-07-05 19:29:35.024 [main] INFO  o.s.b.a.l.ConditionEvaluationReportLoggingListener - 

Error starting ApplicationContext. To display the conditions report re-run your application with 'debug' enabled.
2021-07-05 19:29:35.036 [main] ERROR o.s.b.diagnostics.LoggingFailureAnalysisReporter - 

***************************
APPLICATION FAILED TO START
***************************

Description:

Parameter 0 of method redisTemplate in com.zmj.demo.config.redisConfig.RedisConfig required a bean of type 'org.springframework.data.redis.connection.RedisConnectionFactory' that could not be found.


Action:

Consider defining a bean of type 'org.springframework.data.redis.connection.RedisConnectionFactory' in your configuration.

2021-07-05 21:12:20.043 [main] INFO  com.zmj.demo.DemoApplication - Starting DemoApplication using Java 1.8.0_241 on LAPTOP-T7NFK67M with PID 181552 (C:\work\git\515\demo\target\classes started by Administrator in C:\work\git\515\demo)
2021-07-05 21:12:20.047 [main] INFO  com.zmj.demo.DemoApplication - No active profile set, falling back to default profiles: default
2021-07-05 21:12:21.064 [main] INFO  o.s.boot.web.embedded.tomcat.TomcatWebServer - Tomcat initialized with port(s): 10090 (http)
2021-07-05 21:12:21.072 [main] INFO  org.apache.coyote.http11.Http11NioProtocol - Initializing ProtocolHandler ["http-nio-10090"]
2021-07-05 21:12:21.072 [main] INFO  org.apache.catalina.core.StandardService - Starting service [Tomcat]
2021-07-05 21:12:21.072 [main] INFO  org.apache.catalina.core.StandardEngine - Starting Servlet engine: [Apache Tomcat/9.0.46]
2021-07-05 21:12:21.165 [main] INFO  o.a.c.core.ContainerBase.[Tomcat].[localhost].[/] - Initializing Spring embedded WebApplicationContext
2021-07-05 21:12:21.165 [main] INFO  o.s.b.w.s.c.ServletWebServerApplicationContext - Root WebApplicationContext: initialization completed in 1058 ms
2021-07-05 21:12:21.387 [main] WARN  o.s.b.w.s.c.AnnotationConfigServletWebServerApplicationContext - Exception encountered during context initialization - cancelling refresh attempt: org.springframework.beans.factory.BeanCreationException: Error creating bean with name 'redisService': Injection of resource dependencies failed; nested exception is org.springframework.beans.factory.UnsatisfiedDependencyException: Error creating bean with name 'redisTemplate' defined in class path resource [com/zmj/demo/config/redis/RedisConfig.class]: Unsatisfied dependency expressed through method 'redisTemplate' parameter 0; nested exception is org.springframework.beans.factory.NoSuchBeanDefinitionException: No qualifying bean of type 'org.springframework.data.redis.connection.RedisConnectionFactory' available: expected at least 1 bean which qualifies as autowire candidate. Dependency annotations: {}
2021-07-05 21:12:21.389 [main] INFO  org.apache.catalina.core.StandardService - Stopping service [Tomcat]
2021-07-05 21:12:21.399 [main] INFO  o.s.b.a.l.ConditionEvaluationReportLoggingListener - 

Error starting ApplicationContext. To display the conditions report re-run your application with 'debug' enabled.
2021-07-05 21:12:21.414 [main] ERROR o.s.b.diagnostics.LoggingFailureAnalysisReporter - 

***************************
APPLICATION FAILED TO START
***************************

Description:

Parameter 0 of method redisTemplate in com.zmj.demo.config.redisConfig.RedisConfig required a bean of type 'org.springframework.data.redis.connection.RedisConnectionFactory' that could not be found.


Action:

Consider defining a bean of type 'org.springframework.data.redis.connection.RedisConnectionFactory' in your configuration.

