2020-12-05 13:42:19  [ main:1907 ] - [ WARN ]  Cookie rejected: "$Version=0; gendanwanguid=wKgAD1/LHbsHQwcYAy6dAg==; $Path=/; $Domain=gendanwang.pro". Illegal domain attribute "gendanwang.pro". Domain of origin: "hqesonline.9188zhibo.com"
2020-12-05 13:42:49  [ main:2072 ] - [ WARN ]  Cookie rejected: "$Version=0; gendanwanguid=wKgAD1/LHdkHQwcYAy6nAg==; $Path=/; $Domain=gendanwang.pro". Illegal domain attribute "gendanwang.pro". Domain of origin: "hqesonline.9188zhibo.com"
2020-12-05 13:53:12  [ main:5600 ] - [ WARN ]  Cookie rejected: "$Version=0; gendanwanguid=wKgAD1/LIEgHQwcYAzA5Ag==; $Path=/; $Domain=gendanwang.pro". Illegal domain attribute "gendanwang.pro". Domain of origin: "hqesonline.9188zhibo.com"
2020-12-05 13:53:12  [ main:5838 ] - [ WARN ]  Cookie rejected: "$Version=0; gendanwanguid=wKgAD1/LIEgHQwcYAzA6Ag==; $Path=/; $Domain=gendanwang.pro". Illegal domain attribute "gendanwang.pro". Domain of origin: "hqesonline.9188zhibo.com"
2020-12-05 13:53:12  [ main:6075 ] - [ WARN ]  Cookie rejected: "$Version=0; gendanwanguid=wKgAD1/LIEgHQwcYAzA7Ag==; $Path=/; $Domain=gendanwang.pro". Illegal domain attribute "gendanwang.pro". Domain of origin: "hqesonline.9188zhibo.com"
2020-12-05 13:53:12  [ main:6302 ] - [ WARN ]  Cookie rejected: "$Version=0; gendanwanguid=wKgAD1/LIEgHQwcYAzA8Ag==; $Path=/; $Domain=gendanwang.pro". Illegal domain attribute "gendanwang.pro". Domain of origin: "hqesonline.9188zhibo.com"
2020-12-05 13:53:27  [ main:3922 ] - [ WARN ]  Cookie rejected: "$Version=0; gendanwanguid=wKgAD1/LIFcIuQcWAzttAg==; $Path=/; $Domain=gendanwang.pro". Illegal domain attribute "gendanwang.pro". Domain of origin: "hqesonline.9188zhibo.com"
2020-12-05 13:53:28  [ main:4568 ] - [ WARN ]  Cookie rejected: "$Version=0; gendanwanguid=wKgAD1/LIFcIuQcWAztuAg==; $Path=/; $Domain=gendanwang.pro". Illegal domain attribute "gendanwang.pro". Domain of origin: "hqesonline.9188zhibo.com"
2020-12-05 13:53:28  [ main:4966 ] - [ WARN ]  Cookie rejected: "$Version=0; gendanwanguid=wKgAD1/LIFgIuQcWAztvAg==; $Path=/; $Domain=gendanwang.pro". Illegal domain attribute "gendanwang.pro". Domain of origin: "hqesonline.9188zhibo.com"
2020-12-05 13:53:29  [ main:5487 ] - [ WARN ]  Cookie rejected: "$Version=0; gendanwanguid=wKgAD1/LIFgIuQcWAztwAg==; $Path=/; $Domain=gendanwang.pro". Illegal domain attribute "gendanwang.pro". Domain of origin: "hqesonline.9188zhibo.com"
2020-12-05 13:57:14  [ main:2186 ] - [ WARN ]  Cookie rejected: "$Version=0; gendanwanguid=wKgAD1/LIToHIQcZAyR1Ag==; $Path=/; $Domain=gendanwang.pro". Illegal domain attribute "gendanwang.pro". Domain of origin: "hqesonline.9188zhibo.com"
2020-12-05 13:57:14  [ main:2429 ] - [ WARN ]  Cookie rejected: "$Version=0; gendanwanguid=wKgAD1/LIToHIQcZAyR2Ag==; $Path=/; $Domain=gendanwang.pro". Illegal domain attribute "gendanwang.pro". Domain of origin: "hqesonline.9188zhibo.com"
2020-12-05 13:57:14  [ main:2668 ] - [ WARN ]  Cookie rejected: "$Version=0; gendanwanguid=wKgAD1/LIToHIQcZAyR3Ag==; $Path=/; $Domain=gendanwang.pro". Illegal domain attribute "gendanwang.pro". Domain of origin: "hqesonline.9188zhibo.com"
2020-12-05 13:57:15  [ main:2995 ] - [ WARN ]  Cookie rejected: "$Version=0; gendanwanguid=wKgAD1/LIToHIQcZAyR4Ag==; $Path=/; $Domain=gendanwang.pro". Illegal domain attribute "gendanwang.pro". Domain of origin: "hqesonline.9188zhibo.com"
2020-12-05 13:58:18  [ main:2748 ] - [ WARN ]  Cookie rejected: "$Version=0; gendanwanguid=wKgAD1/LIXoHIQcZAySNAg==; $Path=/; $Domain=gendanwang.pro". Illegal domain attribute "gendanwang.pro". Domain of origin: "hqesonline.9188zhibo.com"
2020-12-05 13:58:19  [ main:3271 ] - [ WARN ]  Cookie rejected: "$Version=0; gendanwanguid=wKgAD1/LIXoHIQcZAySPAg==; $Path=/; $Domain=gendanwang.pro". Illegal domain attribute "gendanwang.pro". Domain of origin: "hqesonline.9188zhibo.com"
2020-12-05 13:58:19  [ main:3828 ] - [ WARN ]  Cookie rejected: "$Version=0; gendanwanguid=wKgAD1/LIXsHIQcZAySRAg==; $Path=/; $Domain=gendanwang.pro". Illegal domain attribute "gendanwang.pro". Domain of origin: "hqesonline.9188zhibo.com"
2020-12-05 13:58:20  [ main:4316 ] - [ WARN ]  Cookie rejected: "$Version=0; gendanwanguid=wKgAD1/LIXsHIQcZAySTAg==; $Path=/; $Domain=gendanwang.pro". Illegal domain attribute "gendanwang.pro". Domain of origin: "hqesonline.9188zhibo.com"
2020-12-05 13:58:53  [ main:1325 ] - [ WARN ]  Cookie rejected: "$Version=0; gendanwanguid=wKgAD1/LIZ0IuQcWAz2JAg==; $Path=/; $Domain=gendanwang.pro". Illegal domain attribute "gendanwang.pro". Domain of origin: "hqesonline.9188zhibo.com"
2020-12-05 13:58:53  [ main:1565 ] - [ WARN ]  Cookie rejected: "$Version=0; gendanwanguid=wKgAD1/LIZ0IuQcWAz2KAg==; $Path=/; $Domain=gendanwang.pro". Illegal domain attribute "gendanwang.pro". Domain of origin: "hqesonline.9188zhibo.com"
2020-12-05 13:58:53  [ main:1797 ] - [ WARN ]  Cookie rejected: "$Version=0; gendanwanguid=wKgAD1/LIZ0IuQcWAz2LAg==; $Path=/; $Domain=gendanwang.pro". Illegal domain attribute "gendanwang.pro". Domain of origin: "hqesonline.9188zhibo.com"
2020-12-05 13:58:53  [ main:2030 ] - [ WARN ]  Cookie rejected: "$Version=0; gendanwanguid=wKgAD1/LIZ0IuQcWAz2MAg==; $Path=/; $Domain=gendanwang.pro". Illegal domain attribute "gendanwang.pro". Domain of origin: "hqesonline.9188zhibo.com"
2020-12-05 14:00:42  [ main:1754 ] - [ WARN ]  Cookie rejected: "$Version=0; gendanwanguid=wKgAD1/LIgoHQwcYAzHDAg==; $Path=/; $Domain=gendanwang.pro". Illegal domain attribute "gendanwang.pro". Domain of origin: "hqesonline.9188zhibo.com"
2020-12-05 14:00:42  [ main:2009 ] - [ WARN ]  Cookie rejected: "$Version=0; gendanwanguid=wKgAD1/LIgoHQwcYAzHEAg==; $Path=/; $Domain=gendanwang.pro". Illegal domain attribute "gendanwang.pro". Domain of origin: "hqesonline.9188zhibo.com"
2020-12-05 14:00:43  [ main:2259 ] - [ WARN ]  Cookie rejected: "$Version=0; gendanwanguid=wKgAD1/LIgsHQwcYAzHGAg==; $Path=/; $Domain=gendanwang.pro". Illegal domain attribute "gendanwang.pro". Domain of origin: "hqesonline.9188zhibo.com"
2020-12-05 14:00:43  [ main:2489 ] - [ WARN ]  Cookie rejected: "$Version=0; gendanwanguid=wKgAD1/LIgsHQwcYAzHHAg==; $Path=/; $Domain=gendanwang.pro". Illegal domain attribute "gendanwang.pro". Domain of origin: "hqesonline.9188zhibo.com"
2020-12-05 14:01:20  [ main:1797 ] - [ WARN ]  Cookie rejected: "$Version=0; gendanwanguid=wKgAD1/LIjAIuQcWAz5iAg==; $Path=/; $Domain=gendanwang.pro". Illegal domain attribute "gendanwang.pro". Domain of origin: "hqesonline.9188zhibo.com"
2020-12-05 14:01:20  [ main:2144 ] - [ WARN ]  Cookie rejected: "$Version=0; gendanwanguid=wKgAD1/LIjAIuQcWAz5jAg==; $Path=/; $Domain=gendanwang.pro". Illegal domain attribute "gendanwang.pro". Domain of origin: "hqesonline.9188zhibo.com"
2020-12-05 14:01:20  [ main:2374 ] - [ WARN ]  Cookie rejected: "$Version=0; gendanwanguid=wKgAD1/LIjAIuQcWAz5kAg==; $Path=/; $Domain=gendanwang.pro". Illegal domain attribute "gendanwang.pro". Domain of origin: "hqesonline.9188zhibo.com"
2020-12-05 14:01:20  [ main:2603 ] - [ WARN ]  Cookie rejected: "$Version=0; gendanwanguid=wKgAD1/LIjAIuQcWAz5lAg==; $Path=/; $Domain=gendanwang.pro". Illegal domain attribute "gendanwang.pro". Domain of origin: "hqesonline.9188zhibo.com"
2020-12-05 14:01:32  [ main:1955 ] - [ WARN ]  Cookie rejected: "$Version=0; gendanwanguid=wKgAD1/LIjwIuQcWAz5mAg==; $Path=/; $Domain=gendanwang.pro". Illegal domain attribute "gendanwang.pro". Domain of origin: "hqesonline.9188zhibo.com"
2020-12-05 14:01:33  [ main:2266 ] - [ WARN ]  Cookie rejected: "$Version=0; gendanwanguid=wKgAD1/LIjwIuQcWAz5nAg==; $Path=/; $Domain=gendanwang.pro". Illegal domain attribute "gendanwang.pro". Domain of origin: "hqesonline.9188zhibo.com"
2020-12-05 14:01:33  [ main:2529 ] - [ WARN ]  Cookie rejected: "$Version=0; gendanwanguid=wKgAD1/LIj0IuQcWAz5oAg==; $Path=/; $Domain=gendanwang.pro". Illegal domain attribute "gendanwang.pro". Domain of origin: "hqesonline.9188zhibo.com"
2020-12-05 14:01:33  [ main:2749 ] - [ WARN ]  Cookie rejected: "$Version=0; gendanwanguid=wKgAD1/LIj0IuQcWAz5pAg==; $Path=/; $Domain=gendanwang.pro". Illegal domain attribute "gendanwang.pro". Domain of origin: "hqesonline.9188zhibo.com"
2020-12-05 14:10:09  [ main:1796 ] - [ WARN ]  Cookie rejected: "$Version=0; gendanwanguid=wKgAD1/LJEEIuQcWAz6VAg==; $Path=/; $Domain=gendanwang.pro". Illegal domain attribute "gendanwang.pro". Domain of origin: "hqesonline.9188zhibo.com"
2020-12-05 14:10:09  [ main:2030 ] - [ WARN ]  Cookie rejected: "$Version=0; gendanwanguid=wKgAD1/LJEEIuQcWAz6WAg==; $Path=/; $Domain=gendanwang.pro". Illegal domain attribute "gendanwang.pro". Domain of origin: "hqesonline.9188zhibo.com"
2020-12-05 14:10:09  [ main:2263 ] - [ WARN ]  Cookie rejected: "$Version=0; gendanwanguid=wKgAD1/LJEEIuQcWAz6XAg==; $Path=/; $Domain=gendanwang.pro". Illegal domain attribute "gendanwang.pro". Domain of origin: "hqesonline.9188zhibo.com"
2020-12-05 14:10:10  [ main:2490 ] - [ WARN ]  Cookie rejected: "$Version=0; gendanwanguid=wKgAD1/LJEIIuQcWAz6YAg==; $Path=/; $Domain=gendanwang.pro". Illegal domain attribute "gendanwang.pro". Domain of origin: "hqesonline.9188zhibo.com"
2020-12-05 14:10:46  [ main:1751 ] - [ WARN ]  Cookie rejected: "$Version=0; gendanwanguid=wKgAD1/LJGYG6AcXAwpUAg==; $Path=/; $Domain=gendanwang.pro". Illegal domain attribute "gendanwang.pro". Domain of origin: "hqesonline.9188zhibo.com"
2020-12-05 14:10:47  [ main:1982 ] - [ WARN ]  Cookie rejected: "$Version=0; gendanwanguid=wKgAD1/LJGcG6AcXAwpVAg==; $Path=/; $Domain=gendanwang.pro". Illegal domain attribute "gendanwang.pro". Domain of origin: "hqesonline.9188zhibo.com"
2020-12-05 14:10:47  [ main:2207 ] - [ WARN ]  Cookie rejected: "$Version=0; gendanwanguid=wKgAD1/LJGcG6AcXAwpWAg==; $Path=/; $Domain=gendanwang.pro". Illegal domain attribute "gendanwang.pro". Domain of origin: "hqesonline.9188zhibo.com"
2020-12-05 14:10:47  [ main:2429 ] - [ WARN ]  Cookie rejected: "$Version=0; gendanwanguid=wKgAD1/LJGcG6AcXAwpXAg==; $Path=/; $Domain=gendanwang.pro". Illegal domain attribute "gendanwang.pro". Domain of origin: "hqesonline.9188zhibo.com"
2020-12-05 14:17:30  [ main:2142 ] - [ WARN ]  Cookie rejected: "$Version=0; gendanwanguid=wKgAD1/LJfoIuQcWAz8KAg==; $Path=/; $Domain=gendanwang.pro". Illegal domain attribute "gendanwang.pro". Domain of origin: "hqesonline.9188zhibo.com"
2020-12-05 14:17:30  [ main:2383 ] - [ WARN ]  Cookie rejected: "$Version=0; gendanwanguid=wKgAD1/LJfoIuQcWAz8LAg==; $Path=/; $Domain=gendanwang.pro". Illegal domain attribute "gendanwang.pro". Domain of origin: "hqesonline.9188zhibo.com"
2020-12-05 14:17:31  [ main:2606 ] - [ WARN ]  Cookie rejected: "$Version=0; gendanwanguid=wKgAD1/LJfsIuQcWAz8MAg==; $Path=/; $Domain=gendanwang.pro". Illegal domain attribute "gendanwang.pro". Domain of origin: "hqesonline.9188zhibo.com"
