2021-08-07 10:14:26  [ main:0 ] - [ INFO ]  Cluster created with settings {hosts=[mongo-test-01.allintechinc.com:27017], mode=MULTIPLE, requiredClusterType=UNKNOWN, serverSelectionTimeout='30000 ms', maxWaitQueueSize=500}
2021-08-07 10:14:26  [ main:3 ] - [ INFO ]  Adding discovered server mongo-test-01.allintechinc.com:27017 to client view of cluster
2021-08-07 10:14:26  [ main:120 ] - [ INFO ]  Cluster description not yet available. Waiting for 30000 ms before timing out
2021-08-07 10:14:26  [ cluster-ClusterId{value='610dec820debf94f77ecb837', description='null'}-mongo-test-01.allintechinc.com:27017:249 ] - [ INFO ]  Opened connection [connectionId{localValue:1, serverValue:127978}] to mongo-test-01.allintechinc.com:27017
2021-08-07 10:14:26  [ cluster-ClusterId{value='610dec820debf94f77ecb837', description='null'}-mongo-test-01.allintechinc.com:27017:354 ] - [ INFO ]  Monitor thread successfully connected to server with description ServerDescription{address=mongo-test-01.allintechinc.com:27017, type=STANDALONE, state=CONNECTED, ok=true, version=ServerVersion{versionList=[4, 2, 10]}, minWireVersion=0, maxWireVersion=8, maxDocumentSize=16777216, logicalSessionTimeoutMinutes=30, roundTripTimeNanos=102118000}
2021-08-07 10:14:26  [ cluster-ClusterId{value='610dec820debf94f77ecb837', description='null'}-mongo-test-01.allintechinc.com:27017:356 ] - [ INFO ]  Discovered cluster type of STANDALONE
2021-08-07 10:14:26  [ main:581 ] - [ INFO ]  Opened connection [connectionId{localValue:2, serverValue:127979}] to mongo-test-01.allintechinc.com:27017
2021-08-07 10:26:29  [ main:0 ] - [ INFO ]  Cluster created with settings {hosts=[mongo-test-01.allintechinc.com:27017], mode=MULTIPLE, requiredClusterType=UNKNOWN, serverSelectionTimeout='30000 ms', maxWaitQueueSize=500}
2021-08-07 10:26:29  [ main:1 ] - [ INFO ]  Adding discovered server mongo-test-01.allintechinc.com:27017 to client view of cluster
2021-08-07 10:26:29  [ main:46 ] - [ INFO ]  Cluster description not yet available. Waiting for 30000 ms before timing out
2021-08-07 10:26:29  [ cluster-ClusterId{value='610def55b5c1265b8a228071', description='null'}-mongo-test-01.allintechinc.com:27017:110 ] - [ INFO ]  Opened connection [connectionId{localValue:1, serverValue:128027}] to mongo-test-01.allintechinc.com:27017
2021-08-07 10:26:29  [ cluster-ClusterId{value='610def55b5c1265b8a228071', description='null'}-mongo-test-01.allintechinc.com:27017:153 ] - [ INFO ]  Monitor thread successfully connected to server with description ServerDescription{address=mongo-test-01.allintechinc.com:27017, type=STANDALONE, state=CONNECTED, ok=true, version=ServerVersion{versionList=[4, 2, 10]}, minWireVersion=0, maxWireVersion=8, maxDocumentSize=16777216, logicalSessionTimeoutMinutes=30, roundTripTimeNanos=39755900}
2021-08-07 10:26:29  [ cluster-ClusterId{value='610def55b5c1265b8a228071', description='null'}-mongo-test-01.allintechinc.com:27017:156 ] - [ INFO ]  Discovered cluster type of STANDALONE
2021-08-07 10:26:29  [ main:308 ] - [ INFO ]  Opened connection [connectionId{localValue:2, serverValue:128028}] to mongo-test-01.allintechinc.com:27017
2021-08-07 10:34:05  [ main:0 ] - [ INFO ]  Cluster created with settings {hosts=[mongo-test-01.allintechinc.com:27017], mode=MULTIPLE, requiredClusterType=UNKNOWN, serverSelectionTimeout='30000 ms', maxWaitQueueSize=500}
2021-08-07 10:34:05  [ main:1 ] - [ INFO ]  Adding discovered server mongo-test-01.allintechinc.com:27017 to client view of cluster
2021-08-07 10:34:05  [ main:46 ] - [ INFO ]  Cluster description not yet available. Waiting for 30000 ms before timing out
2021-08-07 10:34:05  [ cluster-ClusterId{value='610df11de53c9c3824f63fbe', description='null'}-mongo-test-01.allintechinc.com:27017:69 ] - [ INFO ]  Opened connection [connectionId{localValue:1, serverValue:128029}] to mongo-test-01.allintechinc.com:27017
2021-08-07 10:34:05  [ cluster-ClusterId{value='610df11de53c9c3824f63fbe', description='null'}-mongo-test-01.allintechinc.com:27017:88 ] - [ INFO ]  Monitor thread successfully connected to server with description ServerDescription{address=mongo-test-01.allintechinc.com:27017, type=STANDALONE, state=CONNECTED, ok=true, version=ServerVersion{versionList=[4, 2, 10]}, minWireVersion=0, maxWireVersion=8, maxDocumentSize=16777216, logicalSessionTimeoutMinutes=30, roundTripTimeNanos=18247100}
2021-08-07 10:34:05  [ cluster-ClusterId{value='610df11de53c9c3824f63fbe', description='null'}-mongo-test-01.allintechinc.com:27017:89 ] - [ INFO ]  Discovered cluster type of STANDALONE
2021-08-07 10:34:05  [ main:167 ] - [ INFO ]  Opened connection [connectionId{localValue:2, serverValue:128030}] to mongo-test-01.allintechinc.com:27017
2021-08-07 10:42:44  [ main:1 ] - [ INFO ]  Cluster created with settings {hosts=[mongo-test-01.allintechinc.com:27017], mode=MULTIPLE, requiredClusterType=UNKNOWN, serverSelectionTimeout='30000 ms', maxWaitQueueSize=500}
2021-08-07 10:42:44  [ main:1 ] - [ INFO ]  Adding discovered server mongo-test-01.allintechinc.com:27017 to client view of cluster
2021-08-07 10:42:44  [ main:41 ] - [ INFO ]  Cluster description not yet available. Waiting for 30000 ms before timing out
2021-08-07 10:42:44  [ cluster-ClusterId{value='610df3240e94da475e14ae26', description='null'}-mongo-test-01.allintechinc.com:27017:87 ] - [ INFO ]  Opened connection [connectionId{localValue:1, serverValue:128032}] to mongo-test-01.allintechinc.com:27017
2021-08-07 10:42:44  [ cluster-ClusterId{value='610df3240e94da475e14ae26', description='null'}-mongo-test-01.allintechinc.com:27017:116 ] - [ INFO ]  Monitor thread successfully connected to server with description ServerDescription{address=mongo-test-01.allintechinc.com:27017, type=STANDALONE, state=CONNECTED, ok=true, version=ServerVersion{versionList=[4, 2, 10]}, minWireVersion=0, maxWireVersion=8, maxDocumentSize=16777216, logicalSessionTimeoutMinutes=30, roundTripTimeNanos=26547500}
2021-08-07 10:42:44  [ cluster-ClusterId{value='610df3240e94da475e14ae26', description='null'}-mongo-test-01.allintechinc.com:27017:118 ] - [ INFO ]  Discovered cluster type of STANDALONE
2021-08-07 10:42:44  [ main:240 ] - [ INFO ]  Opened connection [connectionId{localValue:2, serverValue:128033}] to mongo-test-01.allintechinc.com:27017
2021-08-07 10:44:05  [ main:0 ] - [ INFO ]  Cluster created with settings {hosts=[mongo-test-01.allintechinc.com:27017], mode=MULTIPLE, requiredClusterType=UNKNOWN, serverSelectionTimeout='30000 ms', maxWaitQueueSize=500}
2021-08-07 10:44:05  [ main:1 ] - [ INFO ]  Adding discovered server mongo-test-01.allintechinc.com:27017 to client view of cluster
2021-08-07 10:44:05  [ main:40 ] - [ INFO ]  Cluster description not yet available. Waiting for 30000 ms before timing out
2021-08-07 10:44:05  [ cluster-ClusterId{value='610df3756d507c7a454853dc', description='null'}-mongo-test-01.allintechinc.com:27017:96 ] - [ INFO ]  Opened connection [connectionId{localValue:1, serverValue:128034}] to mongo-test-01.allintechinc.com:27017
2021-08-07 10:44:05  [ cluster-ClusterId{value='610df3756d507c7a454853dc', description='null'}-mongo-test-01.allintechinc.com:27017:136 ] - [ INFO ]  Monitor thread successfully connected to server with description ServerDescription{address=mongo-test-01.allintechinc.com:27017, type=STANDALONE, state=CONNECTED, ok=true, version=ServerVersion{versionList=[4, 2, 10]}, minWireVersion=0, maxWireVersion=8, maxDocumentSize=16777216, logicalSessionTimeoutMinutes=30, roundTripTimeNanos=36316300}
2021-08-07 10:44:05  [ cluster-ClusterId{value='610df3756d507c7a454853dc', description='null'}-mongo-test-01.allintechinc.com:27017:138 ] - [ INFO ]  Discovered cluster type of STANDALONE
2021-08-07 10:44:05  [ main:244 ] - [ INFO ]  Opened connection [connectionId{localValue:2, serverValue:128035}] to mongo-test-01.allintechinc.com:27017
2021-08-07 10:44:44  [ main:0 ] - [ INFO ]  Cluster created with settings {hosts=[mongo-test-01.allintechinc.com:27017], mode=MULTIPLE, requiredClusterType=UNKNOWN, serverSelectionTimeout='30000 ms', maxWaitQueueSize=500}
2021-08-07 10:44:44  [ main:1 ] - [ INFO ]  Adding discovered server mongo-test-01.allintechinc.com:27017 to client view of cluster
2021-08-07 10:44:44  [ main:42 ] - [ INFO ]  Cluster description not yet available. Waiting for 30000 ms before timing out
2021-08-07 10:44:44  [ cluster-ClusterId{value='610df39c7a0cfc4c56c73285', description='null'}-mongo-test-01.allintechinc.com:27017:69 ] - [ INFO ]  Opened connection [connectionId{localValue:1, serverValue:128036}] to mongo-test-01.allintechinc.com:27017
2021-08-07 10:44:44  [ cluster-ClusterId{value='610df39c7a0cfc4c56c73285', description='null'}-mongo-test-01.allintechinc.com:27017:97 ] - [ INFO ]  Monitor thread successfully connected to server with description ServerDescription{address=mongo-test-01.allintechinc.com:27017, type=STANDALONE, state=CONNECTED, ok=true, version=ServerVersion{versionList=[4, 2, 10]}, minWireVersion=0, maxWireVersion=8, maxDocumentSize=16777216, logicalSessionTimeoutMinutes=30, roundTripTimeNanos=26277100}
2021-08-07 10:44:44  [ cluster-ClusterId{value='610df39c7a0cfc4c56c73285', description='null'}-mongo-test-01.allintechinc.com:27017:101 ] - [ INFO ]  Discovered cluster type of STANDALONE
2021-08-07 10:44:45  [ main:331 ] - [ INFO ]  Opened connection [connectionId{localValue:2, serverValue:128037}] to mongo-test-01.allintechinc.com:27017
2021-08-07 10:45:23  [ main:0 ] - [ INFO ]  Cluster created with settings {hosts=[mongo-test-01.allintechinc.com:27017], mode=MULTIPLE, requiredClusterType=UNKNOWN, serverSelectionTimeout='30000 ms', maxWaitQueueSize=500}
2021-08-07 10:45:23  [ main:1 ] - [ INFO ]  Adding discovered server mongo-test-01.allintechinc.com:27017 to client view of cluster
2021-08-07 10:45:23  [ main:40 ] - [ INFO ]  Cluster description not yet available. Waiting for 30000 ms before timing out
2021-08-07 10:45:23  [ cluster-ClusterId{value='610df3c37230cd5e059070c6', description='null'}-mongo-test-01.allintechinc.com:27017:79 ] - [ INFO ]  Opened connection [connectionId{localValue:1, serverValue:128038}] to mongo-test-01.allintechinc.com:27017
2021-08-07 10:45:23  [ cluster-ClusterId{value='610df3c37230cd5e059070c6', description='null'}-mongo-test-01.allintechinc.com:27017:116 ] - [ INFO ]  Monitor thread successfully connected to server with description ServerDescription{address=mongo-test-01.allintechinc.com:27017, type=STANDALONE, state=CONNECTED, ok=true, version=ServerVersion{versionList=[4, 2, 10]}, minWireVersion=0, maxWireVersion=8, maxDocumentSize=16777216, logicalSessionTimeoutMinutes=30, roundTripTimeNanos=35386400}
2021-08-07 10:45:23  [ cluster-ClusterId{value='610df3c37230cd5e059070c6', description='null'}-mongo-test-01.allintechinc.com:27017:117 ] - [ INFO ]  Discovered cluster type of STANDALONE
2021-08-07 10:45:23  [ main:228 ] - [ INFO ]  Opened connection [connectionId{localValue:2, serverValue:128039}] to mongo-test-01.allintechinc.com:27017
2021-08-07 10:46:00  [ main:0 ] - [ INFO ]  Cluster created with settings {hosts=[mongo-test-01.allintechinc.com:27017], mode=MULTIPLE, requiredClusterType=UNKNOWN, serverSelectionTimeout='30000 ms', maxWaitQueueSize=500}
2021-08-07 10:46:00  [ main:1 ] - [ INFO ]  Adding discovered server mongo-test-01.allintechinc.com:27017 to client view of cluster
2021-08-07 10:46:00  [ main:40 ] - [ INFO ]  Cluster description not yet available. Waiting for 30000 ms before timing out
2021-08-07 10:46:00  [ cluster-ClusterId{value='610df3e805f7d32e00a7e247', description='null'}-mongo-test-01.allintechinc.com:27017:96 ] - [ INFO ]  Opened connection [connectionId{localValue:1, serverValue:128040}] to mongo-test-01.allintechinc.com:27017
2021-08-07 10:46:00  [ cluster-ClusterId{value='610df3e805f7d32e00a7e247', description='null'}-mongo-test-01.allintechinc.com:27017:132 ] - [ INFO ]  Monitor thread successfully connected to server with description ServerDescription{address=mongo-test-01.allintechinc.com:27017, type=STANDALONE, state=CONNECTED, ok=true, version=ServerVersion{versionList=[4, 2, 10]}, minWireVersion=0, maxWireVersion=8, maxDocumentSize=16777216, logicalSessionTimeoutMinutes=30, roundTripTimeNanos=33268200}
2021-08-07 10:46:00  [ cluster-ClusterId{value='610df3e805f7d32e00a7e247', description='null'}-mongo-test-01.allintechinc.com:27017:134 ] - [ INFO ]  Discovered cluster type of STANDALONE
2021-08-07 10:46:00  [ main:239 ] - [ INFO ]  Opened connection [connectionId{localValue:2, serverValue:128041}] to mongo-test-01.allintechinc.com:27017
2021-08-07 10:46:54  [ main:0 ] - [ INFO ]  Cluster created with settings {hosts=[mongo-test-01.allintechinc.com:27017], mode=MULTIPLE, requiredClusterType=UNKNOWN, serverSelectionTimeout='30000 ms', maxWaitQueueSize=500}
2021-08-07 10:46:54  [ main:1 ] - [ INFO ]  Adding discovered server mongo-test-01.allintechinc.com:27017 to client view of cluster
2021-08-07 10:46:54  [ main:39 ] - [ INFO ]  Cluster description not yet available. Waiting for 30000 ms before timing out
2021-08-07 10:46:54  [ cluster-ClusterId{value='610df41eaf67042dce64fd16', description='null'}-mongo-test-01.allintechinc.com:27017:66 ] - [ INFO ]  Opened connection [connectionId{localValue:1, serverValue:128043}] to mongo-test-01.allintechinc.com:27017
2021-08-07 10:46:54  [ cluster-ClusterId{value='610df41eaf67042dce64fd16', description='null'}-mongo-test-01.allintechinc.com:27017:86 ] - [ INFO ]  Monitor thread successfully connected to server with description ServerDescription{address=mongo-test-01.allintechinc.com:27017, type=STANDALONE, state=CONNECTED, ok=true, version=ServerVersion{versionList=[4, 2, 10]}, minWireVersion=0, maxWireVersion=8, maxDocumentSize=16777216, logicalSessionTimeoutMinutes=30, roundTripTimeNanos=19062200}
2021-08-07 10:46:54  [ cluster-ClusterId{value='610df41eaf67042dce64fd16', description='null'}-mongo-test-01.allintechinc.com:27017:87 ] - [ INFO ]  Discovered cluster type of STANDALONE
2021-08-07 10:46:55  [ main:295 ] - [ INFO ]  Opened connection [connectionId{localValue:2, serverValue:128044}] to mongo-test-01.allintechinc.com:27017
2021-08-07 10:47:30  [ main:0 ] - [ INFO ]  Cluster created with settings {hosts=[mongo-test-01.allintechinc.com:27017], mode=MULTIPLE, requiredClusterType=UNKNOWN, serverSelectionTimeout='30000 ms', maxWaitQueueSize=500}
2021-08-07 10:47:30  [ main:1 ] - [ INFO ]  Adding discovered server mongo-test-01.allintechinc.com:27017 to client view of cluster
2021-08-07 10:47:30  [ main:41 ] - [ INFO ]  Cluster description not yet available. Waiting for 30000 ms before timing out
2021-08-07 10:47:30  [ cluster-ClusterId{value='610df442decd2516e36f63c3', description='null'}-mongo-test-01.allintechinc.com:27017:71 ] - [ INFO ]  Opened connection [connectionId{localValue:1, serverValue:128045}] to mongo-test-01.allintechinc.com:27017
2021-08-07 10:47:30  [ cluster-ClusterId{value='610df442decd2516e36f63c3', description='null'}-mongo-test-01.allintechinc.com:27017:90 ] - [ INFO ]  Monitor thread successfully connected to server with description ServerDescription{address=mongo-test-01.allintechinc.com:27017, type=STANDALONE, state=CONNECTED, ok=true, version=ServerVersion{versionList=[4, 2, 10]}, minWireVersion=0, maxWireVersion=8, maxDocumentSize=16777216, logicalSessionTimeoutMinutes=30, roundTripTimeNanos=18721700}
2021-08-07 10:47:30  [ cluster-ClusterId{value='610df442decd2516e36f63c3', description='null'}-mongo-test-01.allintechinc.com:27017:91 ] - [ INFO ]  Discovered cluster type of STANDALONE
2021-08-07 10:47:30  [ main:179 ] - [ INFO ]  Opened connection [connectionId{localValue:2, serverValue:128046}] to mongo-test-01.allintechinc.com:27017
2021-08-07 11:19:14  [ main:0 ] - [ INFO ]  Cluster created with settings {hosts=[mongo-test-01.allintechinc.com:27017], mode=MULTIPLE, requiredClusterType=UNKNOWN, serverSelectionTimeout='30000 ms', maxWaitQueueSize=500}
2021-08-07 11:19:14  [ main:1 ] - [ INFO ]  Adding discovered server mongo-test-01.allintechinc.com:27017 to client view of cluster
2021-08-07 11:19:14  [ main:44 ] - [ INFO ]  Cluster description not yet available. Waiting for 30000 ms before timing out
2021-08-07 11:19:14  [ cluster-ClusterId{value='610dfbb28cdd953623af8254', description='null'}-mongo-test-01.allintechinc.com:27017:65 ] - [ INFO ]  Opened connection [connectionId{localValue:1, serverValue:128101}] to mongo-test-01.allintechinc.com:27017
2021-08-07 11:19:14  [ cluster-ClusterId{value='610dfbb28cdd953623af8254', description='null'}-mongo-test-01.allintechinc.com:27017:84 ] - [ INFO ]  Monitor thread successfully connected to server with description ServerDescription{address=mongo-test-01.allintechinc.com:27017, type=STANDALONE, state=CONNECTED, ok=true, version=ServerVersion{versionList=[4, 2, 10]}, minWireVersion=0, maxWireVersion=8, maxDocumentSize=16777216, logicalSessionTimeoutMinutes=30, roundTripTimeNanos=17706200}
2021-08-07 11:19:14  [ cluster-ClusterId{value='610dfbb28cdd953623af8254', description='null'}-mongo-test-01.allintechinc.com:27017:85 ] - [ INFO ]  Discovered cluster type of STANDALONE
2021-08-07 11:19:14  [ main:190 ] - [ INFO ]  Opened connection [connectionId{localValue:2, serverValue:128102}] to mongo-test-01.allintechinc.com:27017
2021-08-07 11:24:05  [ main:0 ] - [ INFO ]  Cluster created with settings {hosts=[mongo-test-01.allintechinc.com:27017], mode=MULTIPLE, requiredClusterType=UNKNOWN, serverSelectionTimeout='30000 ms', maxWaitQueueSize=500}
2021-08-07 11:24:05  [ main:1 ] - [ INFO ]  Adding discovered server mongo-test-01.allintechinc.com:27017 to client view of cluster
2021-08-07 11:24:05  [ main:62 ] - [ INFO ]  Cluster description not yet available. Waiting for 30000 ms before timing out
2021-08-07 11:24:05  [ cluster-ClusterId{value='610dfcd58fbd0a07d59b86f5', description='null'}-mongo-test-01.allintechinc.com:27017:90 ] - [ INFO ]  Opened connection [connectionId{localValue:1, serverValue:128103}] to mongo-test-01.allintechinc.com:27017
2021-08-07 11:24:05  [ cluster-ClusterId{value='610dfcd58fbd0a07d59b86f5', description='null'}-mongo-test-01.allintechinc.com:27017:114 ] - [ INFO ]  Monitor thread successfully connected to server with description ServerDescription{address=mongo-test-01.allintechinc.com:27017, type=STANDALONE, state=CONNECTED, ok=true, version=ServerVersion{versionList=[4, 2, 10]}, minWireVersion=0, maxWireVersion=8, maxDocumentSize=16777216, logicalSessionTimeoutMinutes=30, roundTripTimeNanos=20415000}
2021-08-07 11:24:05  [ cluster-ClusterId{value='610dfcd58fbd0a07d59b86f5', description='null'}-mongo-test-01.allintechinc.com:27017:116 ] - [ INFO ]  Discovered cluster type of STANDALONE
2021-08-07 11:24:05  [ main:210 ] - [ INFO ]  Opened connection [connectionId{localValue:2, serverValue:128104}] to mongo-test-01.allintechinc.com:27017
2021-08-07 11:25:40  [ main:0 ] - [ INFO ]  Cluster created with settings {hosts=[mongo-test-01.allintechinc.com:27017], mode=MULTIPLE, requiredClusterType=UNKNOWN, serverSelectionTimeout='30000 ms', maxWaitQueueSize=500}
2021-08-07 11:25:40  [ main:0 ] - [ INFO ]  Adding discovered server mongo-test-01.allintechinc.com:27017 to client view of cluster
2021-08-07 11:25:40  [ main:45 ] - [ INFO ]  Cluster description not yet available. Waiting for 30000 ms before timing out
2021-08-07 11:25:40  [ cluster-ClusterId{value='610dfd3459e6fd0ba2a061e3', description='null'}-mongo-test-01.allintechinc.com:27017:64 ] - [ INFO ]  Opened connection [connectionId{localValue:1, serverValue:128105}] to mongo-test-01.allintechinc.com:27017
2021-08-07 11:25:40  [ cluster-ClusterId{value='610dfd3459e6fd0ba2a061e3', description='null'}-mongo-test-01.allintechinc.com:27017:82 ] - [ INFO ]  Monitor thread successfully connected to server with description ServerDescription{address=mongo-test-01.allintechinc.com:27017, type=STANDALONE, state=CONNECTED, ok=true, version=ServerVersion{versionList=[4, 2, 10]}, minWireVersion=0, maxWireVersion=8, maxDocumentSize=16777216, logicalSessionTimeoutMinutes=30, roundTripTimeNanos=17205700}
2021-08-07 11:25:40  [ cluster-ClusterId{value='610dfd3459e6fd0ba2a061e3', description='null'}-mongo-test-01.allintechinc.com:27017:83 ] - [ INFO ]  Discovered cluster type of STANDALONE
2021-08-07 11:25:40  [ main:160 ] - [ INFO ]  Opened connection [connectionId{localValue:2, serverValue:128106}] to mongo-test-01.allintechinc.com:27017
2021-08-07 11:27:48  [ main:0 ] - [ INFO ]  Cluster created with settings {hosts=[mongo-test-01.allintechinc.com:27017], mode=MULTIPLE, requiredClusterType=UNKNOWN, serverSelectionTimeout='30000 ms', maxWaitQueueSize=500}
2021-08-07 11:27:48  [ main:1 ] - [ INFO ]  Adding discovered server mongo-test-01.allintechinc.com:27017 to client view of cluster
2021-08-07 11:27:48  [ main:47 ] - [ INFO ]  Cluster description not yet available. Waiting for 30000 ms before timing out
2021-08-07 11:27:48  [ cluster-ClusterId{value='610dfdb4faeea7241f60dc21', description='null'}-mongo-test-01.allintechinc.com:27017:71 ] - [ INFO ]  Opened connection [connectionId{localValue:1, serverValue:128107}] to mongo-test-01.allintechinc.com:27017
2021-08-07 11:27:48  [ cluster-ClusterId{value='610dfdb4faeea7241f60dc21', description='null'}-mongo-test-01.allintechinc.com:27017:92 ] - [ INFO ]  Monitor thread successfully connected to server with description ServerDescription{address=mongo-test-01.allintechinc.com:27017, type=STANDALONE, state=CONNECTED, ok=true, version=ServerVersion{versionList=[4, 2, 10]}, minWireVersion=0, maxWireVersion=8, maxDocumentSize=16777216, logicalSessionTimeoutMinutes=30, roundTripTimeNanos=20051300}
2021-08-07 11:27:48  [ cluster-ClusterId{value='610dfdb4faeea7241f60dc21', description='null'}-mongo-test-01.allintechinc.com:27017:92 ] - [ INFO ]  Discovered cluster type of STANDALONE
2021-08-07 11:27:48  [ main:188 ] - [ INFO ]  Opened connection [connectionId{localValue:2, serverValue:128108}] to mongo-test-01.allintechinc.com:27017
2021-08-07 11:29:18  [ main:0 ] - [ INFO ]  Cluster created with settings {hosts=[mongo-test-01.allintechinc.com:27017], mode=MULTIPLE, requiredClusterType=UNKNOWN, serverSelectionTimeout='30000 ms', maxWaitQueueSize=500}
2021-08-07 11:29:18  [ main:1 ] - [ INFO ]  Adding discovered server mongo-test-01.allintechinc.com:27017 to client view of cluster
2021-08-07 11:29:18  [ main:43 ] - [ INFO ]  Cluster description not yet available. Waiting for 30000 ms before timing out
2021-08-07 11:29:18  [ cluster-ClusterId{value='610dfe0ef64e85523e895e25', description='null'}-mongo-test-01.allintechinc.com:27017:60 ] - [ INFO ]  Opened connection [connectionId{localValue:1, serverValue:128109}] to mongo-test-01.allintechinc.com:27017
2021-08-07 11:29:18  [ cluster-ClusterId{value='610dfe0ef64e85523e895e25', description='null'}-mongo-test-01.allintechinc.com:27017:78 ] - [ INFO ]  Monitor thread successfully connected to server with description ServerDescription{address=mongo-test-01.allintechinc.com:27017, type=STANDALONE, state=CONNECTED, ok=true, version=ServerVersion{versionList=[4, 2, 10]}, minWireVersion=0, maxWireVersion=8, maxDocumentSize=16777216, logicalSessionTimeoutMinutes=30, roundTripTimeNanos=16911500}
2021-08-07 11:29:18  [ cluster-ClusterId{value='610dfe0ef64e85523e895e25', description='null'}-mongo-test-01.allintechinc.com:27017:79 ] - [ INFO ]  Discovered cluster type of STANDALONE
2021-08-07 11:29:18  [ main:182 ] - [ INFO ]  Opened connection [connectionId{localValue:2, serverValue:128110}] to mongo-test-01.allintechinc.com:27017
2021-08-07 11:32:34  [ main:0 ] - [ INFO ]  Cluster created with settings {hosts=[mongo-test-01.allintechinc.com:27017], mode=MULTIPLE, requiredClusterType=UNKNOWN, serverSelectionTimeout='30000 ms', maxWaitQueueSize=500}
2021-08-07 11:32:34  [ main:0 ] - [ INFO ]  Adding discovered server mongo-test-01.allintechinc.com:27017 to client view of cluster
2021-08-07 11:32:34  [ main:42 ] - [ INFO ]  Cluster description not yet available. Waiting for 30000 ms before timing out
2021-08-07 11:32:34  [ cluster-ClusterId{value='610dfed270f83a6bc749645b', description='null'}-mongo-test-01.allintechinc.com:27017:72 ] - [ INFO ]  Opened connection [connectionId{localValue:1, serverValue:128111}] to mongo-test-01.allintechinc.com:27017
2021-08-07 11:32:34  [ cluster-ClusterId{value='610dfed270f83a6bc749645b', description='null'}-mongo-test-01.allintechinc.com:27017:93 ] - [ INFO ]  Monitor thread successfully connected to server with description ServerDescription{address=mongo-test-01.allintechinc.com:27017, type=STANDALONE, state=CONNECTED, ok=true, version=ServerVersion{versionList=[4, 2, 10]}, minWireVersion=0, maxWireVersion=8, maxDocumentSize=16777216, logicalSessionTimeoutMinutes=30, roundTripTimeNanos=20512400}
2021-08-07 11:32:34  [ cluster-ClusterId{value='610dfed270f83a6bc749645b', description='null'}-mongo-test-01.allintechinc.com:27017:94 ] - [ INFO ]  Discovered cluster type of STANDALONE
2021-08-07 11:32:34  [ main:187 ] - [ INFO ]  Opened connection [connectionId{localValue:2, serverValue:128112}] to mongo-test-01.allintechinc.com:27017
2021-08-07 11:33:32  [ main:0 ] - [ INFO ]  Cluster created with settings {hosts=[mongo-test-01.allintechinc.com:27017], mode=MULTIPLE, requiredClusterType=UNKNOWN, serverSelectionTimeout='30000 ms', maxWaitQueueSize=500}
2021-08-07 11:33:32  [ main:0 ] - [ INFO ]  Adding discovered server mongo-test-01.allintechinc.com:27017 to client view of cluster
2021-08-07 11:33:32  [ main:42 ] - [ INFO ]  Cluster description not yet available. Waiting for 30000 ms before timing out
2021-08-07 11:33:32  [ cluster-ClusterId{value='610dff0cb9cbe64d3ed15852', description='null'}-mongo-test-01.allintechinc.com:27017:64 ] - [ INFO ]  Opened connection [connectionId{localValue:1, serverValue:128113}] to mongo-test-01.allintechinc.com:27017
2021-08-07 11:33:32  [ cluster-ClusterId{value='610dff0cb9cbe64d3ed15852', description='null'}-mongo-test-01.allintechinc.com:27017:83 ] - [ INFO ]  Monitor thread successfully connected to server with description ServerDescription{address=mongo-test-01.allintechinc.com:27017, type=STANDALONE, state=CONNECTED, ok=true, version=ServerVersion{versionList=[4, 2, 10]}, minWireVersion=0, maxWireVersion=8, maxDocumentSize=16777216, logicalSessionTimeoutMinutes=30, roundTripTimeNanos=17557000}
2021-08-07 11:33:32  [ cluster-ClusterId{value='610dff0cb9cbe64d3ed15852', description='null'}-mongo-test-01.allintechinc.com:27017:83 ] - [ INFO ]  Discovered cluster type of STANDALONE
2021-08-07 11:33:33  [ main:175 ] - [ INFO ]  Opened connection [connectionId{localValue:2, serverValue:128114}] to mongo-test-01.allintechinc.com:27017
2021-08-07 11:34:27  [ main:0 ] - [ INFO ]  Cluster created with settings {hosts=[mongo-test-01.allintechinc.com:27017], mode=MULTIPLE, requiredClusterType=UNKNOWN, serverSelectionTimeout='30000 ms', maxWaitQueueSize=500}
2021-08-07 11:34:27  [ main:0 ] - [ INFO ]  Adding discovered server mongo-test-01.allintechinc.com:27017 to client view of cluster
2021-08-07 11:34:27  [ main:42 ] - [ INFO ]  Cluster description not yet available. Waiting for 30000 ms before timing out
2021-08-07 11:34:27  [ cluster-ClusterId{value='610dff435d3a92241b5af29a', description='null'}-mongo-test-01.allintechinc.com:27017:62 ] - [ INFO ]  Opened connection [connectionId{localValue:1, serverValue:128115}] to mongo-test-01.allintechinc.com:27017
2021-08-07 11:34:27  [ cluster-ClusterId{value='610dff435d3a92241b5af29a', description='null'}-mongo-test-01.allintechinc.com:27017:82 ] - [ INFO ]  Monitor thread successfully connected to server with description ServerDescription{address=mongo-test-01.allintechinc.com:27017, type=STANDALONE, state=CONNECTED, ok=true, version=ServerVersion{versionList=[4, 2, 10]}, minWireVersion=0, maxWireVersion=8, maxDocumentSize=16777216, logicalSessionTimeoutMinutes=30, roundTripTimeNanos=18114500}
2021-08-07 11:34:27  [ cluster-ClusterId{value='610dff435d3a92241b5af29a', description='null'}-mongo-test-01.allintechinc.com:27017:82 ] - [ INFO ]  Discovered cluster type of STANDALONE
2021-08-07 11:34:27  [ main:160 ] - [ INFO ]  Opened connection [connectionId{localValue:2, serverValue:128116}] to mongo-test-01.allintechinc.com:27017
2021-08-07 11:34:58  [ main:0 ] - [ INFO ]  Cluster created with settings {hosts=[mongo-test-01.allintechinc.com:27017], mode=MULTIPLE, requiredClusterType=UNKNOWN, serverSelectionTimeout='30000 ms', maxWaitQueueSize=500}
2021-08-07 11:34:58  [ main:0 ] - [ INFO ]  Adding discovered server mongo-test-01.allintechinc.com:27017 to client view of cluster
2021-08-07 11:34:58  [ main:47 ] - [ INFO ]  Cluster description not yet available. Waiting for 30000 ms before timing out
2021-08-07 11:34:58  [ cluster-ClusterId{value='610dff62d6f68a0b6029c82f', description='null'}-mongo-test-01.allintechinc.com:27017:78 ] - [ INFO ]  Opened connection [connectionId{localValue:1, serverValue:128117}] to mongo-test-01.allintechinc.com:27017
2021-08-07 11:34:58  [ cluster-ClusterId{value='610dff62d6f68a0b6029c82f', description='null'}-mongo-test-01.allintechinc.com:27017:99 ] - [ INFO ]  Monitor thread successfully connected to server with description ServerDescription{address=mongo-test-01.allintechinc.com:27017, type=STANDALONE, state=CONNECTED, ok=true, version=ServerVersion{versionList=[4, 2, 10]}, minWireVersion=0, maxWireVersion=8, maxDocumentSize=16777216, logicalSessionTimeoutMinutes=30, roundTripTimeNanos=19385700}
2021-08-07 11:34:58  [ cluster-ClusterId{value='610dff62d6f68a0b6029c82f', description='null'}-mongo-test-01.allintechinc.com:27017:100 ] - [ INFO ]  Discovered cluster type of STANDALONE
2021-08-07 11:34:58  [ main:204 ] - [ INFO ]  Opened connection [connectionId{localValue:2, serverValue:128118}] to mongo-test-01.allintechinc.com:27017
2021-08-07 11:35:25  [ main:0 ] - [ INFO ]  Cluster created with settings {hosts=[mongo-test-01.allintechinc.com:27017], mode=MULTIPLE, requiredClusterType=UNKNOWN, serverSelectionTimeout='30000 ms', maxWaitQueueSize=500}
2021-08-07 11:35:25  [ main:0 ] - [ INFO ]  Adding discovered server mongo-test-01.allintechinc.com:27017 to client view of cluster
2021-08-07 11:35:25  [ main:44 ] - [ INFO ]  Cluster description not yet available. Waiting for 30000 ms before timing out
2021-08-07 11:35:25  [ cluster-ClusterId{value='610dff7dd0a004552172bde1', description='null'}-mongo-test-01.allintechinc.com:27017:63 ] - [ INFO ]  Opened connection [connectionId{localValue:1, serverValue:128120}] to mongo-test-01.allintechinc.com:27017
2021-08-07 11:35:25  [ cluster-ClusterId{value='610dff7dd0a004552172bde1', description='null'}-mongo-test-01.allintechinc.com:27017:82 ] - [ INFO ]  Monitor thread successfully connected to server with description ServerDescription{address=mongo-test-01.allintechinc.com:27017, type=STANDALONE, state=CONNECTED, ok=true, version=ServerVersion{versionList=[4, 2, 10]}, minWireVersion=0, maxWireVersion=8, maxDocumentSize=16777216, logicalSessionTimeoutMinutes=30, roundTripTimeNanos=17470400}
2021-08-07 11:35:25  [ cluster-ClusterId{value='610dff7dd0a004552172bde1', description='null'}-mongo-test-01.allintechinc.com:27017:83 ] - [ INFO ]  Discovered cluster type of STANDALONE
2021-08-07 11:35:25  [ main:161 ] - [ INFO ]  Opened connection [connectionId{localValue:2, serverValue:128121}] to mongo-test-01.allintechinc.com:27017
2021-08-07 11:36:46  [ main:0 ] - [ INFO ]  Cluster created with settings {hosts=[mongo-test-01.allintechinc.com:27017], mode=MULTIPLE, requiredClusterType=UNKNOWN, serverSelectionTimeout='30000 ms', maxWaitQueueSize=500}
2021-08-07 11:36:46  [ main:0 ] - [ INFO ]  Adding discovered server mongo-test-01.allintechinc.com:27017 to client view of cluster
2021-08-07 11:36:46  [ main:43 ] - [ INFO ]  Cluster description not yet available. Waiting for 30000 ms before timing out
2021-08-07 11:36:46  [ cluster-ClusterId{value='610dffce581f2e68b813cd11', description='null'}-mongo-test-01.allintechinc.com:27017:65 ] - [ INFO ]  Opened connection [connectionId{localValue:1, serverValue:128122}] to mongo-test-01.allintechinc.com:27017
2021-08-07 11:36:46  [ cluster-ClusterId{value='610dffce581f2e68b813cd11', description='null'}-mongo-test-01.allintechinc.com:27017:83 ] - [ INFO ]  Monitor thread successfully connected to server with description ServerDescription{address=mongo-test-01.allintechinc.com:27017, type=STANDALONE, state=CONNECTED, ok=true, version=ServerVersion{versionList=[4, 2, 10]}, minWireVersion=0, maxWireVersion=8, maxDocumentSize=16777216, logicalSessionTimeoutMinutes=30, roundTripTimeNanos=17479200}
2021-08-07 11:36:46  [ cluster-ClusterId{value='610dffce581f2e68b813cd11', description='null'}-mongo-test-01.allintechinc.com:27017:84 ] - [ INFO ]  Discovered cluster type of STANDALONE
2021-08-07 11:36:46  [ main:164 ] - [ INFO ]  Opened connection [connectionId{localValue:2, serverValue:128123}] to mongo-test-01.allintechinc.com:27017
2021-08-07 11:38:19  [ main:0 ] - [ INFO ]  Cluster created with settings {hosts=[mongo-test-01.allintechinc.com:27017], mode=MULTIPLE, requiredClusterType=UNKNOWN, serverSelectionTimeout='30000 ms', maxWaitQueueSize=500}
2021-08-07 11:38:19  [ main:0 ] - [ INFO ]  Adding discovered server mongo-test-01.allintechinc.com:27017 to client view of cluster
2021-08-07 11:38:19  [ main:46 ] - [ INFO ]  Cluster description not yet available. Waiting for 30000 ms before timing out
2021-08-07 11:38:19  [ cluster-ClusterId{value='610e002bc19686246f4e48e1', description='null'}-mongo-test-01.allintechinc.com:27017:85 ] - [ INFO ]  Opened connection [connectionId{localValue:1, serverValue:128124}] to mongo-test-01.allintechinc.com:27017
2021-08-07 11:38:19  [ cluster-ClusterId{value='610e002bc19686246f4e48e1', description='null'}-mongo-test-01.allintechinc.com:27017:108 ] - [ INFO ]  Monitor thread successfully connected to server with description ServerDescription{address=mongo-test-01.allintechinc.com:27017, type=STANDALONE, state=CONNECTED, ok=true, version=ServerVersion{versionList=[4, 2, 10]}, minWireVersion=0, maxWireVersion=8, maxDocumentSize=16777216, logicalSessionTimeoutMinutes=30, roundTripTimeNanos=21451100}
2021-08-07 11:38:19  [ cluster-ClusterId{value='610e002bc19686246f4e48e1', description='null'}-mongo-test-01.allintechinc.com:27017:109 ] - [ INFO ]  Discovered cluster type of STANDALONE
2021-08-07 11:38:19  [ main:186 ] - [ INFO ]  Opened connection [connectionId{localValue:2, serverValue:128125}] to mongo-test-01.allintechinc.com:27017
2021-08-07 11:39:29  [ main:0 ] - [ INFO ]  Cluster created with settings {hosts=[mongo-test-01.allintechinc.com:27017], mode=MULTIPLE, requiredClusterType=UNKNOWN, serverSelectionTimeout='30000 ms', maxWaitQueueSize=500}
2021-08-07 11:39:29  [ main:0 ] - [ INFO ]  Adding discovered server mongo-test-01.allintechinc.com:27017 to client view of cluster
2021-08-07 11:39:29  [ main:47 ] - [ INFO ]  Cluster description not yet available. Waiting for 30000 ms before timing out
2021-08-07 11:39:29  [ cluster-ClusterId{value='610e007189935060b649a763', description='null'}-mongo-test-01.allintechinc.com:27017:85 ] - [ INFO ]  Opened connection [connectionId{localValue:1, serverValue:128126}] to mongo-test-01.allintechinc.com:27017
2021-08-07 11:39:29  [ cluster-ClusterId{value='610e007189935060b649a763', description='null'}-mongo-test-01.allintechinc.com:27017:109 ] - [ INFO ]  Monitor thread successfully connected to server with description ServerDescription{address=mongo-test-01.allintechinc.com:27017, type=STANDALONE, state=CONNECTED, ok=true, version=ServerVersion{versionList=[4, 2, 10]}, minWireVersion=0, maxWireVersion=8, maxDocumentSize=16777216, logicalSessionTimeoutMinutes=30, roundTripTimeNanos=23327100}
2021-08-07 11:39:29  [ cluster-ClusterId{value='610e007189935060b649a763', description='null'}-mongo-test-01.allintechinc.com:27017:110 ] - [ INFO ]  Discovered cluster type of STANDALONE
2021-08-07 11:39:29  [ main:190 ] - [ INFO ]  Opened connection [connectionId{localValue:2, serverValue:128127}] to mongo-test-01.allintechinc.com:27017
