2021-09-13 16:54:47  [ main:0 ] - [ INFO ]  Cluster created with settings {hosts=[mongo-test-01.allintechinc.com:27017], mode=MULTIPLE, requiredClusterType=UNKNOWN, serverSelectionTimeout='30000 ms', maxWaitQueueSize=500}
2021-09-13 16:54:47  [ main:1 ] - [ INFO ]  Adding discovered server mongo-test-01.allintechinc.com:27017 to client view of cluster
2021-09-13 16:54:47  [ cluster-ClusterId{value='613f11d7c860d7275f21f56d', description='null'}-mongo-test-01.allintechinc.com:27017:132 ] - [ INFO ]  Opened connection [connectionId{localValue:1, serverValue:14827}] to mongo-test-01.allintechinc.com:27017
2021-09-13 16:56:17  [ main:0 ] - [ INFO ]  Cluster created with settings {hosts=[mongo-test-01.allintechinc.com:27017], mode=MULTIPLE, requiredClusterType=UNKNOWN, serverSelectionTimeout='30000 ms', maxWaitQueueSize=500}
2021-09-13 16:56:17  [ main:0 ] - [ INFO ]  Adding discovered server mongo-test-01.allintechinc.com:27017 to client view of cluster
2021-09-13 16:56:17  [ cluster-ClusterId{value='613f123111d60f0f17840f0d', description='null'}-mongo-test-01.allintechinc.com:27017:92 ] - [ INFO ]  Opened connection [connectionId{localValue:1, serverValue:14828}] to mongo-test-01.allintechinc.com:27017
2021-09-13 16:56:17  [ main:138 ] - [ INFO ]  Cluster description not yet available. Waiting for 30000 ms before timing out
2021-09-13 16:56:17  [ cluster-ClusterId{value='613f123111d60f0f17840f0d', description='null'}-mongo-test-01.allintechinc.com:27017:153 ] - [ INFO ]  Monitor thread successfully connected to server with description ServerDescription{address=mongo-test-01.allintechinc.com:27017, type=STANDALONE, state=CONNECTED, ok=true, version=ServerVersion{versionList=[4, 2, 10]}, minWireVersion=0, maxWireVersion=8, maxDocumentSize=16777216, logicalSessionTimeoutMinutes=30, roundTripTimeNanos=60313200}
2021-09-13 16:56:17  [ cluster-ClusterId{value='613f123111d60f0f17840f0d', description='null'}-mongo-test-01.allintechinc.com:27017:154 ] - [ INFO ]  Discovered cluster type of STANDALONE
2021-09-13 16:56:17  [ main:258 ] - [ INFO ]  Opened connection [connectionId{localValue:2, serverValue:14829}] to mongo-test-01.allintechinc.com:27017
2021-09-13 16:58:28  [ main:0 ] - [ INFO ]  Cluster created with settings {hosts=[mongo-test-01.allintechinc.com:27017], mode=MULTIPLE, requiredClusterType=UNKNOWN, serverSelectionTimeout='30000 ms', maxWaitQueueSize=500}
2021-09-13 16:58:28  [ main:1 ] - [ INFO ]  Adding discovered server mongo-test-01.allintechinc.com:27017 to client view of cluster
2021-09-13 16:58:28  [ cluster-ClusterId{value='613f12b477381143d4b92eb0', description='null'}-mongo-test-01.allintechinc.com:27017:93 ] - [ INFO ]  Opened connection [connectionId{localValue:1, serverValue:14830}] to mongo-test-01.allintechinc.com:27017
2021-09-13 16:58:28  [ main:104 ] - [ INFO ]  Cluster description not yet available. Waiting for 30000 ms before timing out
2021-09-13 16:58:28  [ cluster-ClusterId{value='613f12b477381143d4b92eb0', description='null'}-mongo-test-01.allintechinc.com:27017:120 ] - [ INFO ]  Monitor thread successfully connected to server with description ServerDescription{address=mongo-test-01.allintechinc.com:27017, type=STANDALONE, state=CONNECTED, ok=true, version=ServerVersion{versionList=[4, 2, 10]}, minWireVersion=0, maxWireVersion=8, maxDocumentSize=16777216, logicalSessionTimeoutMinutes=30, roundTripTimeNanos=25593400}
2021-09-13 16:58:28  [ cluster-ClusterId{value='613f12b477381143d4b92eb0', description='null'}-mongo-test-01.allintechinc.com:27017:121 ] - [ INFO ]  Discovered cluster type of STANDALONE
2021-09-13 16:58:28  [ main:298 ] - [ INFO ]  Opened connection [connectionId{localValue:2, serverValue:14831}] to mongo-test-01.allintechinc.com:27017
2021-09-13 19:29:40  [ main:0 ] - [ INFO ]  Cluster created with settings {hosts=[mongo-test-01.allintechinc.com:27017], mode=MULTIPLE, requiredClusterType=UNKNOWN, serverSelectionTimeout='30000 ms', maxWaitQueueSize=500}
2021-09-13 19:29:40  [ main:1 ] - [ INFO ]  Adding discovered server mongo-test-01.allintechinc.com:27017 to client view of cluster
2021-09-13 19:29:40  [ cluster-ClusterId{value='613f36249228414159d9f4fc', description='null'}-mongo-test-01.allintechinc.com:27017:88 ] - [ INFO ]  Opened connection [connectionId{localValue:1, serverValue:15012}] to mongo-test-01.allintechinc.com:27017
2021-09-13 19:29:40  [ main:89 ] - [ INFO ]  Cluster description not yet available. Waiting for 30000 ms before timing out
2021-09-13 19:29:40  [ cluster-ClusterId{value='613f36249228414159d9f4fc', description='null'}-mongo-test-01.allintechinc.com:27017:108 ] - [ INFO ]  Monitor thread successfully connected to server with description ServerDescription{address=mongo-test-01.allintechinc.com:27017, type=STANDALONE, state=CONNECTED, ok=true, version=ServerVersion{versionList=[4, 2, 10]}, minWireVersion=0, maxWireVersion=8, maxDocumentSize=16777216, logicalSessionTimeoutMinutes=30, roundTripTimeNanos=18506000}
2021-09-13 19:29:40  [ cluster-ClusterId{value='613f36249228414159d9f4fc', description='null'}-mongo-test-01.allintechinc.com:27017:109 ] - [ INFO ]  Discovered cluster type of STANDALONE
2021-09-13 19:29:40  [ main:194 ] - [ INFO ]  Opened connection [connectionId{localValue:2, serverValue:15013}] to mongo-test-01.allintechinc.com:27017
2021-09-13 20:12:22  [ main:0 ] - [ INFO ]  Cluster created with settings {hosts=[mongo-test-01.allintechinc.com:27017], mode=MULTIPLE, requiredClusterType=UNKNOWN, serverSelectionTimeout='30000 ms', maxWaitQueueSize=500}
2021-09-13 20:12:22  [ main:1 ] - [ INFO ]  Adding discovered server mongo-test-01.allintechinc.com:27017 to client view of cluster
2021-09-13 20:12:22  [ cluster-ClusterId{value='613f40265ad5e53038e9d3e7', description='null'}-mongo-test-01.allintechinc.com:27017:97 ] - [ INFO ]  Opened connection [connectionId{localValue:1, serverValue:15028}] to mongo-test-01.allintechinc.com:27017
2021-09-13 20:12:22  [ cluster-ClusterId{value='613f40265ad5e53038e9d3e7', description='null'}-mongo-test-01.allintechinc.com:27017:133 ] - [ INFO ]  Monitor thread successfully connected to server with description ServerDescription{address=mongo-test-01.allintechinc.com:27017, type=STANDALONE, state=CONNECTED, ok=true, version=ServerVersion{versionList=[4, 2, 10]}, minWireVersion=0, maxWireVersion=8, maxDocumentSize=16777216, logicalSessionTimeoutMinutes=30, roundTripTimeNanos=33382600}
2021-09-13 20:12:22  [ cluster-ClusterId{value='613f40265ad5e53038e9d3e7', description='null'}-mongo-test-01.allintechinc.com:27017:134 ] - [ INFO ]  Discovered cluster type of STANDALONE
2021-09-13 20:12:22  [ main:335 ] - [ INFO ]  Opened connection [connectionId{localValue:2, serverValue:15029}] to mongo-test-01.allintechinc.com:27017
2021-09-13 20:20:09  [ main:0 ] - [ INFO ]  Cluster created with settings {hosts=[mongo-test-01.allintechinc.com:27017], mode=MULTIPLE, requiredClusterType=UNKNOWN, serverSelectionTimeout='30000 ms', maxWaitQueueSize=500}
2021-09-13 20:20:09  [ main:0 ] - [ INFO ]  Adding discovered server mongo-test-01.allintechinc.com:27017 to client view of cluster
2021-09-13 20:20:09  [ cluster-ClusterId{value='613f41f9700d432927a7614b', description='null'}-mongo-test-01.allintechinc.com:27017:68 ] - [ INFO ]  Opened connection [connectionId{localValue:1, serverValue:15030}] to mongo-test-01.allintechinc.com:27017
2021-09-13 20:20:09  [ main:84 ] - [ INFO ]  Cluster description not yet available. Waiting for 30000 ms before timing out
2021-09-13 20:20:09  [ cluster-ClusterId{value='613f41f9700d432927a7614b', description='null'}-mongo-test-01.allintechinc.com:27017:92 ] - [ INFO ]  Monitor thread successfully connected to server with description ServerDescription{address=mongo-test-01.allintechinc.com:27017, type=STANDALONE, state=CONNECTED, ok=true, version=ServerVersion{versionList=[4, 2, 10]}, minWireVersion=0, maxWireVersion=8, maxDocumentSize=16777216, logicalSessionTimeoutMinutes=30, roundTripTimeNanos=22320800}
2021-09-13 20:20:09  [ cluster-ClusterId{value='613f41f9700d432927a7614b', description='null'}-mongo-test-01.allintechinc.com:27017:93 ] - [ INFO ]  Discovered cluster type of STANDALONE
2021-09-13 20:20:09  [ main:220 ] - [ INFO ]  Opened connection [connectionId{localValue:2, serverValue:15031}] to mongo-test-01.allintechinc.com:27017
2021-09-13 20:22:18  [ main:0 ] - [ INFO ]  Cluster created with settings {hosts=[mongo-test-01.allintechinc.com:27017], mode=MULTIPLE, requiredClusterType=UNKNOWN, serverSelectionTimeout='30000 ms', maxWaitQueueSize=500}
2021-09-13 20:22:18  [ main:0 ] - [ INFO ]  Adding discovered server mongo-test-01.allintechinc.com:27017 to client view of cluster
2021-09-13 20:22:18  [ cluster-ClusterId{value='613f427a1a58640c667cb222', description='null'}-mongo-test-01.allintechinc.com:27017:75 ] - [ INFO ]  Opened connection [connectionId{localValue:1, serverValue:15032}] to mongo-test-01.allintechinc.com:27017
2021-09-13 20:22:18  [ main:85 ] - [ INFO ]  Cluster description not yet available. Waiting for 30000 ms before timing out
2021-09-13 20:22:18  [ cluster-ClusterId{value='613f427a1a58640c667cb222', description='null'}-mongo-test-01.allintechinc.com:27017:99 ] - [ INFO ]  Monitor thread successfully connected to server with description ServerDescription{address=mongo-test-01.allintechinc.com:27017, type=STANDALONE, state=CONNECTED, ok=true, version=ServerVersion{versionList=[4, 2, 10]}, minWireVersion=0, maxWireVersion=8, maxDocumentSize=16777216, logicalSessionTimeoutMinutes=30, roundTripTimeNanos=22141000}
2021-09-13 20:22:18  [ cluster-ClusterId{value='613f427a1a58640c667cb222', description='null'}-mongo-test-01.allintechinc.com:27017:99 ] - [ INFO ]  Discovered cluster type of STANDALONE
2021-09-13 20:22:18  [ main:193 ] - [ INFO ]  Opened connection [connectionId{localValue:2, serverValue:15033}] to mongo-test-01.allintechinc.com:27017
2021-09-13 20:34:44  [ main:0 ] - [ INFO ]  Cluster created with settings {hosts=[mongo-test-01.allintechinc.com:27017], mode=MULTIPLE, requiredClusterType=UNKNOWN, serverSelectionTimeout='30000 ms', maxWaitQueueSize=500}
2021-09-13 20:34:44  [ main:1 ] - [ INFO ]  Adding discovered server mongo-test-01.allintechinc.com:27017 to client view of cluster
2021-09-13 20:40:59  [ main:0 ] - [ INFO ]  Cluster created with settings {hosts=[mongo-test-01.allintechinc.com:27017], mode=MULTIPLE, requiredClusterType=UNKNOWN, serverSelectionTimeout='30000 ms', maxWaitQueueSize=500}
2021-09-13 20:40:59  [ main:0 ] - [ INFO ]  Adding discovered server mongo-test-01.allintechinc.com:27017 to client view of cluster
2021-09-13 20:48:59  [ main:0 ] - [ INFO ]  Cluster created with settings {hosts=[mongo-test-01.allintechinc.com:27017], mode=MULTIPLE, requiredClusterType=UNKNOWN, serverSelectionTimeout='30000 ms', maxWaitQueueSize=500}
2021-09-13 20:48:59  [ main:0 ] - [ INFO ]  Adding discovered server mongo-test-01.allintechinc.com:27017 to client view of cluster
2021-09-13 20:48:59  [ cluster-ClusterId{value='613f48bb25fcc44c18fd7048', description='null'}-mongo-test-01.allintechinc.com:27017:78 ] - [ INFO ]  Opened connection [connectionId{localValue:1, serverValue:15040}] to mongo-test-01.allintechinc.com:27017
2021-09-13 20:48:59  [ main:88 ] - [ INFO ]  Cluster description not yet available. Waiting for 30000 ms before timing out
2021-09-13 20:48:59  [ cluster-ClusterId{value='613f48bb25fcc44c18fd7048', description='null'}-mongo-test-01.allintechinc.com:27017:105 ] - [ INFO ]  Monitor thread successfully connected to server with description ServerDescription{address=mongo-test-01.allintechinc.com:27017, type=STANDALONE, state=CONNECTED, ok=true, version=ServerVersion{versionList=[4, 2, 10]}, minWireVersion=0, maxWireVersion=8, maxDocumentSize=16777216, logicalSessionTimeoutMinutes=30, roundTripTimeNanos=25258100}
2021-09-13 20:48:59  [ cluster-ClusterId{value='613f48bb25fcc44c18fd7048', description='null'}-mongo-test-01.allintechinc.com:27017:106 ] - [ INFO ]  Discovered cluster type of STANDALONE
2021-09-13 20:48:59  [ main:209 ] - [ INFO ]  Opened connection [connectionId{localValue:2, serverValue:15041}] to mongo-test-01.allintechinc.com:27017
2021-09-13 20:51:08  [ main:0 ] - [ INFO ]  Cluster created with settings {hosts=[mongo-test-01.allintechinc.com:27017], mode=MULTIPLE, requiredClusterType=UNKNOWN, serverSelectionTimeout='30000 ms', maxWaitQueueSize=500}
2021-09-13 20:51:08  [ main:1 ] - [ INFO ]  Adding discovered server mongo-test-01.allintechinc.com:27017 to client view of cluster
2021-09-13 20:51:09  [ cluster-ClusterId{value='613f493c10d95b013a855823', description='null'}-mongo-test-01.allintechinc.com:27017:78 ] - [ INFO ]  Opened connection [connectionId{localValue:1, serverValue:15042}] to mongo-test-01.allintechinc.com:27017
2021-09-13 20:51:09  [ main:91 ] - [ INFO ]  Cluster description not yet available. Waiting for 30000 ms before timing out
2021-09-13 20:51:09  [ cluster-ClusterId{value='613f493c10d95b013a855823', description='null'}-mongo-test-01.allintechinc.com:27017:105 ] - [ INFO ]  Monitor thread successfully connected to server with description ServerDescription{address=mongo-test-01.allintechinc.com:27017, type=STANDALONE, state=CONNECTED, ok=true, version=ServerVersion{versionList=[4, 2, 10]}, minWireVersion=0, maxWireVersion=8, maxDocumentSize=16777216, logicalSessionTimeoutMinutes=30, roundTripTimeNanos=25915300}
2021-09-13 20:51:09  [ cluster-ClusterId{value='613f493c10d95b013a855823', description='null'}-mongo-test-01.allintechinc.com:27017:107 ] - [ INFO ]  Discovered cluster type of STANDALONE
2021-09-13 20:51:09  [ main:247 ] - [ INFO ]  Opened connection [connectionId{localValue:2, serverValue:15043}] to mongo-test-01.allintechinc.com:27017
2021-09-13 20:52:40  [ main:0 ] - [ INFO ]  Cluster created with settings {hosts=[mongo-test-01.allintechinc.com:27017], mode=MULTIPLE, requiredClusterType=UNKNOWN, serverSelectionTimeout='30000 ms', maxWaitQueueSize=500}
2021-09-13 20:52:40  [ main:0 ] - [ INFO ]  Adding discovered server mongo-test-01.allintechinc.com:27017 to client view of cluster
2021-09-13 20:52:40  [ cluster-ClusterId{value='613f499851300a6a0e8289e5', description='null'}-mongo-test-01.allintechinc.com:27017:78 ] - [ INFO ]  Opened connection [connectionId{localValue:1, serverValue:15044}] to mongo-test-01.allintechinc.com:27017
2021-09-13 20:52:40  [ main:96 ] - [ INFO ]  Cluster description not yet available. Waiting for 30000 ms before timing out
2021-09-13 20:52:40  [ cluster-ClusterId{value='613f499851300a6a0e8289e5', description='null'}-mongo-test-01.allintechinc.com:27017:106 ] - [ INFO ]  Monitor thread successfully connected to server with description ServerDescription{address=mongo-test-01.allintechinc.com:27017, type=STANDALONE, state=CONNECTED, ok=true, version=ServerVersion{versionList=[4, 2, 10]}, minWireVersion=0, maxWireVersion=8, maxDocumentSize=16777216, logicalSessionTimeoutMinutes=30, roundTripTimeNanos=26201500}
2021-09-13 20:52:40  [ cluster-ClusterId{value='613f499851300a6a0e8289e5', description='null'}-mongo-test-01.allintechinc.com:27017:107 ] - [ INFO ]  Discovered cluster type of STANDALONE
2021-09-13 20:52:41  [ main:209 ] - [ INFO ]  Opened connection [connectionId{localValue:2, serverValue:15045}] to mongo-test-01.allintechinc.com:27017
2021-09-13 20:53:24  [ main:0 ] - [ INFO ]  Cluster created with settings {hosts=[mongo-test-01.allintechinc.com:27017], mode=MULTIPLE, requiredClusterType=UNKNOWN, serverSelectionTimeout='30000 ms', maxWaitQueueSize=500}
2021-09-13 20:53:24  [ main:0 ] - [ INFO ]  Adding discovered server mongo-test-01.allintechinc.com:27017 to client view of cluster
2021-09-13 20:53:24  [ cluster-ClusterId{value='613f49c489a92d03f8076a6b', description='null'}-mongo-test-01.allintechinc.com:27017:79 ] - [ INFO ]  Opened connection [connectionId{localValue:1, serverValue:15046}] to mongo-test-01.allintechinc.com:27017
2021-09-13 20:53:25  [ main:93 ] - [ INFO ]  Cluster description not yet available. Waiting for 30000 ms before timing out
2021-09-13 20:53:25  [ cluster-ClusterId{value='613f49c489a92d03f8076a6b', description='null'}-mongo-test-01.allintechinc.com:27017:106 ] - [ INFO ]  Monitor thread successfully connected to server with description ServerDescription{address=mongo-test-01.allintechinc.com:27017, type=STANDALONE, state=CONNECTED, ok=true, version=ServerVersion{versionList=[4, 2, 10]}, minWireVersion=0, maxWireVersion=8, maxDocumentSize=16777216, logicalSessionTimeoutMinutes=30, roundTripTimeNanos=25353900}
2021-09-13 20:53:25  [ cluster-ClusterId{value='613f49c489a92d03f8076a6b', description='null'}-mongo-test-01.allintechinc.com:27017:107 ] - [ INFO ]  Discovered cluster type of STANDALONE
2021-09-13 20:53:25  [ main:211 ] - [ INFO ]  Opened connection [connectionId{localValue:2, serverValue:15047}] to mongo-test-01.allintechinc.com:27017
2021-09-13 20:54:11  [ main:0 ] - [ INFO ]  Cluster created with settings {hosts=[mongo-test-01.allintechinc.com:27017], mode=MULTIPLE, requiredClusterType=UNKNOWN, serverSelectionTimeout='30000 ms', maxWaitQueueSize=500}
2021-09-13 20:54:11  [ main:1 ] - [ INFO ]  Adding discovered server mongo-test-01.allintechinc.com:27017 to client view of cluster
2021-09-13 20:54:11  [ cluster-ClusterId{value='613f49f3d0ddaf55c0a1b85b', description='null'}-mongo-test-01.allintechinc.com:27017:83 ] - [ INFO ]  Opened connection [connectionId{localValue:1, serverValue:15048}] to mongo-test-01.allintechinc.com:27017
2021-09-13 20:54:11  [ main:91 ] - [ INFO ]  Cluster description not yet available. Waiting for 30000 ms before timing out
2021-09-13 20:54:11  [ cluster-ClusterId{value='613f49f3d0ddaf55c0a1b85b', description='null'}-mongo-test-01.allintechinc.com:27017:110 ] - [ INFO ]  Monitor thread successfully connected to server with description ServerDescription{address=mongo-test-01.allintechinc.com:27017, type=STANDALONE, state=CONNECTED, ok=true, version=ServerVersion{versionList=[4, 2, 10]}, minWireVersion=0, maxWireVersion=8, maxDocumentSize=16777216, logicalSessionTimeoutMinutes=30, roundTripTimeNanos=25684300}
2021-09-13 20:54:11  [ cluster-ClusterId{value='613f49f3d0ddaf55c0a1b85b', description='null'}-mongo-test-01.allintechinc.com:27017:111 ] - [ INFO ]  Discovered cluster type of STANDALONE
2021-09-13 20:54:11  [ main:267 ] - [ INFO ]  Opened connection [connectionId{localValue:2, serverValue:15049}] to mongo-test-01.allintechinc.com:27017
