2022-02-20 21:09:15  [ main:0 ] - [ INFO ]  ------FullExecuteAndLimit start------
2022-02-20 21:09:17  [ main:1136 ] - [ INFO ]  获取用户:51905033，余额:402.0767212000000000，hold:97.1849910000000000
2022-02-20 21:09:17  [ main:1137 ] - [ INFO ]  下单前，balance:402.0767212000000000,hold:97.1849910000000000
2022-02-20 21:09:17  [ main:2036 ] - [ INFO ]  下单参数:::{"positionType":"execute","quantity":"1","direction":"short","leverage":31,"quantityUnit":1,"positionModel":1,"contractType":1}
2022-02-20 21:09:18  [ main:2831 ] - [ INFO ]  下单返回结果:{"code":9008,"data":null,"msg":"可用保证金不足"}
2022-02-20 21:09:19  [ main:3837 ] - [ INFO ]  position_action表仓位:null,信息:{}
2022-02-20 21:09:20  [ main:4612 ] - [ INFO ]  币种名称:btc,合约面值:0.0010000000000000
2022-02-20 21:13:42  [ main:0 ] - [ INFO ]  ------FullExecuteAndLimit start------
2022-02-20 21:13:43  [ main:1367 ] - [ INFO ]  获取用户:51905033，余额:1402.0767212000000000，hold:97.1849910000000000
2022-02-20 21:13:43  [ main:1368 ] - [ INFO ]  下单前，balance:1402.0767212000000000,hold:97.1849910000000000
2022-02-20 21:13:44  [ main:2165 ] - [ INFO ]  下单参数:::{"positionType":"execute","quantity":"1","direction":"short","leverage":31,"quantityUnit":1,"positionModel":1,"contractType":1}
2022-02-20 21:13:45  [ main:3030 ] - [ INFO ]  下单返回结果:{"code":0,"data":84,"msg":""}
2022-02-20 21:13:46  [ main:4108 ] - [ INFO ]  position_action表仓位:84,信息:{"leverage":31.0000,"margin":1.2479356200000000,"quantity":1.0000000000000000,"open_price":38212.7000000000000000,"order_id":84}
2022-02-20 21:13:47  [ main:4873 ] - [ INFO ]  币种名称:btc,合约面值:0.0010000000000000
2022-02-20 21:13:50  [ main:7898 ] - [ INFO ]  获取用户:51905033，余额:1402.0614361200000000，hold:97.1849910000000000
2022-02-20 21:13:50  [ main:7898 ] - [ INFO ]  下单后，balance:1402.0614361200000000,hold:97.1849910000000000
2022-02-20 21:13:50  [ main:7898 ] - [ INFO ]  ------FullExecuteAndLimit end------
2022-02-20 21:46:34  [ main:0 ] - [ INFO ]  ------FullExecuteAndLimit start------
2022-02-20 21:46:35  [ main:1060 ] - [ INFO ]  获取用户:51905033，余额:402.0614361200000000，hold:97.1849910000000000
2022-02-20 21:46:35  [ main:1060 ] - [ INFO ]  下单前，balance:402.0614361200000000,hold:97.1849910000000000
2022-02-20 21:46:36  [ main:1995 ] - [ INFO ]  下单参数:::{"positionType":"execute","quantity":"1","direction":"short","leverage":31,"quantityUnit":1,"positionModel":1,"contractType":1}
2022-02-20 21:46:38  [ main:4417 ] - [ INFO ]  下单返回结果:{"code":9008,"data":null,"msg":"可用保证金不足"}
2022-02-20 21:51:10  [ main:0 ] - [ INFO ]  ------FullExecuteAndLimit start------
2022-02-20 21:51:11  [ main:1043 ] - [ INFO ]  获取用户:51905033，余额:402.0614361200000000，hold:97.1849910000000000
2022-02-20 21:51:11  [ main:1043 ] - [ INFO ]  下单前，balance:402.0614361200000000,hold:97.1849910000000000
2022-02-20 21:51:12  [ main:2235 ] - [ INFO ]  下单参数:::{"positionType":"execute","quantity":"1","direction":"short","leverage":31,"quantityUnit":1,"positionModel":1,"contractType":1}
2022-02-20 21:51:13  [ main:3339 ] - [ INFO ]  下单返回结果:{"code":9008,"data":null,"msg":"可用保证金不足"}
2022-02-20 21:51:14  [ main:4331 ] - [ INFO ]  position_action表仓位:null,信息:{}
2022-02-20 21:51:16  [ main:5550 ] - [ INFO ]  币种名称:btc,合约面值:0.0010000000000000
2022-02-20 21:51:16  [ main:6333 ] - [ INFO ]  ------FullExecuteAndLimit end------
