2020-08-31 10:17:54.190 [main] WARN  org.springframework.boot.StartupInfoLogger - InetAddress.getLocalHost().getHostName() took 5003 milliseconds to respond. Please verify your network configuration (macOS machines may need to add entries to /etc/hosts).
2020-08-31 10:17:59.208 [main] INFO  com.zmj.ZmjApplication - Starting ZmjApplication on gaihongweideMacBook-Air.local with PID 11981 (/Users/gaihongwei/tools/eclipse/workspace/zmj01/target/classes started by gaihongwei in /Users/gaihongwei/tools/eclipse/workspace/zmj01)
2020-08-31 10:17:59.209 [main] INFO  com.zmj.ZmjApplication - No active profile set, falling back to default profiles: default
2020-08-31 10:18:00.878 [main] WARN  org.mybatis.spring.mapper.ClassPathMapperScanner - Skipping MapperFactoryBean with name 'btcDao' and 'com.zmj.dao.btcd.BtcDao' mapperInterface. Bean already defined with the same name!
2020-08-31 10:18:00.878 [main] WARN  org.mybatis.spring.mapper.ClassPathMapperScanner - Skipping MapperFactoryBean with name 'tbCurrencyInfoDao' and 'com.zmj.dao.currency.TbCurrencyInfoDao' mapperInterface. Bean already defined with the same name!
2020-08-31 10:18:00.879 [main] WARN  org.mybatis.spring.mapper.ClassPathMapperScanner - Skipping MapperFactoryBean with name 'mainDao' and 'com.zmj.dao.orther.base.MainDao' mapperInterface. Bean already defined with the same name!
2020-08-31 10:18:00.879 [main] WARN  org.mybatis.spring.mapper.ClassPathMapperScanner - Skipping MapperFactoryBean with name 'documentarySmsDao' and 'com.zmj.dao.orther.future.DocumentarySmsDao' mapperInterface. Bean already defined with the same name!
2020-08-31 10:18:00.879 [main] WARN  org.mybatis.spring.mapper.ClassPathMapperScanner - Skipping MapperFactoryBean with name 'fexDao' and 'com.zmj.dao.orther.regular.FexDao' mapperInterface. Bean already defined with the same name!
2020-08-31 10:18:00.879 [main] WARN  org.mybatis.spring.mapper.ClassPathMapperScanner - No MyBatis mapper was found in '[com.zmj.dao]' package. Please check your configuration.
2020-08-31 10:18:01.302 [main] INFO  o.s.d.r.config.RepositoryConfigurationDelegate - Multiple Spring Data modules found, entering strict repository configuration mode!
2020-08-31 10:18:01.313 [main] INFO  o.s.d.r.config.RepositoryConfigurationDelegate - Bootstrapping Spring Data Redis repositories in DEFAULT mode.
2020-08-31 10:18:01.429 [main] INFO  o.s.d.r.config.RepositoryConfigurationDelegate - Finished Spring Data repository scanning in 53ms. Found 0 Redis repository interfaces.
2020-08-31 10:18:03.099 [main] INFO  o.s.boot.web.embedded.tomcat.TomcatWebServer - Tomcat initialized with port(s): 19111 (http)
2020-08-31 10:18:03.128 [main] INFO  org.apache.coyote.http11.Http11NioProtocol - Initializing ProtocolHandler ["http-nio-19111"]
2020-08-31 10:18:03.129 [main] INFO  org.apache.catalina.core.StandardService - Starting service [Tomcat]
2020-08-31 10:18:03.129 [main] INFO  org.apache.catalina.core.StandardEngine - Starting Servlet engine: [Apache Tomcat/9.0.37]
2020-08-31 10:18:03.400 [main] INFO  o.a.c.core.ContainerBase.[Tomcat].[localhost].[/] - Initializing Spring embedded WebApplicationContext
2020-08-31 10:18:03.400 [main] INFO  o.s.b.w.s.c.ServletWebServerApplicationContext - Root WebApplicationContext: initialization completed in 4060 ms
2020-08-31 10:18:05.304 [main] INFO  o.s.scheduling.concurrent.ThreadPoolTaskExecutor - Initializing ExecutorService 'applicationTaskExecutor'
2020-08-31 10:18:05.523 [main] INFO  o.s.b.a.web.servlet.WelcomePageHandlerMapping - Adding welcome page: class path resource [static/index.html]
2020-08-31 10:18:06.626 [main] INFO  org.apache.coyote.http11.Http11NioProtocol - Starting ProtocolHandler ["http-nio-19111"]
2020-08-31 10:18:06.714 [main] INFO  o.s.boot.web.embedded.tomcat.TomcatWebServer - Tomcat started on port(s): 19111 (http) with context path ''
2020-08-31 10:18:06.742 [main] INFO  com.zmj.ZmjApplication - Started ZmjApplication in 29.411 seconds (JVM running for 31.081)
2020-08-31 10:18:43.569 [http-nio-19111-exec-1] INFO  o.a.c.core.ContainerBase.[Tomcat].[localhost].[/] - Initializing Spring DispatcherServlet 'dispatcherServlet'
2020-08-31 10:18:43.570 [http-nio-19111-exec-1] INFO  org.springframework.web.servlet.DispatcherServlet - Initializing Servlet 'dispatcherServlet'
2020-08-31 10:18:43.586 [http-nio-19111-exec-1] INFO  org.springframework.web.servlet.DispatcherServlet - Completed initialization in 16 ms
2020-08-31 10:18:45.130 [http-nio-19111-exec-3] INFO  com.zaxxer.hikari.HikariDataSource - HikariPool-1 - Starting...
2020-08-31 10:18:45.706 [http-nio-19111-exec-3] INFO  com.zaxxer.hikari.HikariDataSource - HikariPool-1 - Start completed.
2020-08-31 10:19:02.184 [http-nio-19111-exec-6] INFO  com.zmj.controller.btcd.BtcController - {"result":16612,"error":null,"id":"curltest"}
2020-08-31 10:19:16.496 [SpringContextShutdownHook] INFO  o.s.scheduling.concurrent.ThreadPoolTaskExecutor - Shutting down ExecutorService 'applicationTaskExecutor'
2020-08-31 10:19:16.498 [SpringContextShutdownHook] INFO  com.zaxxer.hikari.HikariDataSource - HikariPool-1 - Shutdown initiated...
2020-08-31 10:19:16.504 [SpringContextShutdownHook] INFO  com.zaxxer.hikari.HikariDataSource - HikariPool-1 - Shutdown completed.
2020-08-31 11:38:30.816 [main] WARN  org.springframework.boot.StartupInfoLogger - InetAddress.getLocalHost().getHostName() took 5003 milliseconds to respond. Please verify your network configuration (macOS machines may need to add entries to /etc/hosts).
2020-08-31 11:38:35.829 [main] INFO  com.zmj.ZmjApplication - Starting ZmjApplication on gaihongweideMacBook-Air.local with PID 12628 (/Users/gaihongwei/tools/eclipse/workspace/zmj01/target/classes started by gaihongwei in /Users/gaihongwei/tools/eclipse/workspace/zmj01)
2020-08-31 11:38:35.831 [main] INFO  com.zmj.ZmjApplication - No active profile set, falling back to default profiles: default
2020-08-31 11:38:36.827 [main] WARN  org.mybatis.spring.mapper.ClassPathMapperScanner - Skipping MapperFactoryBean with name 'btcDao' and 'com.zmj.dao.btcd.BtcDao' mapperInterface. Bean already defined with the same name!
2020-08-31 11:38:36.828 [main] WARN  org.mybatis.spring.mapper.ClassPathMapperScanner - Skipping MapperFactoryBean with name 'tbCurrencyInfoDao' and 'com.zmj.dao.currency.TbCurrencyInfoDao' mapperInterface. Bean already defined with the same name!
2020-08-31 11:38:36.828 [main] WARN  org.mybatis.spring.mapper.ClassPathMapperScanner - Skipping MapperFactoryBean with name 'mainDao' and 'com.zmj.dao.orther.base.MainDao' mapperInterface. Bean already defined with the same name!
2020-08-31 11:38:36.828 [main] WARN  org.mybatis.spring.mapper.ClassPathMapperScanner - Skipping MapperFactoryBean with name 'documentarySmsDao' and 'com.zmj.dao.orther.future.DocumentarySmsDao' mapperInterface. Bean already defined with the same name!
2020-08-31 11:38:36.828 [main] WARN  org.mybatis.spring.mapper.ClassPathMapperScanner - Skipping MapperFactoryBean with name 'fexDao' and 'com.zmj.dao.orther.regular.FexDao' mapperInterface. Bean already defined with the same name!
2020-08-31 11:38:36.828 [main] WARN  org.mybatis.spring.mapper.ClassPathMapperScanner - No MyBatis mapper was found in '[com.zmj.dao]' package. Please check your configuration.
2020-08-31 11:38:37.032 [main] INFO  o.s.d.r.config.RepositoryConfigurationDelegate - Multiple Spring Data modules found, entering strict repository configuration mode!
2020-08-31 11:38:37.039 [main] INFO  o.s.d.r.config.RepositoryConfigurationDelegate - Bootstrapping Spring Data Redis repositories in DEFAULT mode.
2020-08-31 11:38:37.098 [main] INFO  o.s.d.r.config.RepositoryConfigurationDelegate - Finished Spring Data repository scanning in 38ms. Found 0 Redis repository interfaces.
2020-08-31 11:38:38.158 [main] INFO  o.s.boot.web.embedded.tomcat.TomcatWebServer - Tomcat initialized with port(s): 19111 (http)
2020-08-31 11:38:38.192 [main] INFO  org.apache.coyote.http11.Http11NioProtocol - Initializing ProtocolHandler ["http-nio-19111"]
2020-08-31 11:38:38.193 [main] INFO  org.apache.catalina.core.StandardService - Starting service [Tomcat]
2020-08-31 11:38:38.193 [main] INFO  org.apache.catalina.core.StandardEngine - Starting Servlet engine: [Apache Tomcat/9.0.37]
2020-08-31 11:38:38.483 [main] INFO  o.a.c.core.ContainerBase.[Tomcat].[localhost].[/] - Initializing Spring embedded WebApplicationContext
2020-08-31 11:38:38.484 [main] INFO  o.s.b.w.s.c.ServletWebServerApplicationContext - Root WebApplicationContext: initialization completed in 2564 ms
2020-08-31 11:38:39.804 [main] INFO  o.s.scheduling.concurrent.ThreadPoolTaskExecutor - Initializing ExecutorService 'applicationTaskExecutor'
2020-08-31 11:38:39.954 [main] INFO  o.s.b.a.web.servlet.WelcomePageHandlerMapping - Adding welcome page: class path resource [static/index.html]
2020-08-31 11:38:40.628 [main] INFO  org.apache.coyote.http11.Http11NioProtocol - Starting ProtocolHandler ["http-nio-19111"]
2020-08-31 11:38:40.690 [main] INFO  o.s.boot.web.embedded.tomcat.TomcatWebServer - Tomcat started on port(s): 19111 (http) with context path ''
2020-08-31 11:38:40.724 [main] INFO  com.zmj.ZmjApplication - Started ZmjApplication in 26.089 seconds (JVM running for 27.11)
2020-08-31 11:38:43.971 [http-nio-19111-exec-1] INFO  o.a.c.core.ContainerBase.[Tomcat].[localhost].[/] - Initializing Spring DispatcherServlet 'dispatcherServlet'
2020-08-31 11:38:43.972 [http-nio-19111-exec-1] INFO  org.springframework.web.servlet.DispatcherServlet - Initializing Servlet 'dispatcherServlet'
2020-08-31 11:38:43.995 [http-nio-19111-exec-1] INFO  org.springframework.web.servlet.DispatcherServlet - Completed initialization in 22 ms
2020-08-31 11:38:45.030 [http-nio-19111-exec-9] INFO  com.zaxxer.hikari.HikariDataSource - HikariPool-1 - Starting...
2020-08-31 11:38:45.613 [http-nio-19111-exec-9] INFO  com.zaxxer.hikari.HikariDataSource - HikariPool-1 - Start completed.
