2020-07-11 22:56:50.876  INFO 1855 --- [main] com.test.Application                     : Starting Application on gaihongweideMacBook-Air.local with PID 1855 (/Users/gaihongwei/tools/eclipse/workspace/springboot-learning-example-master/springboot-learning-example-master/58coin/target/classes started by gaihongwei in /Users/gaihongwei/tools/eclipse/workspace/springboot-learning-example-master/springboot-learning-example-master/58coin)
2020-07-11 22:56:50.891  INFO 1855 --- [main] com.test.Application                     : No active profile set, falling back to default profiles: default
2020-07-11 22:56:52.892  INFO 1855 --- [main] .s.d.r.c.RepositoryConfigurationDelegate : Multiple Spring Data modules found, entering strict repository configuration mode!
2020-07-11 22:56:52.903  INFO 1855 --- [main] .s.d.r.c.RepositoryConfigurationDelegate : Bootstrapping Spring Data repositories in DEFAULT mode.
2020-07-11 22:56:52.975  INFO 1855 --- [main] .s.d.r.c.RepositoryConfigurationDelegate : Finished Spring Data repository scanning in 28ms. Found 0 repository interfaces.
2020-07-11 22:56:53.957  INFO 1855 --- [main] trationDelegate$BeanPostProcessorChecker : Bean 'org.springframework.transaction.annotation.ProxyTransactionManagementConfiguration' of type [org.springframework.transaction.annotation.ProxyTransactionManagementConfiguration] is not eligible for getting processed by all BeanPostProcessors (for example: not eligible for auto-proxying)
2020-07-11 22:56:54.982  INFO 1855 --- [main] o.s.b.w.embedded.tomcat.TomcatWebServer  : Tomcat initialized with port(s): 10010 (http)
2020-07-11 22:56:55.014  INFO 1855 --- [main] o.apache.catalina.core.StandardService   : Starting service [Tomcat]
2020-07-11 22:56:55.014  INFO 1855 --- [main] org.apache.catalina.core.StandardEngine  : Starting Servlet engine: [Apache Tomcat/9.0.27]
2020-07-11 22:56:55.286  INFO 1855 --- [main] o.a.c.c.C.[Tomcat].[localhost].[/]       : Initializing Spring embedded WebApplicationContext
2020-07-11 22:56:55.287  INFO 1855 --- [main] o.s.web.context.ContextLoader            : Root WebApplicationContext: initialization completed in 4261 ms
2020-07-11 22:56:56.444  INFO 1855 --- [main] o.s.s.concurrent.ThreadPoolTaskExecutor  : Initializing ExecutorService 'applicationTaskExecutor'
2020-07-11 22:56:57.919  INFO 1855 --- [main] o.s.b.w.embedded.tomcat.TomcatWebServer  : Tomcat started on port(s): 10010 (http) with context path ''
2020-07-11 22:56:57.926  INFO 1855 --- [main] com.test.Application                     : Started Application in 8.797 seconds (JVM running for 9.899)
2020-07-11 22:58:28.361  INFO 1855 --- [http-nio-10010-exec-1] o.a.c.c.C.[Tomcat].[localhost].[/]       : Initializing Spring DispatcherServlet 'dispatcherServlet'
2020-07-11 22:58:28.362  INFO 1855 --- [http-nio-10010-exec-1] o.s.web.servlet.DispatcherServlet        : Initializing Servlet 'dispatcherServlet'
2020-07-11 22:58:28.377  INFO 1855 --- [http-nio-10010-exec-1] o.s.web.servlet.DispatcherServlet        : Completed initialization in 15 ms
2020-07-11 22:58:28.430  WARN 1855 --- [http-nio-10010-exec-1] .w.s.m.s.DefaultHandlerExceptionResolver : Resolved [org.springframework.web.bind.MissingServletRequestParameterException: Required String parameter 'mobile' is not present]
2020-07-11 22:58:58.222 ERROR 1855 --- [http-nio-10010-exec-3] com.alibaba.druid.pool.DruidDataSource   : testWhileIdle is true, validationQuery not set
2020-07-11 22:58:58.246  INFO 1855 --- [http-nio-10010-exec-3] com.alibaba.druid.pool.DruidDataSource   : {dataSource-1} inited
2020-07-11 22:59:00.826 DEBUG 1855 --- [http-nio-10010-exec-3] c.t.d.userBaseInfo.UserDao.findByMobile  : ==>  Preparing: select id,mobile from user_base_info where mobile = ? 
2020-07-11 22:59:00.866 DEBUG 1855 --- [http-nio-10010-exec-3] c.t.d.userBaseInfo.UserDao.findByMobile  : ==> Parameters: 13020071928(String)
2020-07-11 22:59:00.927 DEBUG 1855 --- [http-nio-10010-exec-3] c.t.d.userBaseInfo.UserDao.findByMobile  : <==      Total: 1
2020-07-11 23:01:37.819 DEBUG 1855 --- [http-nio-10010-exec-6] com.test.dao.userBaseInfo.UserDao.sms    : ==>  Preparing: select keywords from sms_record_2020 WHERE mobile = ? order by send_time desc limit 0,1 
2020-07-11 23:01:37.821 DEBUG 1855 --- [http-nio-10010-exec-6] com.test.dao.userBaseInfo.UserDao.sms    : ==> Parameters: 13020071928(String)
2020-07-11 23:01:37.993 DEBUG 1855 --- [http-nio-10010-exec-6] com.test.dao.userBaseInfo.UserDao.sms    : <==      Total: 1
2020-07-11 23:01:37.995  INFO 1855 --- [http-nio-10010-exec-6] com.test.controller.UserController       : 短信验证码Sms(keywords=35163)
2020-07-11 23:01:47.518 DEBUG 1855 --- [http-nio-10010-exec-7] com.test.dao.userBaseInfo.UserDao.sms    : ==>  Preparing: select keywords from sms_record_2020 WHERE mobile = ? order by send_time desc limit 0,1 
2020-07-11 23:01:47.524 DEBUG 1855 --- [http-nio-10010-exec-7] com.test.dao.userBaseInfo.UserDao.sms    : ==> Parameters: 13020071928(String)
2020-07-11 23:01:49.614 DEBUG 1855 --- [http-nio-10010-exec-7] com.test.dao.userBaseInfo.UserDao.sms    : <==      Total: 1
2020-07-11 23:01:49.615  INFO 1855 --- [http-nio-10010-exec-7] com.test.controller.UserController       : 短信验证码Sms(keywords=35163)
2020-07-11 23:51:01.519  INFO 1855 --- [SpringContextShutdownHook] o.s.s.concurrent.ThreadPoolTaskExecutor  : Shutting down ExecutorService 'applicationTaskExecutor'
2020-07-11 23:51:01.522  INFO 1855 --- [SpringContextShutdownHook] com.alibaba.druid.pool.DruidDataSource   : {dataSource-1} closed
